Vivado Simulator 2018.3
Time resolution is 1 ps
Note:     internalQ='U'
Time: 0 ps  Iteration: 0  Process: /FF_D_TB/testing_unit/main_process  File: C:/Users/HP G4/Desktop/LABORATORIOS DIGITAL/Grupo1_Lab7/Grupo1_Lab7.srcs/sources_1/new/Flip_Flop_D.vhd
Note: Tic tac.. testClock='0'
Time: 0 ps  Iteration: 0  Process: /FF_D_TB/generate_100Mhzs_clock  File: C:/Users/HP G4/Desktop/LABORATORIOS DIGITAL/Grupo1_Lab7/Grupo1_Lab7.srcs/sim_1/new/FF_D_TB.vhd
Note: Procesando tic tac.. clock='1'
Time: 0 ps  Iteration: 1  Process: /FF_D_TB/testing_unit/main_process  File: C:/Users/HP G4/Desktop/LABORATORIOS DIGITAL/Grupo1_Lab7/Grupo1_Lab7.srcs/sources_1/new/Flip_Flop_D.vhd
Note:     D='U'
Time: 0 ps  Iteration: 1  Process: /FF_D_TB/testing_unit/main_process  File: C:/Users/HP G4/Desktop/LABORATORIOS DIGITAL/Grupo1_Lab7/Grupo1_Lab7.srcs/sources_1/new/Flip_Flop_D.vhd
Note:     internalQ='U'
Time: 0 ps  Iteration: 1  Process: /FF_D_TB/testing_unit/main_process  File: C:/Users/HP G4/Desktop/LABORATORIOS DIGITAL/Grupo1_Lab7/Grupo1_Lab7.srcs/sources_1/new/Flip_Flop_D.vhd
Note: Tic tac.. testClock='1'
Time: 5 ns  Iteration: 0  Process: /FF_D_TB/generate_100Mhzs_clock  File: C:/Users/HP G4/Desktop/LABORATORIOS DIGITAL/Grupo1_Lab7/Grupo1_Lab7.srcs/sim_1/new/FF_D_TB.vhd
Note:     internalQ='U'
Time: 5 ns  Iteration: 1  Process: /FF_D_TB/testing_unit/main_process  File: C:/Users/HP G4/Desktop/LABORATORIOS DIGITAL/Grupo1_Lab7/Grupo1_Lab7.srcs/sources_1/new/Flip_Flop_D.vhd
Note: Tic tac.. testClock='0'
Time: 10 ns  Iteration: 0  Process: /FF_D_TB/generate_100Mhzs_clock  File: C:/Users/HP G4/Desktop/LABORATORIOS DIGITAL/Grupo1_Lab7/Grupo1_Lab7.srcs/sim_1/new/FF_D_TB.vhd
Note: Procesando tic tac.. clock='1'
Time: 10 ns  Iteration: 1  Process: /FF_D_TB/testing_unit/main_process  File: C:/Users/HP G4/Desktop/LABORATORIOS DIGITAL/Grupo1_Lab7/Grupo1_Lab7.srcs/sources_1/new/Flip_Flop_D.vhd
Note:     D='U'
Time: 10 ns  Iteration: 1  Process: /FF_D_TB/testing_unit/main_process  File: C:/Users/HP G4/Desktop/LABORATORIOS DIGITAL/Grupo1_Lab7/Grupo1_Lab7.srcs/sources_1/new/Flip_Flop_D.vhd
Note:     internalQ='U'
Time: 10 ns  Iteration: 1  Process: /FF_D_TB/testing_unit/main_process  File: C:/Users/HP G4/Desktop/LABORATORIOS DIGITAL/Grupo1_Lab7/Grupo1_Lab7.srcs/sources_1/new/Flip_Flop_D.vhd
Note: Tic tac.. testClock='1'
Time: 15 ns  Iteration: 0  Process: /FF_D_TB/generate_100Mhzs_clock  File: C:/Users/HP G4/Desktop/LABORATORIOS DIGITAL/Grupo1_Lab7/Grupo1_Lab7.srcs/sim_1/new/FF_D_TB.vhd
Note:     internalQ='U'
Time: 15 ns  Iteration: 1  Process: /FF_D_TB/testing_unit/main_process  File: C:/Users/HP G4/Desktop/LABORATORIOS DIGITAL/Grupo1_Lab7/Grupo1_Lab7.srcs/sources_1/new/Flip_Flop_D.vhd
Note: Tic tac.. testClock='0'
Time: 20 ns  Iteration: 0  Process: /FF_D_TB/generate_100Mhzs_clock  File: C:/Users/HP G4/Desktop/LABORATORIOS DIGITAL/Grupo1_Lab7/Grupo1_Lab7.srcs/sim_1/new/FF_D_TB.vhd
Note: Procesando tic tac.. clock='1'
Time: 20 ns  Iteration: 1  Process: /FF_D_TB/testing_unit/main_process  File: C:/Users/HP G4/Desktop/LABORATORIOS DIGITAL/Grupo1_Lab7/Grupo1_Lab7.srcs/sources_1/new/Flip_Flop_D.vhd
Note:     D='0'
Time: 20 ns  Iteration: 1  Process: /FF_D_TB/testing_unit/main_process  File: C:/Users/HP G4/Desktop/LABORATORIOS DIGITAL/Grupo1_Lab7/Grupo1_Lab7.srcs/sources_1/new/Flip_Flop_D.vhd
Note:     internalQ='U'
Time: 20 ns  Iteration: 1  Process: /FF_D_TB/testing_unit/main_process  File: C:/Users/HP G4/Desktop/LABORATORIOS DIGITAL/Grupo1_Lab7/Grupo1_Lab7.srcs/sources_1/new/Flip_Flop_D.vhd
Note: Tic tac.. testClock='1'
Time: 25 ns  Iteration: 0  Process: /FF_D_TB/generate_100Mhzs_clock  File: C:/Users/HP G4/Desktop/LABORATORIOS DIGITAL/Grupo1_Lab7/Grupo1_Lab7.srcs/sim_1/new/FF_D_TB.vhd
Note:     internalQ='0'
Time: 25 ns  Iteration: 1  Process: /FF_D_TB/testing_unit/main_process  File: C:/Users/HP G4/Desktop/LABORATORIOS DIGITAL/Grupo1_Lab7/Grupo1_Lab7.srcs/sources_1/new/Flip_Flop_D.vhd
Note: Tic tac.. testClock='0'
Time: 30 ns  Iteration: 0  Process: /FF_D_TB/generate_100Mhzs_clock  File: C:/Users/HP G4/Desktop/LABORATORIOS DIGITAL/Grupo1_Lab7/Grupo1_Lab7.srcs/sim_1/new/FF_D_TB.vhd
Note: Procesando tic tac.. clock='1'
Time: 30 ns  Iteration: 1  Process: /FF_D_TB/testing_unit/main_process  File: C:/Users/HP G4/Desktop/LABORATORIOS DIGITAL/Grupo1_Lab7/Grupo1_Lab7.srcs/sources_1/new/Flip_Flop_D.vhd
Note:     D='0'
Time: 30 ns  Iteration: 1  Process: /FF_D_TB/testing_unit/main_process  File: C:/Users/HP G4/Desktop/LABORATORIOS DIGITAL/Grupo1_Lab7/Grupo1_Lab7.srcs/sources_1/new/Flip_Flop_D.vhd
Note:     internalQ='0'
Time: 30 ns  Iteration: 1  Process: /FF_D_TB/testing_unit/main_process  File: C:/Users/HP G4/Desktop/LABORATORIOS DIGITAL/Grupo1_Lab7/Grupo1_Lab7.srcs/sources_1/new/Flip_Flop_D.vhd
Note: Tic tac.. testClock='1'
Time: 35 ns  Iteration: 0  Process: /FF_D_TB/generate_100Mhzs_clock  File: C:/Users/HP G4/Desktop/LABORATORIOS DIGITAL/Grupo1_Lab7/Grupo1_Lab7.srcs/sim_1/new/FF_D_TB.vhd
Note:     internalQ='0'
Time: 35 ns  Iteration: 1  Process: /FF_D_TB/testing_unit/main_process  File: C:/Users/HP G4/Desktop/LABORATORIOS DIGITAL/Grupo1_Lab7/Grupo1_Lab7.srcs/sources_1/new/Flip_Flop_D.vhd
Note: Tic tac.. testClock='0'
Time: 40 ns  Iteration: 0  Process: /FF_D_TB/generate_100Mhzs_clock  File: C:/Users/HP G4/Desktop/LABORATORIOS DIGITAL/Grupo1_Lab7/Grupo1_Lab7.srcs/sim_1/new/FF_D_TB.vhd
Note: Procesando tic tac.. clock='1'
Time: 40 ns  Iteration: 1  Process: /FF_D_TB/testing_unit/main_process  File: C:/Users/HP G4/Desktop/LABORATORIOS DIGITAL/Grupo1_Lab7/Grupo1_Lab7.srcs/sources_1/new/Flip_Flop_D.vhd
Note:     D='1'
Time: 40 ns  Iteration: 1  Process: /FF_D_TB/testing_unit/main_process  File: C:/Users/HP G4/Desktop/LABORATORIOS DIGITAL/Grupo1_Lab7/Grupo1_Lab7.srcs/sources_1/new/Flip_Flop_D.vhd
Note:     internalQ='0'
Time: 40 ns  Iteration: 1  Process: /FF_D_TB/testing_unit/main_process  File: C:/Users/HP G4/Desktop/LABORATORIOS DIGITAL/Grupo1_Lab7/Grupo1_Lab7.srcs/sources_1/new/Flip_Flop_D.vhd
Note: Tic tac.. testClock='1'
Time: 45 ns  Iteration: 0  Process: /FF_D_TB/generate_100Mhzs_clock  File: C:/Users/HP G4/Desktop/LABORATORIOS DIGITAL/Grupo1_Lab7/Grupo1_Lab7.srcs/sim_1/new/FF_D_TB.vhd
Note:     internalQ='1'
Time: 45 ns  Iteration: 1  Process: /FF_D_TB/testing_unit/main_process  File: C:/Users/HP G4/Desktop/LABORATORIOS DIGITAL/Grupo1_Lab7/Grupo1_Lab7.srcs/sources_1/new/Flip_Flop_D.vhd
Note: Tic tac.. testClock='0'
Time: 50 ns  Iteration: 0  Process: /FF_D_TB/generate_100Mhzs_clock  File: C:/Users/HP G4/Desktop/LABORATORIOS DIGITAL/Grupo1_Lab7/Grupo1_Lab7.srcs/sim_1/new/FF_D_TB.vhd
Note: Procesando tic tac.. clock='1'
Time: 50 ns  Iteration: 1  Process: /FF_D_TB/testing_unit/main_process  File: C:/Users/HP G4/Desktop/LABORATORIOS DIGITAL/Grupo1_Lab7/Grupo1_Lab7.srcs/sources_1/new/Flip_Flop_D.vhd
Note:     D='1'
Time: 50 ns  Iteration: 1  Process: /FF_D_TB/testing_unit/main_process  File: C:/Users/HP G4/Desktop/LABORATORIOS DIGITAL/Grupo1_Lab7/Grupo1_Lab7.srcs/sources_1/new/Flip_Flop_D.vhd
Note:     internalQ='1'
Time: 50 ns  Iteration: 1  Process: /FF_D_TB/testing_unit/main_process  File: C:/Users/HP G4/Desktop/LABORATORIOS DIGITAL/Grupo1_Lab7/Grupo1_Lab7.srcs/sources_1/new/Flip_Flop_D.vhd
Note: Tic tac.. testClock='1'
Time: 55 ns  Iteration: 0  Process: /FF_D_TB/generate_100Mhzs_clock  File: C:/Users/HP G4/Desktop/LABORATORIOS DIGITAL/Grupo1_Lab7/Grupo1_Lab7.srcs/sim_1/new/FF_D_TB.vhd
Note:     internalQ='1'
Time: 55 ns  Iteration: 1  Process: /FF_D_TB/testing_unit/main_process  File: C:/Users/HP G4/Desktop/LABORATORIOS DIGITAL/Grupo1_Lab7/Grupo1_Lab7.srcs/sources_1/new/Flip_Flop_D.vhd
Note: Tic tac.. testClock='0'
Time: 60 ns  Iteration: 0  Process: /FF_D_TB/generate_100Mhzs_clock  File: C:/Users/HP G4/Desktop/LABORATORIOS DIGITAL/Grupo1_Lab7/Grupo1_Lab7.srcs/sim_1/new/FF_D_TB.vhd
Note: Procesando tic tac.. clock='1'
Time: 60 ns  Iteration: 1  Process: /FF_D_TB/testing_unit/main_process  File: C:/Users/HP G4/Desktop/LABORATORIOS DIGITAL/Grupo1_Lab7/Grupo1_Lab7.srcs/sources_1/new/Flip_Flop_D.vhd
Note:     D='1'
Time: 60 ns  Iteration: 1  Process: /FF_D_TB/testing_unit/main_process  File: C:/Users/HP G4/Desktop/LABORATORIOS DIGITAL/Grupo1_Lab7/Grupo1_Lab7.srcs/sources_1/new/Flip_Flop_D.vhd
Note:     internalQ='1'
Time: 60 ns  Iteration: 1  Process: /FF_D_TB/testing_unit/main_process  File: C:/Users/HP G4/Desktop/LABORATORIOS DIGITAL/Grupo1_Lab7/Grupo1_Lab7.srcs/sources_1/new/Flip_Flop_D.vhd
Note: Tic tac.. testClock='1'
Time: 65 ns  Iteration: 0  Process: /FF_D_TB/generate_100Mhzs_clock  File: C:/Users/HP G4/Desktop/LABORATORIOS DIGITAL/Grupo1_Lab7/Grupo1_Lab7.srcs/sim_1/new/FF_D_TB.vhd
Note:     internalQ='1'
Time: 65 ns  Iteration: 1  Process: /FF_D_TB/testing_unit/main_process  File: C:/Users/HP G4/Desktop/LABORATORIOS DIGITAL/Grupo1_Lab7/Grupo1_Lab7.srcs/sources_1/new/Flip_Flop_D.vhd
Note: Tic tac.. testClock='0'
Time: 70 ns  Iteration: 0  Process: /FF_D_TB/generate_100Mhzs_clock  File: C:/Users/HP G4/Desktop/LABORATORIOS DIGITAL/Grupo1_Lab7/Grupo1_Lab7.srcs/sim_1/new/FF_D_TB.vhd
Note: Procesando tic tac.. clock='1'
Time: 70 ns  Iteration: 1  Process: /FF_D_TB/testing_unit/main_process  File: C:/Users/HP G4/Desktop/LABORATORIOS DIGITAL/Grupo1_Lab7/Grupo1_Lab7.srcs/sources_1/new/Flip_Flop_D.vhd
Note:     D='0'
Time: 70 ns  Iteration: 1  Process: /FF_D_TB/testing_unit/main_process  File: C:/Users/HP G4/Desktop/LABORATORIOS DIGITAL/Grupo1_Lab7/Grupo1_Lab7.srcs/sources_1/new/Flip_Flop_D.vhd
Note:     internalQ='1'
Time: 70 ns  Iteration: 1  Process: /FF_D_TB/testing_unit/main_process  File: C:/Users/HP G4/Desktop/LABORATORIOS DIGITAL/Grupo1_Lab7/Grupo1_Lab7.srcs/sources_1/new/Flip_Flop_D.vhd
Note: Tic tac.. testClock='1'
Time: 75 ns  Iteration: 0  Process: /FF_D_TB/generate_100Mhzs_clock  File: C:/Users/HP G4/Desktop/LABORATORIOS DIGITAL/Grupo1_Lab7/Grupo1_Lab7.srcs/sim_1/new/FF_D_TB.vhd
Note:     internalQ='0'
Time: 75 ns  Iteration: 1  Process: /FF_D_TB/testing_unit/main_process  File: C:/Users/HP G4/Desktop/LABORATORIOS DIGITAL/Grupo1_Lab7/Grupo1_Lab7.srcs/sources_1/new/Flip_Flop_D.vhd
Note: Tic tac.. testClock='0'
Time: 80 ns  Iteration: 0  Process: /FF_D_TB/generate_100Mhzs_clock  File: C:/Users/HP G4/Desktop/LABORATORIOS DIGITAL/Grupo1_Lab7/Grupo1_Lab7.srcs/sim_1/new/FF_D_TB.vhd
Note: Procesando tic tac.. clock='1'
Time: 80 ns  Iteration: 1  Process: /FF_D_TB/testing_unit/main_process  File: C:/Users/HP G4/Desktop/LABORATORIOS DIGITAL/Grupo1_Lab7/Grupo1_Lab7.srcs/sources_1/new/Flip_Flop_D.vhd
Note:     D='0'
Time: 80 ns  Iteration: 1  Process: /FF_D_TB/testing_unit/main_process  File: C:/Users/HP G4/Desktop/LABORATORIOS DIGITAL/Grupo1_Lab7/Grupo1_Lab7.srcs/sources_1/new/Flip_Flop_D.vhd
Note:     internalQ='0'
Time: 80 ns  Iteration: 1  Process: /FF_D_TB/testing_unit/main_process  File: C:/Users/HP G4/Desktop/LABORATORIOS DIGITAL/Grupo1_Lab7/Grupo1_Lab7.srcs/sources_1/new/Flip_Flop_D.vhd
Note: Tic tac.. testClock='1'
Time: 85 ns  Iteration: 0  Process: /FF_D_TB/generate_100Mhzs_clock  File: C:/Users/HP G4/Desktop/LABORATORIOS DIGITAL/Grupo1_Lab7/Grupo1_Lab7.srcs/sim_1/new/FF_D_TB.vhd
Note:     internalQ='0'
Time: 85 ns  Iteration: 1  Process: /FF_D_TB/testing_unit/main_process  File: C:/Users/HP G4/Desktop/LABORATORIOS DIGITAL/Grupo1_Lab7/Grupo1_Lab7.srcs/sources_1/new/Flip_Flop_D.vhd
Note: Tic tac.. testClock='0'
Time: 90 ns  Iteration: 0  Process: /FF_D_TB/generate_100Mhzs_clock  File: C:/Users/HP G4/Desktop/LABORATORIOS DIGITAL/Grupo1_Lab7/Grupo1_Lab7.srcs/sim_1/new/FF_D_TB.vhd
Note: Procesando tic tac.. clock='1'
Time: 90 ns  Iteration: 1  Process: /FF_D_TB/testing_unit/main_process  File: C:/Users/HP G4/Desktop/LABORATORIOS DIGITAL/Grupo1_Lab7/Grupo1_Lab7.srcs/sources_1/new/Flip_Flop_D.vhd
Note:     D='1'
Time: 90 ns  Iteration: 1  Process: /FF_D_TB/testing_unit/main_process  File: C:/Users/HP G4/Desktop/LABORATORIOS DIGITAL/Grupo1_Lab7/Grupo1_Lab7.srcs/sources_1/new/Flip_Flop_D.vhd
Note:     internalQ='0'
Time: 90 ns  Iteration: 1  Process: /FF_D_TB/testing_unit/main_process  File: C:/Users/HP G4/Desktop/LABORATORIOS DIGITAL/Grupo1_Lab7/Grupo1_Lab7.srcs/sources_1/new/Flip_Flop_D.vhd
Note: Tic tac.. testClock='1'
Time: 95 ns  Iteration: 0  Process: /FF_D_TB/generate_100Mhzs_clock  File: C:/Users/HP G4/Desktop/LABORATORIOS DIGITAL/Grupo1_Lab7/Grupo1_Lab7.srcs/sim_1/new/FF_D_TB.vhd
Note:     internalQ='1'
Time: 95 ns  Iteration: 1  Process: /FF_D_TB/testing_unit/main_process  File: C:/Users/HP G4/Desktop/LABORATORIOS DIGITAL/Grupo1_Lab7/Grupo1_Lab7.srcs/sources_1/new/Flip_Flop_D.vhd
Note: Tic tac.. testClock='0'
Time: 100 ns  Iteration: 0  Process: /FF_D_TB/generate_100Mhzs_clock  File: C:/Users/HP G4/Desktop/LABORATORIOS DIGITAL/Grupo1_Lab7/Grupo1_Lab7.srcs/sim_1/new/FF_D_TB.vhd
Note: Procesando tic tac.. clock='1'
Time: 100 ns  Iteration: 1  Process: /FF_D_TB/testing_unit/main_process  File: C:/Users/HP G4/Desktop/LABORATORIOS DIGITAL/Grupo1_Lab7/Grupo1_Lab7.srcs/sources_1/new/Flip_Flop_D.vhd
Note:     D='1'
Time: 100 ns  Iteration: 1  Process: /FF_D_TB/testing_unit/main_process  File: C:/Users/HP G4/Desktop/LABORATORIOS DIGITAL/Grupo1_Lab7/Grupo1_Lab7.srcs/sources_1/new/Flip_Flop_D.vhd
Note:     internalQ='1'
Time: 100 ns  Iteration: 1  Process: /FF_D_TB/testing_unit/main_process  File: C:/Users/HP G4/Desktop/LABORATORIOS DIGITAL/Grupo1_Lab7/Grupo1_Lab7.srcs/sources_1/new/Flip_Flop_D.vhd
Note: Tic tac.. testClock='1'
Time: 105 ns  Iteration: 0  Process: /FF_D_TB/generate_100Mhzs_clock  File: C:/Users/HP G4/Desktop/LABORATORIOS DIGITAL/Grupo1_Lab7/Grupo1_Lab7.srcs/sim_1/new/FF_D_TB.vhd
Note:     internalQ='1'
Time: 105 ns  Iteration: 1  Process: /FF_D_TB/testing_unit/main_process  File: C:/Users/HP G4/Desktop/LABORATORIOS DIGITAL/Grupo1_Lab7/Grupo1_Lab7.srcs/sources_1/new/Flip_Flop_D.vhd
Note: Tic tac.. testClock='0'
Time: 110 ns  Iteration: 0  Process: /FF_D_TB/generate_100Mhzs_clock  File: C:/Users/HP G4/Desktop/LABORATORIOS DIGITAL/Grupo1_Lab7/Grupo1_Lab7.srcs/sim_1/new/FF_D_TB.vhd
Note: Procesando tic tac.. clock='1'
Time: 110 ns  Iteration: 1  Process: /FF_D_TB/testing_unit/main_process  File: C:/Users/HP G4/Desktop/LABORATORIOS DIGITAL/Grupo1_Lab7/Grupo1_Lab7.srcs/sources_1/new/Flip_Flop_D.vhd
Note:     D='1'
Time: 110 ns  Iteration: 1  Process: /FF_D_TB/testing_unit/main_process  File: C:/Users/HP G4/Desktop/LABORATORIOS DIGITAL/Grupo1_Lab7/Grupo1_Lab7.srcs/sources_1/new/Flip_Flop_D.vhd
Note:     internalQ='1'
Time: 110 ns  Iteration: 1  Process: /FF_D_TB/testing_unit/main_process  File: C:/Users/HP G4/Desktop/LABORATORIOS DIGITAL/Grupo1_Lab7/Grupo1_Lab7.srcs/sources_1/new/Flip_Flop_D.vhd
Note: Tic tac.. testClock='1'
Time: 115 ns  Iteration: 0  Process: /FF_D_TB/generate_100Mhzs_clock  File: C:/Users/HP G4/Desktop/LABORATORIOS DIGITAL/Grupo1_Lab7/Grupo1_Lab7.srcs/sim_1/new/FF_D_TB.vhd
Note:     internalQ='1'
Time: 115 ns  Iteration: 1  Process: /FF_D_TB/testing_unit/main_process  File: C:/Users/HP G4/Desktop/LABORATORIOS DIGITAL/Grupo1_Lab7/Grupo1_Lab7.srcs/sources_1/new/Flip_Flop_D.vhd
Note: Tic tac.. testClock='0'
Time: 120 ns  Iteration: 0  Process: /FF_D_TB/generate_100Mhzs_clock  File: C:/Users/HP G4/Desktop/LABORATORIOS DIGITAL/Grupo1_Lab7/Grupo1_Lab7.srcs/sim_1/new/FF_D_TB.vhd
Note: Procesando tic tac.. clock='1'
Time: 120 ns  Iteration: 1  Process: /FF_D_TB/testing_unit/main_process  File: C:/Users/HP G4/Desktop/LABORATORIOS DIGITAL/Grupo1_Lab7/Grupo1_Lab7.srcs/sources_1/new/Flip_Flop_D.vhd
Note:     D='0'
Time: 120 ns  Iteration: 1  Process: /FF_D_TB/testing_unit/main_process  File: C:/Users/HP G4/Desktop/LABORATORIOS DIGITAL/Grupo1_Lab7/Grupo1_Lab7.srcs/sources_1/new/Flip_Flop_D.vhd
Note:     internalQ='1'
Time: 120 ns  Iteration: 1  Process: /FF_D_TB/testing_unit/main_process  File: C:/Users/HP G4/Desktop/LABORATORIOS DIGITAL/Grupo1_Lab7/Grupo1_Lab7.srcs/sources_1/new/Flip_Flop_D.vhd
Note: Tic tac.. testClock='1'
Time: 125 ns  Iteration: 0  Process: /FF_D_TB/generate_100Mhzs_clock  File: C:/Users/HP G4/Desktop/LABORATORIOS DIGITAL/Grupo1_Lab7/Grupo1_Lab7.srcs/sim_1/new/FF_D_TB.vhd
Note:     internalQ='0'
Time: 125 ns  Iteration: 1  Process: /FF_D_TB/testing_unit/main_process  File: C:/Users/HP G4/Desktop/LABORATORIOS DIGITAL/Grupo1_Lab7/Grupo1_Lab7.srcs/sources_1/new/Flip_Flop_D.vhd
Note: Tic tac.. testClock='0'
Time: 130 ns  Iteration: 0  Process: /FF_D_TB/generate_100Mhzs_clock  File: C:/Users/HP G4/Desktop/LABORATORIOS DIGITAL/Grupo1_Lab7/Grupo1_Lab7.srcs/sim_1/new/FF_D_TB.vhd
Note: Procesando tic tac.. clock='1'
Time: 130 ns  Iteration: 1  Process: /FF_D_TB/testing_unit/main_process  File: C:/Users/HP G4/Desktop/LABORATORIOS DIGITAL/Grupo1_Lab7/Grupo1_Lab7.srcs/sources_1/new/Flip_Flop_D.vhd
Note:     D='0'
Time: 130 ns  Iteration: 1  Process: /FF_D_TB/testing_unit/main_process  File: C:/Users/HP G4/Desktop/LABORATORIOS DIGITAL/Grupo1_Lab7/Grupo1_Lab7.srcs/sources_1/new/Flip_Flop_D.vhd
Note:     internalQ='0'
Time: 130 ns  Iteration: 1  Process: /FF_D_TB/testing_unit/main_process  File: C:/Users/HP G4/Desktop/LABORATORIOS DIGITAL/Grupo1_Lab7/Grupo1_Lab7.srcs/sources_1/new/Flip_Flop_D.vhd
Note: Tic tac.. testClock='1'
Time: 135 ns  Iteration: 0  Process: /FF_D_TB/generate_100Mhzs_clock  File: C:/Users/HP G4/Desktop/LABORATORIOS DIGITAL/Grupo1_Lab7/Grupo1_Lab7.srcs/sim_1/new/FF_D_TB.vhd
Note:     internalQ='0'
Time: 135 ns  Iteration: 1  Process: /FF_D_TB/testing_unit/main_process  File: C:/Users/HP G4/Desktop/LABORATORIOS DIGITAL/Grupo1_Lab7/Grupo1_Lab7.srcs/sources_1/new/Flip_Flop_D.vhd
Note: Tic tac.. testClock='0'
Time: 140 ns  Iteration: 0  Process: /FF_D_TB/generate_100Mhzs_clock  File: C:/Users/HP G4/Desktop/LABORATORIOS DIGITAL/Grupo1_Lab7/Grupo1_Lab7.srcs/sim_1/new/FF_D_TB.vhd
Note: Procesando tic tac.. clock='1'
Time: 140 ns  Iteration: 1  Process: /FF_D_TB/testing_unit/main_process  File: C:/Users/HP G4/Desktop/LABORATORIOS DIGITAL/Grupo1_Lab7/Grupo1_Lab7.srcs/sources_1/new/Flip_Flop_D.vhd
Note:     D='0'
Time: 140 ns  Iteration: 1  Process: /FF_D_TB/testing_unit/main_process  File: C:/Users/HP G4/Desktop/LABORATORIOS DIGITAL/Grupo1_Lab7/Grupo1_Lab7.srcs/sources_1/new/Flip_Flop_D.vhd
Note:     internalQ='0'
Time: 140 ns  Iteration: 1  Process: /FF_D_TB/testing_unit/main_process  File: C:/Users/HP G4/Desktop/LABORATORIOS DIGITAL/Grupo1_Lab7/Grupo1_Lab7.srcs/sources_1/new/Flip_Flop_D.vhd
Note: Tic tac.. testClock='1'
Time: 145 ns  Iteration: 0  Process: /FF_D_TB/generate_100Mhzs_clock  File: C:/Users/HP G4/Desktop/LABORATORIOS DIGITAL/Grupo1_Lab7/Grupo1_Lab7.srcs/sim_1/new/FF_D_TB.vhd
Note:     internalQ='0'
Time: 145 ns  Iteration: 1  Process: /FF_D_TB/testing_unit/main_process  File: C:/Users/HP G4/Desktop/LABORATORIOS DIGITAL/Grupo1_Lab7/Grupo1_Lab7.srcs/sources_1/new/Flip_Flop_D.vhd
Note: Tic tac.. testClock='0'
Time: 150 ns  Iteration: 0  Process: /FF_D_TB/generate_100Mhzs_clock  File: C:/Users/HP G4/Desktop/LABORATORIOS DIGITAL/Grupo1_Lab7/Grupo1_Lab7.srcs/sim_1/new/FF_D_TB.vhd
Note: Procesando tic tac.. clock='1'
Time: 150 ns  Iteration: 1  Process: /FF_D_TB/testing_unit/main_process  File: C:/Users/HP G4/Desktop/LABORATORIOS DIGITAL/Grupo1_Lab7/Grupo1_Lab7.srcs/sources_1/new/Flip_Flop_D.vhd
Note:     D='0'
Time: 150 ns  Iteration: 1  Process: /FF_D_TB/testing_unit/main_process  File: C:/Users/HP G4/Desktop/LABORATORIOS DIGITAL/Grupo1_Lab7/Grupo1_Lab7.srcs/sources_1/new/Flip_Flop_D.vhd
Note:     internalQ='0'
Time: 150 ns  Iteration: 1  Process: /FF_D_TB/testing_unit/main_process  File: C:/Users/HP G4/Desktop/LABORATORIOS DIGITAL/Grupo1_Lab7/Grupo1_Lab7.srcs/sources_1/new/Flip_Flop_D.vhd
Note: Tic tac.. testClock='1'
Time: 155 ns  Iteration: 0  Process: /FF_D_TB/generate_100Mhzs_clock  File: C:/Users/HP G4/Desktop/LABORATORIOS DIGITAL/Grupo1_Lab7/Grupo1_Lab7.srcs/sim_1/new/FF_D_TB.vhd
Note:     internalQ='0'
Time: 155 ns  Iteration: 1  Process: /FF_D_TB/testing_unit/main_process  File: C:/Users/HP G4/Desktop/LABORATORIOS DIGITAL/Grupo1_Lab7/Grupo1_Lab7.srcs/sources_1/new/Flip_Flop_D.vhd
Note: Tic tac.. testClock='0'
Time: 160 ns  Iteration: 0  Process: /FF_D_TB/generate_100Mhzs_clock  File: C:/Users/HP G4/Desktop/LABORATORIOS DIGITAL/Grupo1_Lab7/Grupo1_Lab7.srcs/sim_1/new/FF_D_TB.vhd
Note: Procesando tic tac.. clock='1'
Time: 160 ns  Iteration: 1  Process: /FF_D_TB/testing_unit/main_process  File: C:/Users/HP G4/Desktop/LABORATORIOS DIGITAL/Grupo1_Lab7/Grupo1_Lab7.srcs/sources_1/new/Flip_Flop_D.vhd
Note:     D='0'
Time: 160 ns  Iteration: 1  Process: /FF_D_TB/testing_unit/main_process  File: C:/Users/HP G4/Desktop/LABORATORIOS DIGITAL/Grupo1_Lab7/Grupo1_Lab7.srcs/sources_1/new/Flip_Flop_D.vhd
Note:     internalQ='0'
Time: 160 ns  Iteration: 1  Process: /FF_D_TB/testing_unit/main_process  File: C:/Users/HP G4/Desktop/LABORATORIOS DIGITAL/Grupo1_Lab7/Grupo1_Lab7.srcs/sources_1/new/Flip_Flop_D.vhd
Note: Tic tac.. testClock='1'
Time: 165 ns  Iteration: 0  Process: /FF_D_TB/generate_100Mhzs_clock  File: C:/Users/HP G4/Desktop/LABORATORIOS DIGITAL/Grupo1_Lab7/Grupo1_Lab7.srcs/sim_1/new/FF_D_TB.vhd
Note:     internalQ='0'
Time: 165 ns  Iteration: 1  Process: /FF_D_TB/testing_unit/main_process  File: C:/Users/HP G4/Desktop/LABORATORIOS DIGITAL/Grupo1_Lab7/Grupo1_Lab7.srcs/sources_1/new/Flip_Flop_D.vhd
Note: Tic tac.. testClock='0'
Time: 170 ns  Iteration: 0  Process: /FF_D_TB/generate_100Mhzs_clock  File: C:/Users/HP G4/Desktop/LABORATORIOS DIGITAL/Grupo1_Lab7/Grupo1_Lab7.srcs/sim_1/new/FF_D_TB.vhd
Note: Procesando tic tac.. clock='1'
Time: 170 ns  Iteration: 1  Process: /FF_D_TB/testing_unit/main_process  File: C:/Users/HP G4/Desktop/LABORATORIOS DIGITAL/Grupo1_Lab7/Grupo1_Lab7.srcs/sources_1/new/Flip_Flop_D.vhd
Note:     D='0'
Time: 170 ns  Iteration: 1  Process: /FF_D_TB/testing_unit/main_process  File: C:/Users/HP G4/Desktop/LABORATORIOS DIGITAL/Grupo1_Lab7/Grupo1_Lab7.srcs/sources_1/new/Flip_Flop_D.vhd
Note:     internalQ='0'
Time: 170 ns  Iteration: 1  Process: /FF_D_TB/testing_unit/main_process  File: C:/Users/HP G4/Desktop/LABORATORIOS DIGITAL/Grupo1_Lab7/Grupo1_Lab7.srcs/sources_1/new/Flip_Flop_D.vhd
Note: Tic tac.. testClock='1'
Time: 175 ns  Iteration: 0  Process: /FF_D_TB/generate_100Mhzs_clock  File: C:/Users/HP G4/Desktop/LABORATORIOS DIGITAL/Grupo1_Lab7/Grupo1_Lab7.srcs/sim_1/new/FF_D_TB.vhd
Note:     internalQ='0'
Time: 175 ns  Iteration: 1  Process: /FF_D_TB/testing_unit/main_process  File: C:/Users/HP G4/Desktop/LABORATORIOS DIGITAL/Grupo1_Lab7/Grupo1_Lab7.srcs/sources_1/new/Flip_Flop_D.vhd
Note: Tic tac.. testClock='0'
Time: 180 ns  Iteration: 0  Process: /FF_D_TB/generate_100Mhzs_clock  File: C:/Users/HP G4/Desktop/LABORATORIOS DIGITAL/Grupo1_Lab7/Grupo1_Lab7.srcs/sim_1/new/FF_D_TB.vhd
Note: Procesando tic tac.. clock='1'
Time: 180 ns  Iteration: 1  Process: /FF_D_TB/testing_unit/main_process  File: C:/Users/HP G4/Desktop/LABORATORIOS DIGITAL/Grupo1_Lab7/Grupo1_Lab7.srcs/sources_1/new/Flip_Flop_D.vhd
Note:     D='0'
Time: 180 ns  Iteration: 1  Process: /FF_D_TB/testing_unit/main_process  File: C:/Users/HP G4/Desktop/LABORATORIOS DIGITAL/Grupo1_Lab7/Grupo1_Lab7.srcs/sources_1/new/Flip_Flop_D.vhd
Note:     internalQ='0'
Time: 180 ns  Iteration: 1  Process: /FF_D_TB/testing_unit/main_process  File: C:/Users/HP G4/Desktop/LABORATORIOS DIGITAL/Grupo1_Lab7/Grupo1_Lab7.srcs/sources_1/new/Flip_Flop_D.vhd
Note: Tic tac.. testClock='1'
Time: 185 ns  Iteration: 0  Process: /FF_D_TB/generate_100Mhzs_clock  File: C:/Users/HP G4/Desktop/LABORATORIOS DIGITAL/Grupo1_Lab7/Grupo1_Lab7.srcs/sim_1/new/FF_D_TB.vhd
Note:     internalQ='0'
Time: 185 ns  Iteration: 1  Process: /FF_D_TB/testing_unit/main_process  File: C:/Users/HP G4/Desktop/LABORATORIOS DIGITAL/Grupo1_Lab7/Grupo1_Lab7.srcs/sources_1/new/Flip_Flop_D.vhd
Note: Tic tac.. testClock='0'
Time: 190 ns  Iteration: 0  Process: /FF_D_TB/generate_100Mhzs_clock  File: C:/Users/HP G4/Desktop/LABORATORIOS DIGITAL/Grupo1_Lab7/Grupo1_Lab7.srcs/sim_1/new/FF_D_TB.vhd
Note: Procesando tic tac.. clock='1'
Time: 190 ns  Iteration: 1  Process: /FF_D_TB/testing_unit/main_process  File: C:/Users/HP G4/Desktop/LABORATORIOS DIGITAL/Grupo1_Lab7/Grupo1_Lab7.srcs/sources_1/new/Flip_Flop_D.vhd
Note:     D='0'
Time: 190 ns  Iteration: 1  Process: /FF_D_TB/testing_unit/main_process  File: C:/Users/HP G4/Desktop/LABORATORIOS DIGITAL/Grupo1_Lab7/Grupo1_Lab7.srcs/sources_1/new/Flip_Flop_D.vhd
Note:     internalQ='0'
Time: 190 ns  Iteration: 1  Process: /FF_D_TB/testing_unit/main_process  File: C:/Users/HP G4/Desktop/LABORATORIOS DIGITAL/Grupo1_Lab7/Grupo1_Lab7.srcs/sources_1/new/Flip_Flop_D.vhd
Note: Tic tac.. testClock='1'
Time: 195 ns  Iteration: 0  Process: /FF_D_TB/generate_100Mhzs_clock  File: C:/Users/HP G4/Desktop/LABORATORIOS DIGITAL/Grupo1_Lab7/Grupo1_Lab7.srcs/sim_1/new/FF_D_TB.vhd
Note:     internalQ='0'
Time: 195 ns  Iteration: 1  Process: /FF_D_TB/testing_unit/main_process  File: C:/Users/HP G4/Desktop/LABORATORIOS DIGITAL/Grupo1_Lab7/Grupo1_Lab7.srcs/sources_1/new/Flip_Flop_D.vhd
Note: Tic tac.. testClock='0'
Time: 200 ns  Iteration: 0  Process: /FF_D_TB/generate_100Mhzs_clock  File: C:/Users/HP G4/Desktop/LABORATORIOS DIGITAL/Grupo1_Lab7/Grupo1_Lab7.srcs/sim_1/new/FF_D_TB.vhd
Note: Procesando tic tac.. clock='1'
Time: 200 ns  Iteration: 1  Process: /FF_D_TB/testing_unit/main_process  File: C:/Users/HP G4/Desktop/LABORATORIOS DIGITAL/Grupo1_Lab7/Grupo1_Lab7.srcs/sources_1/new/Flip_Flop_D.vhd
Note:     D='0'
Time: 200 ns  Iteration: 1  Process: /FF_D_TB/testing_unit/main_process  File: C:/Users/HP G4/Desktop/LABORATORIOS DIGITAL/Grupo1_Lab7/Grupo1_Lab7.srcs/sources_1/new/Flip_Flop_D.vhd
Note:     internalQ='0'
Time: 200 ns  Iteration: 1  Process: /FF_D_TB/testing_unit/main_process  File: C:/Users/HP G4/Desktop/LABORATORIOS DIGITAL/Grupo1_Lab7/Grupo1_Lab7.srcs/sources_1/new/Flip_Flop_D.vhd
