#-----------------------------------------------------------
# Vivado v2018.3 (64-bit)
# SW Build 2405991 on Thu Dec  6 23:38:27 MST 2018
# IP Build 2404404 on Fri Dec  7 01:43:56 MST 2018
# Start of session at: Tue Oct 18 09:55:26 2022
# Process ID: 11480
# Current directory: C:/Users/HP G4/Desktop/LABORATORIOS DIGITAL/Grupo1_Lab7
# Command line: vivado.exe -gui_launcher_event rodinguilauncherevent856 C:\Users\HP G4\Desktop\LABORATORIOS DIGITAL\Grupo1_Lab7\Grupo1_Lab7.xpr
# Log file: C:/Users/HP G4/Desktop/LABORATORIOS DIGITAL/Grupo1_Lab7/vivado.log
# Journal file: C:/Users/HP G4/Desktop/LABORATORIOS DIGITAL/Grupo1_Lab7\vivado.jou
#-----------------------------------------------------------
start_gui
open_project {C:/Users/HP G4/Desktop/LABORATORIOS DIGITAL/Grupo1_Lab7/Grupo1_Lab7.xpr}
INFO: [Project 1-313] Project file moved from 'C:/Users/HP/OneDrive/Documentos/MARCELO/UCB/Circuitos Digitales/Grupo1_Lab7' since last save.
Scanning sources...
Finished scanning sources
INFO: [IP_Flow 19-234] Refreshing IP repositories
INFO: [IP_Flow 19-1704] No user IP repositories specified
INFO: [IP_Flow 19-2313] Loaded Vivado IP repository 'C:/Xilinx/Vivado/2018.3/data/ip'.
open_project: Time (s): cpu = 00:00:29 ; elapsed = 00:00:19 . Memory (MB): peak = 733.391 ; gain = 165.301
update_compile_order -fileset sources_1
launch_simulation
INFO: [Vivado 12-5682] Launching behavioral simulation in 'C:/Users/HP G4/Desktop/LABORATORIOS DIGITAL/Grupo1_Lab7/Grupo1_Lab7.sim/sim_1/behav/xsim'
INFO: [SIM-utils-51] Simulation object is 'sim_1'
INFO: [SIM-utils-54] Inspecting design source files for 'FF_D_TB' in fileset 'sim_1'...
INFO: [USF-XSim-97] Finding global include files...
INFO: [USF-XSim-98] Fetching design files from 'sim_1'...
INFO: [USF-XSim-2] XSim::Compile design
INFO: [USF-XSim-61] Executing 'COMPILE and ANALYZE' step in 'C:/Users/HP G4/Desktop/LABORATORIOS DIGITAL/Grupo1_Lab7/Grupo1_Lab7.sim/sim_1/behav/xsim'
"xvhdl --incr --relax -prj FF_D_TB_vhdl.prj"
INFO: [VRFC 10-163] Analyzing VHDL file "C:/Users/HP G4/Desktop/LABORATORIOS DIGITAL/Grupo1_Lab7/Grupo1_Lab7.srcs/sources_1/new/Flip_Flop_D.vhd" into library xil_defaultlib
INFO: [VRFC 10-3107] analyzing entity 'Flip_Flop_D'
INFO: [VRFC 10-163] Analyzing VHDL file "C:/Users/HP G4/Desktop/LABORATORIOS DIGITAL/Grupo1_Lab7/Grupo1_Lab7.srcs/sim_1/new/FF_D_TB.vhd" into library xil_defaultlib
INFO: [VRFC 10-3107] analyzing entity 'FF_D_TB'
INFO: [USF-XSim-69] 'compile' step finished in '2' seconds
INFO: [USF-XSim-3] XSim::Elaborate design
INFO: [USF-XSim-61] Executing 'ELABORATE' step in 'C:/Users/HP G4/Desktop/LABORATORIOS DIGITAL/Grupo1_Lab7/Grupo1_Lab7.sim/sim_1/behav/xsim'
Vivado Simulator 2018.3
Copyright 1986-1999, 2001-2018 Xilinx, Inc. All Rights Reserved.
Running: C:/Xilinx/Vivado/2018.3/bin/unwrapped/win64.o/xelab.exe -wto 4ba88a8964514989be2372b1d6ac4db8 --incr --debug typical --relax --mt 2 -L xil_defaultlib -L secureip --snapshot FF_D_TB_behav xil_defaultlib.FF_D_TB -log elaborate.log 
Using 2 slave threads.
Starting static elaboration
Completed static elaboration
Starting simulation data flow analysis
Completed simulation data flow analysis
Time Resolution for simulation is 1ps
Compiling package std.standard
Compiling package std.textio
Compiling package ieee.std_logic_1164
Compiling architecture arch_flipflopd of entity xil_defaultlib.Flip_Flop_D [flip_flop_d_default]
Compiling architecture arch_flipflopd_tb of entity xil_defaultlib.ff_d_tb
Built simulation snapshot FF_D_TB_behav

****** Webtalk v2018.3 (64-bit)
  **** SW Build 2405991 on Thu Dec  6 23:38:27 MST 2018
  **** IP Build 2404404 on Fri Dec  7 01:43:56 MST 2018
    ** Copyright 1986-2018 Xilinx, Inc. All Rights Reserved.

source C:/Users/HP -notrace
couldn't read file "C:/Users/HP": no such file or directory
INFO: [Common 17-206] Exiting Webtalk at Tue Oct 18 09:57:04 2022...
run_program: Time (s): cpu = 00:00:01 ; elapsed = 00:00:05 . Memory (MB): peak = 748.879 ; gain = 0.000
INFO: [USF-XSim-69] 'elaborate' step finished in '5' seconds
INFO: [USF-XSim-4] XSim::Simulate design
INFO: [USF-XSim-61] Executing 'SIMULATE' step in 'C:/Users/HP G4/Desktop/LABORATORIOS DIGITAL/Grupo1_Lab7/Grupo1_Lab7.sim/sim_1/behav/xsim'
INFO: [USF-XSim-98] *** Running xsim
   with args "FF_D_TB_behav -key {Behavioral:sim_1:Functional:FF_D_TB} -tclbatch {FF_D_TB.tcl} -log {simulate.log}"
INFO: [USF-XSim-8] Loading simulator feature
Vivado Simulator 2018.3
Time resolution is 1 ps
source FF_D_TB.tcl
# set curr_wave [current_wave_config]
# if { [string length $curr_wave] == 0 } {
#   if { [llength [get_objects]] > 0} {
#     add_wave /
#     set_property needs_save false [current_wave_config]
#   } else {
#      send_msg_id Add_Wave-1 WARNING "No top level signals found. Simulator will start without a wave window. If you want to open a wave window go to 'File->New Waveform Configuration' or type 'create_wave_config' in the TCL console."
#   }
# }
# run 1000ns
Note:     internalQ='U'
Time: 0 ps  Iteration: 0  Process: /FF_D_TB/testing_unit/main_process  File: C:/Users/HP G4/Desktop/LABORATORIOS DIGITAL/Grupo1_Lab7/Grupo1_Lab7.srcs/sources_1/new/Flip_Flop_D.vhd
Note: Tic tac.. testClock='0'
Time: 0 ps  Iteration: 0  Process: /FF_D_TB/generate_100Mhzs_clock  File: C:/Users/HP G4/Desktop/LABORATORIOS DIGITAL/Grupo1_Lab7/Grupo1_Lab7.srcs/sim_1/new/FF_D_TB.vhd
Note: Procesando tic tac.. clock='1'
Time: 0 ps  Iteration: 1  Process: /FF_D_TB/testing_unit/main_process  File: C:/Users/HP G4/Desktop/LABORATORIOS DIGITAL/Grupo1_Lab7/Grupo1_Lab7.srcs/sources_1/new/Flip_Flop_D.vhd
Note:     D='U'
Time: 0 ps  Iteration: 1  Process: /FF_D_TB/testing_unit/main_process  File: C:/Users/HP G4/Desktop/LABORATORIOS DIGITAL/Grupo1_Lab7/Grupo1_Lab7.srcs/sources_1/new/Flip_Flop_D.vhd
Note:     internalQ='U'
Time: 0 ps  Iteration: 1  Process: /FF_D_TB/testing_unit/main_process  File: C:/Users/HP G4/Desktop/LABORATORIOS DIGITAL/Grupo1_Lab7/Grupo1_Lab7.srcs/sources_1/new/Flip_Flop_D.vhd
Note: Tic tac.. testClock='1'
Time: 5 ns  Iteration: 0  Process: /FF_D_TB/generate_100Mhzs_clock  File: C:/Users/HP G4/Desktop/LABORATORIOS DIGITAL/Grupo1_Lab7/Grupo1_Lab7.srcs/sim_1/new/FF_D_TB.vhd
Note:     internalQ='U'
Time: 5 ns  Iteration: 1  Process: /FF_D_TB/testing_unit/main_process  File: C:/Users/HP G4/Desktop/LABORATORIOS DIGITAL/Grupo1_Lab7/Grupo1_Lab7.srcs/sources_1/new/Flip_Flop_D.vhd
Note: Tic tac.. testClock='0'
Time: 10 ns  Iteration: 0  Process: /FF_D_TB/generate_100Mhzs_clock  File: C:/Users/HP G4/Desktop/LABORATORIOS DIGITAL/Grupo1_Lab7/Grupo1_Lab7.srcs/sim_1/new/FF_D_TB.vhd
Note: Procesando tic tac.. clock='1'
Time: 10 ns  Iteration: 1  Process: /FF_D_TB/testing_unit/main_process  File: C:/Users/HP G4/Desktop/LABORATORIOS DIGITAL/Grupo1_Lab7/Grupo1_Lab7.srcs/sources_1/new/Flip_Flop_D.vhd
Note:     D='U'
Time: 10 ns  Iteration: 1  Process: /FF_D_TB/testing_unit/main_process  File: C:/Users/HP G4/Desktop/LABORATORIOS DIGITAL/Grupo1_Lab7/Grupo1_Lab7.srcs/sources_1/new/Flip_Flop_D.vhd
Note:     internalQ='U'
Time: 10 ns  Iteration: 1  Process: /FF_D_TB/testing_unit/main_process  File: C:/Users/HP G4/Desktop/LABORATORIOS DIGITAL/Grupo1_Lab7/Grupo1_Lab7.srcs/sources_1/new/Flip_Flop_D.vhd
Note: Tic tac.. testClock='1'
Time: 15 ns  Iteration: 0  Process: /FF_D_TB/generate_100Mhzs_clock  File: C:/Users/HP G4/Desktop/LABORATORIOS DIGITAL/Grupo1_Lab7/Grupo1_Lab7.srcs/sim_1/new/FF_D_TB.vhd
Note:     internalQ='U'
Time: 15 ns  Iteration: 1  Process: /FF_D_TB/testing_unit/main_process  File: C:/Users/HP G4/Desktop/LABORATORIOS DIGITAL/Grupo1_Lab7/Grupo1_Lab7.srcs/sources_1/new/Flip_Flop_D.vhd
Note: Tic tac.. testClock='0'
Time: 20 ns  Iteration: 0  Process: /FF_D_TB/generate_100Mhzs_clock  File: C:/Users/HP G4/Desktop/LABORATORIOS DIGITAL/Grupo1_Lab7/Grupo1_Lab7.srcs/sim_1/new/FF_D_TB.vhd
Note: Procesando tic tac.. clock='1'
Time: 20 ns  Iteration: 1  Process: /FF_D_TB/testing_unit/main_process  File: C:/Users/HP G4/Desktop/LABORATORIOS DIGITAL/Grupo1_Lab7/Grupo1_Lab7.srcs/sources_1/new/Flip_Flop_D.vhd
Note:     D='0'
Time: 20 ns  Iteration: 1  Process: /FF_D_TB/testing_unit/main_process  File: C:/Users/HP G4/Desktop/LABORATORIOS DIGITAL/Grupo1_Lab7/Grupo1_Lab7.srcs/sources_1/new/Flip_Flop_D.vhd
Note:     internalQ='U'
Time: 20 ns  Iteration: 1  Process: /FF_D_TB/testing_unit/main_process  File: C:/Users/HP G4/Desktop/LABORATORIOS DIGITAL/Grupo1_Lab7/Grupo1_Lab7.srcs/sources_1/new/Flip_Flop_D.vhd
Note: Tic tac.. testClock='1'
Time: 25 ns  Iteration: 0  Process: /FF_D_TB/generate_100Mhzs_clock  File: C:/Users/HP G4/Desktop/LABORATORIOS DIGITAL/Grupo1_Lab7/Grupo1_Lab7.srcs/sim_1/new/FF_D_TB.vhd
Note:     internalQ='0'
Time: 25 ns  Iteration: 1  Process: /FF_D_TB/testing_unit/main_process  File: C:/Users/HP G4/Desktop/LABORATORIOS DIGITAL/Grupo1_Lab7/Grupo1_Lab7.srcs/sources_1/new/Flip_Flop_D.vhd
Note: Tic tac.. testClock='0'
Time: 30 ns  Iteration: 0  Process: /FF_D_TB/generate_100Mhzs_clock  File: C:/Users/HP G4/Desktop/LABORATORIOS DIGITAL/Grupo1_Lab7/Grupo1_Lab7.srcs/sim_1/new/FF_D_TB.vhd
Note: Procesando tic tac.. clock='1'
Time: 30 ns  Iteration: 1  Process: /FF_D_TB/testing_unit/main_process  File: C:/Users/HP G4/Desktop/LABORATORIOS DIGITAL/Grupo1_Lab7/Grupo1_Lab7.srcs/sources_1/new/Flip_Flop_D.vhd
Note:     D='0'
Time: 30 ns  Iteration: 1  Process: /FF_D_TB/testing_unit/main_process  File: C:/Users/HP G4/Desktop/LABORATORIOS DIGITAL/Grupo1_Lab7/Grupo1_Lab7.srcs/sources_1/new/Flip_Flop_D.vhd
Note:     internalQ='0'
Time: 30 ns  Iteration: 1  Process: /FF_D_TB/testing_unit/main_process  File: C:/Users/HP G4/Desktop/LABORATORIOS DIGITAL/Grupo1_Lab7/Grupo1_Lab7.srcs/sources_1/new/Flip_Flop_D.vhd
Note: Tic tac.. testClock='1'
Time: 35 ns  Iteration: 0  Process: /FF_D_TB/generate_100Mhzs_clock  File: C:/Users/HP G4/Desktop/LABORATORIOS DIGITAL/Grupo1_Lab7/Grupo1_Lab7.srcs/sim_1/new/FF_D_TB.vhd
Note:     internalQ='0'
Time: 35 ns  Iteration: 1  Process: /FF_D_TB/testing_unit/main_process  File: C:/Users/HP G4/Desktop/LABORATORIOS DIGITAL/Grupo1_Lab7/Grupo1_Lab7.srcs/sources_1/new/Flip_Flop_D.vhd
Note: Tic tac.. testClock='0'
Time: 40 ns  Iteration: 0  Process: /FF_D_TB/generate_100Mhzs_clock  File: C:/Users/HP G4/Desktop/LABORATORIOS DIGITAL/Grupo1_Lab7/Grupo1_Lab7.srcs/sim_1/new/FF_D_TB.vhd
Note: Procesando tic tac.. clock='1'
Time: 40 ns  Iteration: 1  Process: /FF_D_TB/testing_unit/main_process  File: C:/Users/HP G4/Desktop/LABORATORIOS DIGITAL/Grupo1_Lab7/Grupo1_Lab7.srcs/sources_1/new/Flip_Flop_D.vhd
Note:     D='1'
Time: 40 ns  Iteration: 1  Process: /FF_D_TB/testing_unit/main_process  File: C:/Users/HP G4/Desktop/LABORATORIOS DIGITAL/Grupo1_Lab7/Grupo1_Lab7.srcs/sources_1/new/Flip_Flop_D.vhd
Note:     internalQ='0'
Time: 40 ns  Iteration: 1  Process: /FF_D_TB/testing_unit/main_process  File: C:/Users/HP G4/Desktop/LABORATORIOS DIGITAL/Grupo1_Lab7/Grupo1_Lab7.srcs/sources_1/new/Flip_Flop_D.vhd
Note: Tic tac.. testClock='1'
Time: 45 ns  Iteration: 0  Process: /FF_D_TB/generate_100Mhzs_clock  File: C:/Users/HP G4/Desktop/LABORATORIOS DIGITAL/Grupo1_Lab7/Grupo1_Lab7.srcs/sim_1/new/FF_D_TB.vhd
Note:     internalQ='1'
Time: 45 ns  Iteration: 1  Process: /FF_D_TB/testing_unit/main_process  File: C:/Users/HP G4/Desktop/LABORATORIOS DIGITAL/Grupo1_Lab7/Grupo1_Lab7.srcs/sources_1/new/Flip_Flop_D.vhd
Note: Tic tac.. testClock='0'
Time: 50 ns  Iteration: 0  Process: /FF_D_TB/generate_100Mhzs_clock  File: C:/Users/HP G4/Desktop/LABORATORIOS DIGITAL/Grupo1_Lab7/Grupo1_Lab7.srcs/sim_1/new/FF_D_TB.vhd
Note: Procesando tic tac.. clock='1'
Time: 50 ns  Iteration: 1  Process: /FF_D_TB/testing_unit/main_process  File: C:/Users/HP G4/Desktop/LABORATORIOS DIGITAL/Grupo1_Lab7/Grupo1_Lab7.srcs/sources_1/new/Flip_Flop_D.vhd
Note:     D='1'
Time: 50 ns  Iteration: 1  Process: /FF_D_TB/testing_unit/main_process  File: C:/Users/HP G4/Desktop/LABORATORIOS DIGITAL/Grupo1_Lab7/Grupo1_Lab7.srcs/sources_1/new/Flip_Flop_D.vhd
Note:     internalQ='1'
Time: 50 ns  Iteration: 1  Process: /FF_D_TB/testing_unit/main_process  File: C:/Users/HP G4/Desktop/LABORATORIOS DIGITAL/Grupo1_Lab7/Grupo1_Lab7.srcs/sources_1/new/Flip_Flop_D.vhd
Note: Tic tac.. testClock='1'
Time: 55 ns  Iteration: 0  Process: /FF_D_TB/generate_100Mhzs_clock  File: C:/Users/HP G4/Desktop/LABORATORIOS DIGITAL/Grupo1_Lab7/Grupo1_Lab7.srcs/sim_1/new/FF_D_TB.vhd
Note:     internalQ='1'
Time: 55 ns  Iteration: 1  Process: /FF_D_TB/testing_unit/main_process  File: C:/Users/HP G4/Desktop/LABORATORIOS DIGITAL/Grupo1_Lab7/Grupo1_Lab7.srcs/sources_1/new/Flip_Flop_D.vhd
Note: Tic tac.. testClock='0'
Time: 60 ns  Iteration: 0  Process: /FF_D_TB/generate_100Mhzs_clock  File: C:/Users/HP G4/Desktop/LABORATORIOS DIGITAL/Grupo1_Lab7/Grupo1_Lab7.srcs/sim_1/new/FF_D_TB.vhd
Note: Procesando tic tac.. clock='1'
Time: 60 ns  Iteration: 1  Process: /FF_D_TB/testing_unit/main_process  File: C:/Users/HP G4/Desktop/LABORATORIOS DIGITAL/Grupo1_Lab7/Grupo1_Lab7.srcs/sources_1/new/Flip_Flop_D.vhd
Note:     D='1'
Time: 60 ns  Iteration: 1  Process: /FF_D_TB/testing_unit/main_process  File: C:/Users/HP G4/Desktop/LABORATORIOS DIGITAL/Grupo1_Lab7/Grupo1_Lab7.srcs/sources_1/new/Flip_Flop_D.vhd
Note:     internalQ='1'
Time: 60 ns  Iteration: 1  Process: /FF_D_TB/testing_unit/main_process  File: C:/Users/HP G4/Desktop/LABORATORIOS DIGITAL/Grupo1_Lab7/Grupo1_Lab7.srcs/sources_1/new/Flip_Flop_D.vhd
Note: Tic tac.. testClock='1'
Time: 65 ns  Iteration: 0  Process: /FF_D_TB/generate_100Mhzs_clock  File: C:/Users/HP G4/Desktop/LABORATORIOS DIGITAL/Grupo1_Lab7/Grupo1_Lab7.srcs/sim_1/new/FF_D_TB.vhd
Note:     internalQ='1'
Time: 65 ns  Iteration: 1  Process: /FF_D_TB/testing_unit/main_process  File: C:/Users/HP G4/Desktop/LABORATORIOS DIGITAL/Grupo1_Lab7/Grupo1_Lab7.srcs/sources_1/new/Flip_Flop_D.vhd
Note: Tic tac.. testClock='0'
Time: 70 ns  Iteration: 0  Process: /FF_D_TB/generate_100Mhzs_clock  File: C:/Users/HP G4/Desktop/LABORATORIOS DIGITAL/Grupo1_Lab7/Grupo1_Lab7.srcs/sim_1/new/FF_D_TB.vhd
Note: Procesando tic tac.. clock='1'
Time: 70 ns  Iteration: 1  Process: /FF_D_TB/testing_unit/main_process  File: C:/Users/HP G4/Desktop/LABORATORIOS DIGITAL/Grupo1_Lab7/Grupo1_Lab7.srcs/sources_1/new/Flip_Flop_D.vhd
Note:     D='0'
Time: 70 ns  Iteration: 1  Process: /FF_D_TB/testing_unit/main_process  File: C:/Users/HP G4/Desktop/LABORATORIOS DIGITAL/Grupo1_Lab7/Grupo1_Lab7.srcs/sources_1/new/Flip_Flop_D.vhd
Note:     internalQ='1'
Time: 70 ns  Iteration: 1  Process: /FF_D_TB/testing_unit/main_process  File: C:/Users/HP G4/Desktop/LABORATORIOS DIGITAL/Grupo1_Lab7/Grupo1_Lab7.srcs/sources_1/new/Flip_Flop_D.vhd
Note: Tic tac.. testClock='1'
Time: 75 ns  Iteration: 0  Process: /FF_D_TB/generate_100Mhzs_clock  File: C:/Users/HP G4/Desktop/LABORATORIOS DIGITAL/Grupo1_Lab7/Grupo1_Lab7.srcs/sim_1/new/FF_D_TB.vhd
Note:     internalQ='0'
Time: 75 ns  Iteration: 1  Process: /FF_D_TB/testing_unit/main_process  File: C:/Users/HP G4/Desktop/LABORATORIOS DIGITAL/Grupo1_Lab7/Grupo1_Lab7.srcs/sources_1/new/Flip_Flop_D.vhd
Note: Tic tac.. testClock='0'
Time: 80 ns  Iteration: 0  Process: /FF_D_TB/generate_100Mhzs_clock  File: C:/Users/HP G4/Desktop/LABORATORIOS DIGITAL/Grupo1_Lab7/Grupo1_Lab7.srcs/sim_1/new/FF_D_TB.vhd
Note: Procesando tic tac.. clock='1'
Time: 80 ns  Iteration: 1  Process: /FF_D_TB/testing_unit/main_process  File: C:/Users/HP G4/Desktop/LABORATORIOS DIGITAL/Grupo1_Lab7/Grupo1_Lab7.srcs/sources_1/new/Flip_Flop_D.vhd
Note:     D='0'
Time: 80 ns  Iteration: 1  Process: /FF_D_TB/testing_unit/main_process  File: C:/Users/HP G4/Desktop/LABORATORIOS DIGITAL/Grupo1_Lab7/Grupo1_Lab7.srcs/sources_1/new/Flip_Flop_D.vhd
Note:     internalQ='0'
Time: 80 ns  Iteration: 1  Process: /FF_D_TB/testing_unit/main_process  File: C:/Users/HP G4/Desktop/LABORATORIOS DIGITAL/Grupo1_Lab7/Grupo1_Lab7.srcs/sources_1/new/Flip_Flop_D.vhd
Note: Tic tac.. testClock='1'
Time: 85 ns  Iteration: 0  Process: /FF_D_TB/generate_100Mhzs_clock  File: C:/Users/HP G4/Desktop/LABORATORIOS DIGITAL/Grupo1_Lab7/Grupo1_Lab7.srcs/sim_1/new/FF_D_TB.vhd
Note:     internalQ='0'
Time: 85 ns  Iteration: 1  Process: /FF_D_TB/testing_unit/main_process  File: C:/Users/HP G4/Desktop/LABORATORIOS DIGITAL/Grupo1_Lab7/Grupo1_Lab7.srcs/sources_1/new/Flip_Flop_D.vhd
Note: Tic tac.. testClock='0'
Time: 90 ns  Iteration: 0  Process: /FF_D_TB/generate_100Mhzs_clock  File: C:/Users/HP G4/Desktop/LABORATORIOS DIGITAL/Grupo1_Lab7/Grupo1_Lab7.srcs/sim_1/new/FF_D_TB.vhd
Note: Procesando tic tac.. clock='1'
Time: 90 ns  Iteration: 1  Process: /FF_D_TB/testing_unit/main_process  File: C:/Users/HP G4/Desktop/LABORATORIOS DIGITAL/Grupo1_Lab7/Grupo1_Lab7.srcs/sources_1/new/Flip_Flop_D.vhd
Note:     D='1'
Time: 90 ns  Iteration: 1  Process: /FF_D_TB/testing_unit/main_process  File: C:/Users/HP G4/Desktop/LABORATORIOS DIGITAL/Grupo1_Lab7/Grupo1_Lab7.srcs/sources_1/new/Flip_Flop_D.vhd
Note:     internalQ='0'
Time: 90 ns  Iteration: 1  Process: /FF_D_TB/testing_unit/main_process  File: C:/Users/HP G4/Desktop/LABORATORIOS DIGITAL/Grupo1_Lab7/Grupo1_Lab7.srcs/sources_1/new/Flip_Flop_D.vhd
Note: Tic tac.. testClock='1'
Time: 95 ns  Iteration: 0  Process: /FF_D_TB/generate_100Mhzs_clock  File: C:/Users/HP G4/Desktop/LABORATORIOS DIGITAL/Grupo1_Lab7/Grupo1_Lab7.srcs/sim_1/new/FF_D_TB.vhd
Note:     internalQ='1'
Time: 95 ns  Iteration: 1  Process: /FF_D_TB/testing_unit/main_process  File: C:/Users/HP G4/Desktop/LABORATORIOS DIGITAL/Grupo1_Lab7/Grupo1_Lab7.srcs/sources_1/new/Flip_Flop_D.vhd
Note: Tic tac.. testClock='0'
Time: 100 ns  Iteration: 0  Process: /FF_D_TB/generate_100Mhzs_clock  File: C:/Users/HP G4/Desktop/LABORATORIOS DIGITAL/Grupo1_Lab7/Grupo1_Lab7.srcs/sim_1/new/FF_D_TB.vhd
Note: Procesando tic tac.. clock='1'
Time: 100 ns  Iteration: 1  Process: /FF_D_TB/testing_unit/main_process  File: C:/Users/HP G4/Desktop/LABORATORIOS DIGITAL/Grupo1_Lab7/Grupo1_Lab7.srcs/sources_1/new/Flip_Flop_D.vhd
Note:     D='1'
Time: 100 ns  Iteration: 1  Process: /FF_D_TB/testing_unit/main_process  File: C:/Users/HP G4/Desktop/LABORATORIOS DIGITAL/Grupo1_Lab7/Grupo1_Lab7.srcs/sources_1/new/Flip_Flop_D.vhd
Note:     internalQ='1'
Time: 100 ns  Iteration: 1  Process: /FF_D_TB/testing_unit/main_process  File: C:/Users/HP G4/Desktop/LABORATORIOS DIGITAL/Grupo1_Lab7/Grupo1_Lab7.srcs/sources_1/new/Flip_Flop_D.vhd
Note: Tic tac.. testClock='1'
Time: 105 ns  Iteration: 0  Process: /FF_D_TB/generate_100Mhzs_clock  File: C:/Users/HP G4/Desktop/LABORATORIOS DIGITAL/Grupo1_Lab7/Grupo1_Lab7.srcs/sim_1/new/FF_D_TB.vhd
Note:     internalQ='1'
Time: 105 ns  Iteration: 1  Process: /FF_D_TB/testing_unit/main_process  File: C:/Users/HP G4/Desktop/LABORATORIOS DIGITAL/Grupo1_Lab7/Grupo1_Lab7.srcs/sources_1/new/Flip_Flop_D.vhd
Note: Tic tac.. testClock='0'
Time: 110 ns  Iteration: 0  Process: /FF_D_TB/generate_100Mhzs_clock  File: C:/Users/HP G4/Desktop/LABORATORIOS DIGITAL/Grupo1_Lab7/Grupo1_Lab7.srcs/sim_1/new/FF_D_TB.vhd
Note: Procesando tic tac.. clock='1'
Time: 110 ns  Iteration: 1  Process: /FF_D_TB/testing_unit/main_process  File: C:/Users/HP G4/Desktop/LABORATORIOS DIGITAL/Grupo1_Lab7/Grupo1_Lab7.srcs/sources_1/new/Flip_Flop_D.vhd
Note:     D='1'
Time: 110 ns  Iteration: 1  Process: /FF_D_TB/testing_unit/main_process  File: C:/Users/HP G4/Desktop/LABORATORIOS DIGITAL/Grupo1_Lab7/Grupo1_Lab7.srcs/sources_1/new/Flip_Flop_D.vhd
Note:     internalQ='1'
Time: 110 ns  Iteration: 1  Process: /FF_D_TB/testing_unit/main_process  File: C:/Users/HP G4/Desktop/LABORATORIOS DIGITAL/Grupo1_Lab7/Grupo1_Lab7.srcs/sources_1/new/Flip_Flop_D.vhd
Note: Tic tac.. testClock='1'
Time: 115 ns  Iteration: 0  Process: /FF_D_TB/generate_100Mhzs_clock  File: C:/Users/HP G4/Desktop/LABORATORIOS DIGITAL/Grupo1_Lab7/Grupo1_Lab7.srcs/sim_1/new/FF_D_TB.vhd
Note:     internalQ='1'
Time: 115 ns  Iteration: 1  Process: /FF_D_TB/testing_unit/main_process  File: C:/Users/HP G4/Desktop/LABORATORIOS DIGITAL/Grupo1_Lab7/Grupo1_Lab7.srcs/sources_1/new/Flip_Flop_D.vhd
Note: Tic tac.. testClock='0'
Time: 120 ns  Iteration: 0  Process: /FF_D_TB/generate_100Mhzs_clock  File: C:/Users/HP G4/Desktop/LABORATORIOS DIGITAL/Grupo1_Lab7/Grupo1_Lab7.srcs/sim_1/new/FF_D_TB.vhd
Note: Procesando tic tac.. clock='1'
Time: 120 ns  Iteration: 1  Process: /FF_D_TB/testing_unit/main_process  File: C:/Users/HP G4/Desktop/LABORATORIOS DIGITAL/Grupo1_Lab7/Grupo1_Lab7.srcs/sources_1/new/Flip_Flop_D.vhd
Note:     D='0'
Time: 120 ns  Iteration: 1  Process: /FF_D_TB/testing_unit/main_process  File: C:/Users/HP G4/Desktop/LABORATORIOS DIGITAL/Grupo1_Lab7/Grupo1_Lab7.srcs/sources_1/new/Flip_Flop_D.vhd
Note:     internalQ='1'
Time: 120 ns  Iteration: 1  Process: /FF_D_TB/testing_unit/main_process  File: C:/Users/HP G4/Desktop/LABORATORIOS DIGITAL/Grupo1_Lab7/Grupo1_Lab7.srcs/sources_1/new/Flip_Flop_D.vhd
Note: Tic tac.. testClock='1'
Time: 125 ns  Iteration: 0  Process: /FF_D_TB/generate_100Mhzs_clock  File: C:/Users/HP G4/Desktop/LABORATORIOS DIGITAL/Grupo1_Lab7/Grupo1_Lab7.srcs/sim_1/new/FF_D_TB.vhd
Note:     internalQ='0'
Time: 125 ns  Iteration: 1  Process: /FF_D_TB/testing_unit/main_process  File: C:/Users/HP G4/Desktop/LABORATORIOS DIGITAL/Grupo1_Lab7/Grupo1_Lab7.srcs/sources_1/new/Flip_Flop_D.vhd
Note: Tic tac.. testClock='0'
Time: 130 ns  Iteration: 0  Process: /FF_D_TB/generate_100Mhzs_clock  File: C:/Users/HP G4/Desktop/LABORATORIOS DIGITAL/Grupo1_Lab7/Grupo1_Lab7.srcs/sim_1/new/FF_D_TB.vhd
Note: Procesando tic tac.. clock='1'
Time: 130 ns  Iteration: 1  Process: /FF_D_TB/testing_unit/main_process  File: C:/Users/HP G4/Desktop/LABORATORIOS DIGITAL/Grupo1_Lab7/Grupo1_Lab7.srcs/sources_1/new/Flip_Flop_D.vhd
Note:     D='0'
Time: 130 ns  Iteration: 1  Process: /FF_D_TB/testing_unit/main_process  File: C:/Users/HP G4/Desktop/LABORATORIOS DIGITAL/Grupo1_Lab7/Grupo1_Lab7.srcs/sources_1/new/Flip_Flop_D.vhd
Note:     internalQ='0'
Time: 130 ns  Iteration: 1  Process: /FF_D_TB/testing_unit/main_process  File: C:/Users/HP G4/Desktop/LABORATORIOS DIGITAL/Grupo1_Lab7/Grupo1_Lab7.srcs/sources_1/new/Flip_Flop_D.vhd
Note: Tic tac.. testClock='1'
Time: 135 ns  Iteration: 0  Process: /FF_D_TB/generate_100Mhzs_clock  File: C:/Users/HP G4/Desktop/LABORATORIOS DIGITAL/Grupo1_Lab7/Grupo1_Lab7.srcs/sim_1/new/FF_D_TB.vhd
Note:     internalQ='0'
Time: 135 ns  Iteration: 1  Process: /FF_D_TB/testing_unit/main_process  File: C:/Users/HP G4/Desktop/LABORATORIOS DIGITAL/Grupo1_Lab7/Grupo1_Lab7.srcs/sources_1/new/Flip_Flop_D.vhd
Note: Tic tac.. testClock='0'
Time: 140 ns  Iteration: 0  Process: /FF_D_TB/generate_100Mhzs_clock  File: C:/Users/HP G4/Desktop/LABORATORIOS DIGITAL/Grupo1_Lab7/Grupo1_Lab7.srcs/sim_1/new/FF_D_TB.vhd
Note: Procesando tic tac.. clock='1'
Time: 140 ns  Iteration: 1  Process: /FF_D_TB/testing_unit/main_process  File: C:/Users/HP G4/Desktop/LABORATORIOS DIGITAL/Grupo1_Lab7/Grupo1_Lab7.srcs/sources_1/new/Flip_Flop_D.vhd
Note:     D='0'
Time: 140 ns  Iteration: 1  Process: /FF_D_TB/testing_unit/main_process  File: C:/Users/HP G4/Desktop/LABORATORIOS DIGITAL/Grupo1_Lab7/Grupo1_Lab7.srcs/sources_1/new/Flip_Flop_D.vhd
Note:     internalQ='0'
Time: 140 ns  Iteration: 1  Process: /FF_D_TB/testing_unit/main_process  File: C:/Users/HP G4/Desktop/LABORATORIOS DIGITAL/Grupo1_Lab7/Grupo1_Lab7.srcs/sources_1/new/Flip_Flop_D.vhd
Note: Tic tac.. testClock='1'
Time: 145 ns  Iteration: 0  Process: /FF_D_TB/generate_100Mhzs_clock  File: C:/Users/HP G4/Desktop/LABORATORIOS DIGITAL/Grupo1_Lab7/Grupo1_Lab7.srcs/sim_1/new/FF_D_TB.vhd
Note:     internalQ='0'
Time: 145 ns  Iteration: 1  Process: /FF_D_TB/testing_unit/main_process  File: C:/Users/HP G4/Desktop/LABORATORIOS DIGITAL/Grupo1_Lab7/Grupo1_Lab7.srcs/sources_1/new/Flip_Flop_D.vhd
Note: Tic tac.. testClock='0'
Time: 150 ns  Iteration: 0  Process: /FF_D_TB/generate_100Mhzs_clock  File: C:/Users/HP G4/Desktop/LABORATORIOS DIGITAL/Grupo1_Lab7/Grupo1_Lab7.srcs/sim_1/new/FF_D_TB.vhd
Note: Procesando tic tac.. clock='1'
Time: 150 ns  Iteration: 1  Process: /FF_D_TB/testing_unit/main_process  File: C:/Users/HP G4/Desktop/LABORATORIOS DIGITAL/Grupo1_Lab7/Grupo1_Lab7.srcs/sources_1/new/Flip_Flop_D.vhd
Note:     D='0'
Time: 150 ns  Iteration: 1  Process: /FF_D_TB/testing_unit/main_process  File: C:/Users/HP G4/Desktop/LABORATORIOS DIGITAL/Grupo1_Lab7/Grupo1_Lab7.srcs/sources_1/new/Flip_Flop_D.vhd
Note:     internalQ='0'
Time: 150 ns  Iteration: 1  Process: /FF_D_TB/testing_unit/main_process  File: C:/Users/HP G4/Desktop/LABORATORIOS DIGITAL/Grupo1_Lab7/Grupo1_Lab7.srcs/sources_1/new/Flip_Flop_D.vhd
Note: Tic tac.. testClock='1'
Time: 155 ns  Iteration: 0  Process: /FF_D_TB/generate_100Mhzs_clock  File: C:/Users/HP G4/Desktop/LABORATORIOS DIGITAL/Grupo1_Lab7/Grupo1_Lab7.srcs/sim_1/new/FF_D_TB.vhd
Note:     internalQ='0'
Time: 155 ns  Iteration: 1  Process: /FF_D_TB/testing_unit/main_process  File: C:/Users/HP G4/Desktop/LABORATORIOS DIGITAL/Grupo1_Lab7/Grupo1_Lab7.srcs/sources_1/new/Flip_Flop_D.vhd
Note: Tic tac.. testClock='0'
Time: 160 ns  Iteration: 0  Process: /FF_D_TB/generate_100Mhzs_clock  File: C:/Users/HP G4/Desktop/LABORATORIOS DIGITAL/Grupo1_Lab7/Grupo1_Lab7.srcs/sim_1/new/FF_D_TB.vhd
Note: Procesando tic tac.. clock='1'
Time: 160 ns  Iteration: 1  Process: /FF_D_TB/testing_unit/main_process  File: C:/Users/HP G4/Desktop/LABORATORIOS DIGITAL/Grupo1_Lab7/Grupo1_Lab7.srcs/sources_1/new/Flip_Flop_D.vhd
Note:     D='0'
Time: 160 ns  Iteration: 1  Process: /FF_D_TB/testing_unit/main_process  File: C:/Users/HP G4/Desktop/LABORATORIOS DIGITAL/Grupo1_Lab7/Grupo1_Lab7.srcs/sources_1/new/Flip_Flop_D.vhd
Note:     internalQ='0'
Time: 160 ns  Iteration: 1  Process: /FF_D_TB/testing_unit/main_process  File: C:/Users/HP G4/Desktop/LABORATORIOS DIGITAL/Grupo1_Lab7/Grupo1_Lab7.srcs/sources_1/new/Flip_Flop_D.vhd
Note: Tic tac.. testClock='1'
Time: 165 ns  Iteration: 0  Process: /FF_D_TB/generate_100Mhzs_clock  File: C:/Users/HP G4/Desktop/LABORATORIOS DIGITAL/Grupo1_Lab7/Grupo1_Lab7.srcs/sim_1/new/FF_D_TB.vhd
Note:     internalQ='0'
Time: 165 ns  Iteration: 1  Process: /FF_D_TB/testing_unit/main_process  File: C:/Users/HP G4/Desktop/LABORATORIOS DIGITAL/Grupo1_Lab7/Grupo1_Lab7.srcs/sources_1/new/Flip_Flop_D.vhd
Note: Tic tac.. testClock='0'
Time: 170 ns  Iteration: 0  Process: /FF_D_TB/generate_100Mhzs_clock  File: C:/Users/HP G4/Desktop/LABORATORIOS DIGITAL/Grupo1_Lab7/Grupo1_Lab7.srcs/sim_1/new/FF_D_TB.vhd
Note: Procesando tic tac.. clock='1'
Time: 170 ns  Iteration: 1  Process: /FF_D_TB/testing_unit/main_process  File: C:/Users/HP G4/Desktop/LABORATORIOS DIGITAL/Grupo1_Lab7/Grupo1_Lab7.srcs/sources_1/new/Flip_Flop_D.vhd
Note:     D='0'
Time: 170 ns  Iteration: 1  Process: /FF_D_TB/testing_unit/main_process  File: C:/Users/HP G4/Desktop/LABORATORIOS DIGITAL/Grupo1_Lab7/Grupo1_Lab7.srcs/sources_1/new/Flip_Flop_D.vhd
Note:     internalQ='0'
Time: 170 ns  Iteration: 1  Process: /FF_D_TB/testing_unit/main_process  File: C:/Users/HP G4/Desktop/LABORATORIOS DIGITAL/Grupo1_Lab7/Grupo1_Lab7.srcs/sources_1/new/Flip_Flop_D.vhd
Note: Tic tac.. testClock='1'
Time: 175 ns  Iteration: 0  Process: /FF_D_TB/generate_100Mhzs_clock  File: C:/Users/HP G4/Desktop/LABORATORIOS DIGITAL/Grupo1_Lab7/Grupo1_Lab7.srcs/sim_1/new/FF_D_TB.vhd
Note:     internalQ='0'
Time: 175 ns  Iteration: 1  Process: /FF_D_TB/testing_unit/main_process  File: C:/Users/HP G4/Desktop/LABORATORIOS DIGITAL/Grupo1_Lab7/Grupo1_Lab7.srcs/sources_1/new/Flip_Flop_D.vhd
Note: Tic tac.. testClock='0'
Time: 180 ns  Iteration: 0  Process: /FF_D_TB/generate_100Mhzs_clock  File: C:/Users/HP G4/Desktop/LABORATORIOS DIGITAL/Grupo1_Lab7/Grupo1_Lab7.srcs/sim_1/new/FF_D_TB.vhd
Note: Procesando tic tac.. clock='1'
Time: 180 ns  Iteration: 1  Process: /FF_D_TB/testing_unit/main_process  File: C:/Users/HP G4/Desktop/LABORATORIOS DIGITAL/Grupo1_Lab7/Grupo1_Lab7.srcs/sources_1/new/Flip_Flop_D.vhd
Note:     D='0'
Time: 180 ns  Iteration: 1  Process: /FF_D_TB/testing_unit/main_process  File: C:/Users/HP G4/Desktop/LABORATORIOS DIGITAL/Grupo1_Lab7/Grupo1_Lab7.srcs/sources_1/new/Flip_Flop_D.vhd
Note:     internalQ='0'
Time: 180 ns  Iteration: 1  Process: /FF_D_TB/testing_unit/main_process  File: C:/Users/HP G4/Desktop/LABORATORIOS DIGITAL/Grupo1_Lab7/Grupo1_Lab7.srcs/sources_1/new/Flip_Flop_D.vhd
Note: Tic tac.. testClock='1'
Time: 185 ns  Iteration: 0  Process: /FF_D_TB/generate_100Mhzs_clock  File: C:/Users/HP G4/Desktop/LABORATORIOS DIGITAL/Grupo1_Lab7/Grupo1_Lab7.srcs/sim_1/new/FF_D_TB.vhd
Note:     internalQ='0'
Time: 185 ns  Iteration: 1  Process: /FF_D_TB/testing_unit/main_process  File: C:/Users/HP G4/Desktop/LABORATORIOS DIGITAL/Grupo1_Lab7/Grupo1_Lab7.srcs/sources_1/new/Flip_Flop_D.vhd
Note: Tic tac.. testClock='0'
Time: 190 ns  Iteration: 0  Process: /FF_D_TB/generate_100Mhzs_clock  File: C:/Users/HP G4/Desktop/LABORATORIOS DIGITAL/Grupo1_Lab7/Grupo1_Lab7.srcs/sim_1/new/FF_D_TB.vhd
Note: Procesando tic tac.. clock='1'
Time: 190 ns  Iteration: 1  Process: /FF_D_TB/testing_unit/main_process  File: C:/Users/HP G4/Desktop/LABORATORIOS DIGITAL/Grupo1_Lab7/Grupo1_Lab7.srcs/sources_1/new/Flip_Flop_D.vhd
Note:     D='0'
Time: 190 ns  Iteration: 1  Process: /FF_D_TB/testing_unit/main_process  File: C:/Users/HP G4/Desktop/LABORATORIOS DIGITAL/Grupo1_Lab7/Grupo1_Lab7.srcs/sources_1/new/Flip_Flop_D.vhd
Note:     internalQ='0'
Time: 190 ns  Iteration: 1  Process: /FF_D_TB/testing_unit/main_process  File: C:/Users/HP G4/Desktop/LABORATORIOS DIGITAL/Grupo1_Lab7/Grupo1_Lab7.srcs/sources_1/new/Flip_Flop_D.vhd
Note: Tic tac.. testClock='1'
Time: 195 ns  Iteration: 0  Process: /FF_D_TB/generate_100Mhzs_clock  File: C:/Users/HP G4/Desktop/LABORATORIOS DIGITAL/Grupo1_Lab7/Grupo1_Lab7.srcs/sim_1/new/FF_D_TB.vhd
Note:     internalQ='0'
Time: 195 ns  Iteration: 1  Process: /FF_D_TB/testing_unit/main_process  File: C:/Users/HP G4/Desktop/LABORATORIOS DIGITAL/Grupo1_Lab7/Grupo1_Lab7.srcs/sources_1/new/Flip_Flop_D.vhd
Note: Tic tac.. testClock='0'
Time: 200 ns  Iteration: 0  Process: /FF_D_TB/generate_100Mhzs_clock  File: C:/Users/HP G4/Desktop/LABORATORIOS DIGITAL/Grupo1_Lab7/Grupo1_Lab7.srcs/sim_1/new/FF_D_TB.vhd
Note: Procesando tic tac.. clock='1'
Time: 200 ns  Iteration: 1  Process: /FF_D_TB/testing_unit/main_process  File: C:/Users/HP G4/Desktop/LABORATORIOS DIGITAL/Grupo1_Lab7/Grupo1_Lab7.srcs/sources_1/new/Flip_Flop_D.vhd
Note:     D='0'
Time: 200 ns  Iteration: 1  Process: /FF_D_TB/testing_unit/main_process  File: C:/Users/HP G4/Desktop/LABORATORIOS DIGITAL/Grupo1_Lab7/Grupo1_Lab7.srcs/sources_1/new/Flip_Flop_D.vhd
Note:     internalQ='0'
Time: 200 ns  Iteration: 1  Process: /FF_D_TB/testing_unit/main_process  File: C:/Users/HP G4/Desktop/LABORATORIOS DIGITAL/Grupo1_Lab7/Grupo1_Lab7.srcs/sources_1/new/Flip_Flop_D.vhd
INFO: [USF-XSim-96] XSim completed. Design snapshot 'FF_D_TB_behav' loaded.
INFO: [USF-XSim-97] XSim simulation ran for 1000ns
launch_simulation: Time (s): cpu = 00:00:16 ; elapsed = 00:00:14 . Memory (MB): peak = 789.191 ; gain = 40.312
close_sim
INFO: [Simtcl 6-16] Simulation closed
close_sim: Time (s): cpu = 00:00:04 ; elapsed = 00:00:05 . Memory (MB): peak = 791.715 ; gain = 0.000
exit
INFO: [Common 17-206] Exiting Vivado at Tue Oct 18 11:12:31 2022...
