#-----------------------------------------------------------
# Vivado v2018.3 (64-bit)
# SW Build 2405991 on Thu Dec  6 23:38:27 MST 2018
# IP Build 2404404 on Fri Dec  7 01:43:56 MST 2018
# Start of session at: Thu Oct 13 12:00:57 2022
# Process ID: 7512
# Current directory: C:/Users/HP G4/Desktop/lab6/LAB6A/grupo_1Lab6A
# Command line: vivado.exe -gui_launcher_event rodinguilauncherevent11032 C:\Users\HP G4\Desktop\lab6\LAB6A\grupo_1Lab6A\grupo_1Lab6A.xpr
# Log file: C:/Users/HP G4/Desktop/lab6/LAB6A/grupo_1Lab6A/vivado.log
# Journal file: C:/Users/HP G4/Desktop/lab6/LAB6A/grupo_1Lab6A\vivado.jou
#-----------------------------------------------------------
start_gui
open_project {C:/Users/HP G4/Desktop/lab6/LAB6A/grupo_1Lab6A/grupo_1Lab6A.xpr}
Scanning sources...
Finished scanning sources
INFO: [IP_Flow 19-234] Refreshing IP repositories
INFO: [IP_Flow 19-1704] No user IP repositories specified
INFO: [IP_Flow 19-2313] Loaded Vivado IP repository 'C:/Xilinx/Vivado/2018.3/data/ip'.
open_project: Time (s): cpu = 00:00:29 ; elapsed = 00:00:14 . Memory (MB): peak = 767.594 ; gain = 166.703
update_compile_order -fileset sources_1
launch_simulation
INFO: [Vivado 12-5682] Launching behavioral simulation in 'C:/Users/HP G4/Desktop/lab6/LAB6A/grupo_1Lab6A/grupo_1Lab6A.sim/sim_1/behav/xsim'
INFO: [SIM-utils-51] Simulation object is 'sim_1'
INFO: [SIM-utils-54] Inspecting design source files for 'CD4063' in fileset 'sim_1'...
INFO: [USF-XSim-97] Finding global include files...
INFO: [USF-XSim-98] Fetching design files from 'sim_1'...
INFO: [USF-XSim-2] XSim::Compile design
INFO: [USF-XSim-61] Executing 'COMPILE and ANALYZE' step in 'C:/Users/HP G4/Desktop/lab6/LAB6A/grupo_1Lab6A/grupo_1Lab6A.sim/sim_1/behav/xsim'
"xvhdl --incr --relax -prj CD4063_vhdl.prj"
INFO: [USF-XSim-69] 'compile' step finished in '2' seconds
INFO: [USF-XSim-3] XSim::Elaborate design
INFO: [USF-XSim-61] Executing 'ELABORATE' step in 'C:/Users/HP G4/Desktop/lab6/LAB6A/grupo_1Lab6A/grupo_1Lab6A.sim/sim_1/behav/xsim'
Vivado Simulator 2018.3
Copyright 1986-1999, 2001-2018 Xilinx, Inc. All Rights Reserved.
Running: C:/Xilinx/Vivado/2018.3/bin/unwrapped/win64.o/xelab.exe -wto 47d57205f5af4f8b962f1c8ffc4fdeb2 --incr --debug typical --relax --mt 2 -L xil_defaultlib -L secureip --snapshot CD4063_behav xil_defaultlib.CD4063 -log elaborate.log 
Using 2 slave threads.
Starting static elaboration
Completed static elaboration
INFO: [XSIM 43-4323] No Change in HDL. Linking previously generated obj files to create kernel
C:/Xilinx/Vivado/2018.3/tps/mingw/6.2.0/win64.o/nt/bin/../lib/gcc/x86_64-w64-mingw32/6.2.0/../../../../x86_64-w64-mingw32/bin/ld.exe: cannot open output file xsim.dir/CD4063_behav/xsimk.exe: Permission denied
collect2.exe: error: ld returned 1 exit status
INFO: [USF-XSim-69] 'elaborate' step finished in '2' seconds
ERROR: [USF-XSim-62] 'elaborate' step failed with error(s) while executing 'C:/Users/HP G4/Desktop/lab6/LAB6A/grupo_1Lab6A/grupo_1Lab6A.sim/sim_1/behav/xsim/elaborate.bat' script. Please check that the file has the correct 'read/write/execute' permissions and the Tcl console output for any other possible errors or warnings.
ERROR: [Vivado 12-4473] Detected error while running simulation. Please correct the issue and retry this operation.
launch_simulation: Time (s): cpu = 00:00:05 ; elapsed = 00:00:05 . Memory (MB): peak = 791.773 ; gain = 0.750
ERROR: [Common 17-39] 'launch_simulation' failed due to earlier errors.
launch_simulation
INFO: [Vivado 12-5682] Launching behavioral simulation in 'C:/Users/HP G4/Desktop/lab6/LAB6A/grupo_1Lab6A/grupo_1Lab6A.sim/sim_1/behav/xsim'
INFO: [SIM-utils-51] Simulation object is 'sim_1'
INFO: [SIM-utils-54] Inspecting design source files for 'CD4063' in fileset 'sim_1'...
INFO: [USF-XSim-97] Finding global include files...
INFO: [USF-XSim-98] Fetching design files from 'sim_1'...
INFO: [USF-XSim-2] XSim::Compile design
INFO: [USF-XSim-61] Executing 'COMPILE and ANALYZE' step in 'C:/Users/HP G4/Desktop/lab6/LAB6A/grupo_1Lab6A/grupo_1Lab6A.sim/sim_1/behav/xsim'
"xvhdl --incr --relax -prj CD4063_vhdl.prj"
INFO: [USF-XSim-69] 'compile' step finished in '1' seconds
INFO: [USF-XSim-3] XSim::Elaborate design
INFO: [USF-XSim-61] Executing 'ELABORATE' step in 'C:/Users/HP G4/Desktop/lab6/LAB6A/grupo_1Lab6A/grupo_1Lab6A.sim/sim_1/behav/xsim'
Vivado Simulator 2018.3
Copyright 1986-1999, 2001-2018 Xilinx, Inc. All Rights Reserved.
Running: C:/Xilinx/Vivado/2018.3/bin/unwrapped/win64.o/xelab.exe -wto 47d57205f5af4f8b962f1c8ffc4fdeb2 --incr --debug typical --relax --mt 2 -L xil_defaultlib -L secureip --snapshot CD4063_behav xil_defaultlib.CD4063 -log elaborate.log 
Using 2 slave threads.
Starting static elaboration
Completed static elaboration
INFO: [XSIM 43-4323] No Change in HDL. Linking previously generated obj files to create kernel
C:/Xilinx/Vivado/2018.3/tps/mingw/6.2.0/win64.o/nt/bin/../lib/gcc/x86_64-w64-mingw32/6.2.0/../../../../x86_64-w64-mingw32/bin/ld.exe: cannot open output file xsim.dir/CD4063_behav/xsimk.exe: Permission denied
collect2.exe: error: ld returned 1 exit status
INFO: [USF-XSim-69] 'elaborate' step finished in '1' seconds
ERROR: [USF-XSim-62] 'elaborate' step failed with error(s) while executing 'C:/Users/HP G4/Desktop/lab6/LAB6A/grupo_1Lab6A/grupo_1Lab6A.sim/sim_1/behav/xsim/elaborate.bat' script. Please check that the file has the correct 'read/write/execute' permissions and the Tcl console output for any other possible errors or warnings.
ERROR: [Vivado 12-4473] Detected error while running simulation. Please correct the issue and retry this operation.
ERROR: [Common 17-39] 'launch_simulation' failed due to earlier errors.
