#-----------------------------------------------------------
# Vivado v2018.3 (64-bit)
# SW Build 2405991 on Thu Dec  6 23:38:27 MST 2018
# IP Build 2404404 on Fri Dec  7 01:43:56 MST 2018
# Start of session at: Tue Oct 18 07:39:15 2022
# Process ID: 6100
# Current directory: C:/Users/HP G4/Desktop/LABORATORIOS DIGITAL/Grupo1_Lab8
# Command line: vivado.exe -gui_launcher_event rodinguilauncherevent12280 C:\Users\HP G4\Desktop\LABORATORIOS DIGITAL\Grupo1_Lab8\Grupo1_Lab8.xpr
# Log file: C:/Users/HP G4/Desktop/LABORATORIOS DIGITAL/Grupo1_Lab8/vivado.log
# Journal file: C:/Users/HP G4/Desktop/LABORATORIOS DIGITAL/Grupo1_Lab8\vivado.jou
#-----------------------------------------------------------
start_gui
open_project {C:/Users/HP G4/Desktop/LABORATORIOS DIGITAL/Grupo1_Lab8/Grupo1_Lab8.xpr}
INFO: [Project 1-313] Project file moved from 'C:/Users/HP/OneDrive/Documentos/MARCELO/UCB/Circuitos Digitales/Grupo1_Lab8' since last save.
Scanning sources...
Finished scanning sources
INFO: [IP_Flow 19-234] Refreshing IP repositories
INFO: [IP_Flow 19-1704] No user IP repositories specified
INFO: [IP_Flow 19-2313] Loaded Vivado IP repository 'C:/Xilinx/Vivado/2018.3/data/ip'.
open_project: Time (s): cpu = 00:00:34 ; elapsed = 00:00:20 . Memory (MB): peak = 750.770 ; gain = 151.031
update_compile_order -fileset sources_1
launch_simulation
INFO: [Vivado 12-5682] Launching behavioral simulation in 'C:/Users/HP G4/Desktop/LABORATORIOS DIGITAL/Grupo1_Lab8/Grupo1_Lab8.sim/sim_1/behav/xsim'
INFO: [SIM-utils-51] Simulation object is 'sim_1'
INFO: [SIM-utils-54] Inspecting design source files for 'C4B_TB' in fileset 'sim_1'...
INFO: [USF-XSim-97] Finding global include files...
INFO: [USF-XSim-98] Fetching design files from 'sim_1'...
INFO: [USF-XSim-2] XSim::Compile design
INFO: [USF-XSim-61] Executing 'COMPILE and ANALYZE' step in 'C:/Users/HP G4/Desktop/LABORATORIOS DIGITAL/Grupo1_Lab8/Grupo1_Lab8.sim/sim_1/behav/xsim'
"xvhdl --incr --relax -prj C4B_TB_vhdl.prj"
INFO: [VRFC 10-163] Analyzing VHDL file "C:/Users/HP G4/Desktop/LABORATORIOS DIGITAL/Grupo1_Lab8/Grupo1_Lab8.srcs/sources_1/new/Contador4bits.vhd" into library xil_defaultlib
INFO: [VRFC 10-3107] analyzing entity 'Contador4bits'
INFO: [VRFC 10-163] Analyzing VHDL file "C:/Users/HP G4/Desktop/LABORATORIOS DIGITAL/Grupo1_Lab8/Grupo1_Lab8.srcs/sim_1/new/C4B_TB.vhd" into library xil_defaultlib
INFO: [VRFC 10-3107] analyzing entity 'C4B_TB'
INFO: [USF-XSim-69] 'compile' step finished in '4' seconds
INFO: [USF-XSim-3] XSim::Elaborate design
INFO: [USF-XSim-61] Executing 'ELABORATE' step in 'C:/Users/HP G4/Desktop/LABORATORIOS DIGITAL/Grupo1_Lab8/Grupo1_Lab8.sim/sim_1/behav/xsim'
Vivado Simulator 2018.3
Copyright 1986-1999, 2001-2018 Xilinx, Inc. All Rights Reserved.
Running: C:/Xilinx/Vivado/2018.3/bin/unwrapped/win64.o/xelab.exe -wto ad8831ef0e2e4f6f82b56d0959819525 --incr --debug typical --relax --mt 2 -L xil_defaultlib -L secureip --snapshot C4B_TB_behav xil_defaultlib.C4B_TB -log elaborate.log 
Using 2 slave threads.
Starting static elaboration
Completed static elaboration
Starting simulation data flow analysis
Completed simulation data flow analysis
Time Resolution for simulation is 1ps
Compiling package std.standard
Compiling package std.textio
Compiling package ieee.std_logic_1164
Compiling package ieee.std_logic_arith
Compiling package ieee.std_logic_unsigned
Compiling architecture behavioral of entity xil_defaultlib.Contador4bits [contador4bits_default]
Compiling architecture behavioral of entity xil_defaultlib.c4b_tb
Built simulation snapshot C4B_TB_behav
run_program: Time (s): cpu = 00:00:00 ; elapsed = 00:00:09 . Memory (MB): peak = 770.523 ; gain = 0.000
INFO: [USF-XSim-69] 'elaborate' step finished in '9' seconds
INFO: [USF-XSim-4] XSim::Simulate design
INFO: [USF-XSim-61] Executing 'SIMULATE' step in 'C:/Users/HP G4/Desktop/LABORATORIOS DIGITAL/Grupo1_Lab8/Grupo1_Lab8.sim/sim_1/behav/xsim'
INFO: [USF-XSim-98] *** Running xsim
   with args "C4B_TB_behav -key {Behavioral:sim_1:Functional:C4B_TB} -tclbatch {C4B_TB.tcl} -log {simulate.log}"
INFO: [USF-XSim-8] Loading simulator feature
Vivado Simulator 2018.3
Time resolution is 1 ps
source C4B_TB.tcl
# set curr_wave [current_wave_config]
# if { [string length $curr_wave] == 0 } {
#   if { [llength [get_objects]] > 0} {
#     add_wave /
#     set_property needs_save false [current_wave_config]
#   } else {
#      send_msg_id Add_Wave-1 WARNING "No top level signals found. Simulator will start without a wave window. If you want to open a wave window go to 'File->New Waveform Configuration' or type 'create_wave_config' in the TCL console."
#   }
# }
# run 1000ns
xsim: Time (s): cpu = 00:00:12 ; elapsed = 00:00:06 . Memory (MB): peak = 775.359 ; gain = 4.836
INFO: [USF-XSim-96] XSim completed. Design snapshot 'C4B_TB_behav' loaded.
INFO: [USF-XSim-97] XSim simulation ran for 1000ns
launch_simulation: Time (s): cpu = 00:00:16 ; elapsed = 00:00:21 . Memory (MB): peak = 775.359 ; gain = 4.836
synth_design -rtl -name rtl_1
Command: synth_design -rtl -name rtl_1
Starting synth_design
Using part: xc7z020clg484-1
Top: Contador4bits
---------------------------------------------------------------------------------
Starting RTL Elaboration : Time (s): cpu = 00:00:05 ; elapsed = 00:00:06 . Memory (MB): peak = 871.621 ; gain = 83.266
---------------------------------------------------------------------------------
INFO: [Synth 8-638] synthesizing module 'Contador4bits' [C:/Users/HP G4/Desktop/LABORATORIOS DIGITAL/Grupo1_Lab8/Grupo1_Lab8.srcs/sources_1/new/Contador4bits.vhd:41]
INFO: [Synth 8-256] done synthesizing module 'Contador4bits' (1#1) [C:/Users/HP G4/Desktop/LABORATORIOS DIGITAL/Grupo1_Lab8/Grupo1_Lab8.srcs/sources_1/new/Contador4bits.vhd:41]
---------------------------------------------------------------------------------
Finished RTL Elaboration : Time (s): cpu = 00:00:07 ; elapsed = 00:00:07 . Memory (MB): peak = 923.938 ; gain = 135.582
---------------------------------------------------------------------------------

Report Check Netlist: 
+------+------------------+-------+---------+-------+------------------+
|      |Item              |Errors |Warnings |Status |Description       |
+------+------------------+-------+---------+-------+------------------+
|1     |multi_driven_nets |      0|        0|Passed |Multi driven nets |
+------+------------------+-------+---------+-------+------------------+
---------------------------------------------------------------------------------
Start Handling Custom Attributes
---------------------------------------------------------------------------------
---------------------------------------------------------------------------------
Finished Handling Custom Attributes : Time (s): cpu = 00:00:07 ; elapsed = 00:00:08 . Memory (MB): peak = 923.938 ; gain = 135.582
---------------------------------------------------------------------------------
---------------------------------------------------------------------------------
Finished RTL Optimization Phase 1 : Time (s): cpu = 00:00:07 ; elapsed = 00:00:08 . Memory (MB): peak = 923.938 ; gain = 135.582
---------------------------------------------------------------------------------
INFO: [Device 21-403] Loading part xc7z020clg484-1
INFO: [Project 1-570] Preparing netlist for logic optimization

Processing XDC Constraints
Initializing timing engine
Completed Processing XDC Constraints

INFO: [Opt 31-138] Pushed 0 inverter(s) to 0 load pin(s).
Netlist sorting complete. Time (s): cpu = 00:00:00 ; elapsed = 00:00:00 . Memory (MB): peak = 1228.246 ; gain = 0.000
INFO: [Project 1-111] Unisim Transformation Summary:
No Unisim elements were transformed.

RTL Elaboration Complete:  : Time (s): cpu = 00:00:43 ; elapsed = 00:00:31 . Memory (MB): peak = 1295.973 ; gain = 507.617
6 Infos, 0 Warnings, 0 Critical Warnings and 0 Errors encountered.
synth_design completed successfully
synth_design: Time (s): cpu = 00:00:44 ; elapsed = 00:00:32 . Memory (MB): peak = 1295.973 ; gain = 507.617
close_sim
INFO: [Simtcl 6-16] Simulation closed
launch_simulation
INFO: [Vivado 12-5682] Launching behavioral simulation in 'C:/Users/HP G4/Desktop/LABORATORIOS DIGITAL/Grupo1_Lab8/Grupo1_Lab8.sim/sim_1/behav/xsim'
INFO: [SIM-utils-51] Simulation object is 'sim_1'
INFO: [SIM-utils-54] Inspecting design source files for 'C4B_TB' in fileset 'sim_1'...
INFO: [USF-XSim-97] Finding global include files...
INFO: [USF-XSim-98] Fetching design files from 'sim_1'...
INFO: [USF-XSim-2] XSim::Compile design
INFO: [USF-XSim-61] Executing 'COMPILE and ANALYZE' step in 'C:/Users/HP G4/Desktop/LABORATORIOS DIGITAL/Grupo1_Lab8/Grupo1_Lab8.sim/sim_1/behav/xsim'
"xvhdl --incr --relax -prj C4B_TB_vhdl.prj"
INFO: [USF-XSim-69] 'compile' step finished in '2' seconds
INFO: [USF-XSim-3] XSim::Elaborate design
INFO: [USF-XSim-61] Executing 'ELABORATE' step in 'C:/Users/HP G4/Desktop/LABORATORIOS DIGITAL/Grupo1_Lab8/Grupo1_Lab8.sim/sim_1/behav/xsim'
Vivado Simulator 2018.3
Copyright 1986-1999, 2001-2018 Xilinx, Inc. All Rights Reserved.
Running: C:/Xilinx/Vivado/2018.3/bin/unwrapped/win64.o/xelab.exe -wto ad8831ef0e2e4f6f82b56d0959819525 --incr --debug typical --relax --mt 2 -L xil_defaultlib -L secureip --snapshot C4B_TB_behav xil_defaultlib.C4B_TB -log elaborate.log 
Using 2 slave threads.
Starting static elaboration
Completed static elaboration
INFO: [XSIM 43-4323] No Change in HDL. Linking previously generated obj files to create kernel
INFO: [USF-XSim-69] 'elaborate' step finished in '3' seconds
INFO: [USF-XSim-4] XSim::Simulate design
INFO: [USF-XSim-61] Executing 'SIMULATE' step in 'C:/Users/HP G4/Desktop/LABORATORIOS DIGITAL/Grupo1_Lab8/Grupo1_Lab8.sim/sim_1/behav/xsim'
INFO: [USF-XSim-98] *** Running xsim
   with args "C4B_TB_behav -key {Behavioral:sim_1:Functional:C4B_TB} -tclbatch {C4B_TB.tcl} -log {simulate.log}"
INFO: [USF-XSim-8] Loading simulator feature
Vivado Simulator 2018.3
Time resolution is 1 ps
source C4B_TB.tcl
# set curr_wave [current_wave_config]
# if { [string length $curr_wave] == 0 } {
#   if { [llength [get_objects]] > 0} {
#     add_wave /
#     set_property needs_save false [current_wave_config]
#   } else {
#      send_msg_id Add_Wave-1 WARNING "No top level signals found. Simulator will start without a wave window. If you want to open a wave window go to 'File->New Waveform Configuration' or type 'create_wave_config' in the TCL console."
#   }
# }
# run 1000ns
INFO: [USF-XSim-96] XSim completed. Design snapshot 'C4B_TB_behav' loaded.
INFO: [USF-XSim-97] XSim simulation ran for 1000ns
launch_simulation: Time (s): cpu = 00:00:07 ; elapsed = 00:00:09 . Memory (MB): peak = 1296.309 ; gain = 0.000
close_sim
INFO: [Simtcl 6-16] Simulation closed
exit
INFO: [Common 17-206] Exiting Vivado at Tue Oct 18 11:12:41 2022...
