#-----------------------------------------------------------
# Vivado v2018.3 (64-bit)
# SW Build 2405991 on Thu Dec  6 23:38:27 MST 2018
# IP Build 2404404 on Fri Dec  7 01:43:56 MST 2018
# Start of session at: Tue Nov  1 09:04:01 2022
# Process ID: 11840
# Current directory: C:/Users/HP G4/Desktop/LABORATORIOS DIGITAL/Grupo1_Lab8
# Command line: vivado.exe -gui_launcher_event rodinguilauncherevent6520 C:\Users\HP G4\Desktop\LABORATORIOS DIGITAL\Grupo1_Lab8\Grupo1_Lab8.xpr
# Log file: C:/Users/HP G4/Desktop/LABORATORIOS DIGITAL/Grupo1_Lab8/vivado.log
# Journal file: C:/Users/HP G4/Desktop/LABORATORIOS DIGITAL/Grupo1_Lab8\vivado.jou
#-----------------------------------------------------------
start_gui
open_project {C:/Users/HP G4/Desktop/LABORATORIOS DIGITAL/Grupo1_Lab8/Grupo1_Lab8.xpr}
Scanning sources...
Finished scanning sources
INFO: [IP_Flow 19-234] Refreshing IP repositories
INFO: [IP_Flow 19-1704] No user IP repositories specified
INFO: [IP_Flow 19-2313] Loaded Vivado IP repository 'C:/Xilinx/Vivado/2018.3/data/ip'.
open_project: Time (s): cpu = 00:00:29 ; elapsed = 00:00:15 . Memory (MB): peak = 765.793 ; gain = 166.355
update_compile_order -fileset sources_1
exit
INFO: [Common 17-206] Exiting Vivado at Tue Nov  1 09:04:57 2022...
