INFO: [VRFC 10-163] Analyzing VHDL file "C:/Users/HP G4/Desktop/LABORATORIOS DIGITAL/grupo1_Lab6B/grupo1_Lab6B.srcs/sources_1/new/AND_GATE2.vhd" into library xil_defaultlib
INFO: [VRFC 10-3107] analyzing entity 'AND_GATE2'
INFO: [VRFC 10-163] Analyzing VHDL file "C:/Users/HP G4/Desktop/LABORATORIOS DIGITAL/grupo1_Lab6B/grupo1_Lab6B.srcs/sources_1/new/AND_GATE3.vhd" into library xil_defaultlib
INFO: [VRFC 10-3107] analyzing entity 'AND_GATE3'
INFO: [VRFC 10-163] Analyzing VHDL file "C:/Users/HP G4/Desktop/LABORATORIOS DIGITAL/grupo1_Lab6B/grupo1_Lab6B.srcs/sources_1/new/CD4063.vhd" into library xil_defaultlib
INFO: [VRFC 10-3107] analyzing entity 'CD4063'
INFO: [VRFC 10-163] Analyzing VHDL file "C:/Users/HP G4/Desktop/LABORATORIOS DIGITAL/grupo1_Lab6B/grupo1_Lab6B.srcs/sources_1/new/ENTRADAS.vhd" into library xil_defaultlib
INFO: [VRFC 10-3107] analyzing entity 'ENTRADAS'
INFO: [VRFC 10-163] Analyzing VHDL file "C:/Users/HP G4/Desktop/LABORATORIOS DIGITAL/grupo1_Lab6B/grupo1_Lab6B.srcs/sources_1/new/MODULO.vhd" into library xil_defaultlib
INFO: [VRFC 10-3107] analyzing entity 'MODULO'
INFO: [VRFC 10-163] Analyzing VHDL file "C:/Users/HP G4/Desktop/LABORATORIOS DIGITAL/grupo1_Lab6B/grupo1_Lab6B.srcs/sources_1/new/NAND_GATE2.vhd" into library xil_defaultlib
INFO: [VRFC 10-3107] analyzing entity 'NAND_GATE2'
INFO: [VRFC 10-163] Analyzing VHDL file "C:/Users/HP G4/Desktop/LABORATORIOS DIGITAL/grupo1_Lab6B/grupo1_Lab6B.srcs/sources_1/new/NAND_GATE5.vhd" into library xil_defaultlib
INFO: [VRFC 10-3107] analyzing entity 'NAND_GATE5'
INFO: [VRFC 10-163] Analyzing VHDL file "C:/Users/HP G4/Desktop/LABORATORIOS DIGITAL/grupo1_Lab6B/grupo1_Lab6B.srcs/sources_1/new/NOT_GATE1.vhd" into library xil_defaultlib
INFO: [VRFC 10-3107] analyzing entity 'NOT_GATE1'
INFO: [VRFC 10-163] Analyzing VHDL file "C:/Users/HP G4/Desktop/LABORATORIOS DIGITAL/grupo1_Lab6B/grupo1_Lab6B.srcs/sources_1/new/OR_GATE2.vhd" into library xil_defaultlib
INFO: [VRFC 10-3107] analyzing entity 'OR_GATE2'
INFO: [VRFC 10-163] Analyzing VHDL file "C:/Users/HP G4/Desktop/LABORATORIOS DIGITAL/grupo1_Lab6B/grupo1_Lab6B.srcs/sources_1/new/OR_GATE3.vhd" into library xil_defaultlib
INFO: [VRFC 10-3107] analyzing entity 'OR_GATE3'
INFO: [VRFC 10-163] Analyzing VHDL file "C:/Users/HP G4/Desktop/LABORATORIOS DIGITAL/grupo1_Lab6B/grupo1_Lab6B.srcs/sources_1/new/OR_GATE4.vhd" into library xil_defaultlib
INFO: [VRFC 10-3107] analyzing entity 'OR_GATE4'
INFO: [VRFC 10-163] Analyzing VHDL file "C:/Users/HP G4/Desktop/LABORATORIOS DIGITAL/grupo1_Lab6B/grupo1_Lab6B.srcs/sources_1/new/OR_GATE5.vhd" into library xil_defaultlib
INFO: [VRFC 10-3107] analyzing entity 'OR_GATE5'
INFO: [VRFC 10-163] Analyzing VHDL file "C:/Users/HP G4/Desktop/LABORATORIOS DIGITAL/grupo1_Lab6B/grupo1_Lab6B.srcs/sources_1/new/TOP_LAB.vhd" into library xil_defaultlib
INFO: [VRFC 10-3107] analyzing entity 'TOP_LAB'
INFO: [VRFC 10-163] Analyzing VHDL file "C:/Users/HP G4/Desktop/LABORATORIOS DIGITAL/grupo1_Lab6B/grupo1_Lab6B.srcs/sources_1/new/YES_GATE.vhd" into library xil_defaultlib
INFO: [VRFC 10-3107] analyzing entity 'YES_GATE1'
INFO: [VRFC 10-163] Analyzing VHDL file "C:/Users/HP G4/Desktop/LABORATORIOS DIGITAL/grupo1_Lab6B/grupo1_Lab6B.srcs/sim_1/new/TOP_LAB_TB.vhd" into library xil_defaultlib
INFO: [VRFC 10-3107] analyzing entity 'TOP_LAB_TB'
