#-----------------------------------------------------------
# Vivado v2018.3 (64-bit)
# SW Build 2405991 on Thu Dec  6 23:38:27 MST 2018
# IP Build 2404404 on Fri Dec  7 01:43:56 MST 2018
# Start of session at: Thu Oct 13 11:31:41 2022
# Process ID: 8132
# Current directory: C:/Users/HP G4/Downloads/GRUPO1_LAB3_VIV
# Command line: vivado.exe -gui_launcher_event rodinguilauncherevent5772 C:\Users\HP G4\Downloads\GRUPO1_LAB3_VIV\GRUPO1_LAB3_VIV.xpr
# Log file: C:/Users/HP G4/Downloads/GRUPO1_LAB3_VIV/vivado.log
# Journal file: C:/Users/HP G4/Downloads/GRUPO1_LAB3_VIV\vivado.jou
#-----------------------------------------------------------
start_gui
open_project {C:/Users/HP G4/Downloads/GRUPO1_LAB3_VIV/GRUPO1_LAB3_VIV.xpr}
INFO: [Project 1-313] Project file moved from 'C:/Users/Cjuan/Downloads/GRUPO1_LAB3_VIV' since last save.
Scanning sources...
Finished scanning sources
CRITICAL WARNING: [Project 1-192] Failed to load run synth_1. Strategy Vivado Synthesis Defaults (Vivado Synthesis 2019) not recognized by Vivado. 

CRITICAL WARNING: [Project 1-192] Failed to load run impl_1. Strategy Vivado Implementation Defaults (Vivado Implementation 2019) not recognized by Vivado. 

CRITICAL WARNING: [Project 1-505] Unrecognized Option Name DcpsUptoDate
WARNING: [Project 1-231] Project 'GRUPO1_LAB3_VIV.xpr' was created with a future version and may or may not perform reliably with this version of Vivado. It has been opened in read-only mode for the protection of unrecognized data. Use 'File | Save Project As...' if you wish to alter a copy of the project.
INFO: [IP_Flow 19-234] Refreshing IP repositories
INFO: [IP_Flow 19-1704] No user IP repositories specified
INFO: [IP_Flow 19-2313] Loaded Vivado IP repository 'C:/Xilinx/Vivado/2018.3/data/ip'.
open_project: Time (s): cpu = 00:00:23 ; elapsed = 00:00:13 . Memory (MB): peak = 742.051 ; gain = 147.074
update_compile_order -fileset sources_1
exit
INFO: [Common 17-206] Exiting Vivado at Thu Oct 13 11:33:30 2022...
