#-----------------------------------------------------------
# Vivado v2018.3 (64-bit)
# SW Build 2405991 on Thu Dec  6 23:38:27 MST 2018
# IP Build 2404404 on Fri Dec  7 01:43:56 MST 2018
# Start of session at: Fri Oct 21 16:56:56 2022
# Process ID: 3704
# Current directory: C:/Users/HP G4/Desktop/LABORATORIOS DIGITAL/Grupo1_Lab7_2
# Command line: vivado.exe -gui_launcher_event rodinguilauncherevent10092 C:\Users\HP G4\Desktop\LABORATORIOS DIGITAL\Grupo1_Lab7_2\Grupo1_Lab7_2.xpr
# Log file: C:/Users/HP G4/Desktop/LABORATORIOS DIGITAL/Grupo1_Lab7_2/vivado.log
# Journal file: C:/Users/HP G4/Desktop/LABORATORIOS DIGITAL/Grupo1_Lab7_2\vivado.jou
#-----------------------------------------------------------
start_gui
open_project {C:/Users/HP G4/Desktop/LABORATORIOS DIGITAL/Grupo1_Lab7_2/Grupo1_Lab7_2.xpr}
Scanning sources...
Finished scanning sources
INFO: [IP_Flow 19-234] Refreshing IP repositories
INFO: [IP_Flow 19-1704] No user IP repositories specified
INFO: [IP_Flow 19-2313] Loaded Vivado IP repository 'C:/Xilinx/Vivado/2018.3/data/ip'.
open_project: Time (s): cpu = 00:00:28 ; elapsed = 00:00:14 . Memory (MB): peak = 752.594 ; gain = 145.195
update_compile_order -fileset sources_1
launch_simulation
INFO: [Vivado 12-5682] Launching behavioral simulation in 'C:/Users/HP G4/Desktop/LABORATORIOS DIGITAL/Grupo1_Lab7_2/Grupo1_Lab7_2.sim/sim_1/behav/xsim'
INFO: [SIM-utils-51] Simulation object is 'sim_1'
INFO: [SIM-utils-54] Inspecting design source files for 'FF_JK_TB' in fileset 'sim_1'...
INFO: [USF-XSim-97] Finding global include files...
INFO: [USF-XSim-98] Fetching design files from 'sim_1'...
INFO: [USF-XSim-2] XSim::Compile design
INFO: [USF-XSim-61] Executing 'COMPILE and ANALYZE' step in 'C:/Users/HP G4/Desktop/LABORATORIOS DIGITAL/Grupo1_Lab7_2/Grupo1_Lab7_2.sim/sim_1/behav/xsim'
"xvhdl --incr --relax -prj FF_JK_TB_vhdl.prj"
INFO: [USF-XSim-69] 'compile' step finished in '2' seconds
INFO: [USF-XSim-3] XSim::Elaborate design
INFO: [USF-XSim-61] Executing 'ELABORATE' step in 'C:/Users/HP G4/Desktop/LABORATORIOS DIGITAL/Grupo1_Lab7_2/Grupo1_Lab7_2.sim/sim_1/behav/xsim'
Vivado Simulator 2018.3
Copyright 1986-1999, 2001-2018 Xilinx, Inc. All Rights Reserved.
Running: C:/Xilinx/Vivado/2018.3/bin/unwrapped/win64.o/xelab.exe -wto 4252f3d0c85440079903cf5afff6fa67 --incr --debug typical --relax --mt 2 -L xil_defaultlib -L secureip --snapshot FF_JK_TB_behav xil_defaultlib.FF_JK_TB -log elaborate.log 
Using 2 slave threads.
Starting static elaboration
Completed static elaboration
INFO: [XSIM 43-4323] No Change in HDL. Linking previously generated obj files to create kernel
INFO: [USF-XSim-69] 'elaborate' step finished in '2' seconds
INFO: [USF-XSim-4] XSim::Simulate design
INFO: [USF-XSim-61] Executing 'SIMULATE' step in 'C:/Users/HP G4/Desktop/LABORATORIOS DIGITAL/Grupo1_Lab7_2/Grupo1_Lab7_2.sim/sim_1/behav/xsim'
INFO: [USF-XSim-98] *** Running xsim
   with args "FF_JK_TB_behav -key {Behavioral:sim_1:Functional:FF_JK_TB} -tclbatch {FF_JK_TB.tcl} -log {simulate.log}"
INFO: [USF-XSim-8] Loading simulator feature
Vivado Simulator 2018.3
Time resolution is 1 ps
source FF_JK_TB.tcl
# set curr_wave [current_wave_config]
# if { [string length $curr_wave] == 0 } {
#   if { [llength [get_objects]] > 0} {
#     add_wave /
#     set_property needs_save false [current_wave_config]
#   } else {
#      send_msg_id Add_Wave-1 WARNING "No top level signals found. Simulator will start without a wave window. If you want to open a wave window go to 'File->New Waveform Configuration' or type 'create_wave_config' in the TCL console."
#   }
# }
# run 1000ns
Note:     internalQ='U'
Time: 0 ps  Iteration: 0  Process: /FF_JK_TB/testing_unit/main_process  File: C:/Users/HP G4/Desktop/LABORATORIOS DIGITAL/Grupo1_Lab7_2/Grupo1_Lab7_2.srcs/sources_1/new/FF_JK_D.vhd
Note: Tic tac.. testClock='0'
Time: 0 ps  Iteration: 0  Process: /FF_JK_TB/generate_100Mhzs_clock  File: C:/Users/HP G4/Desktop/LABORATORIOS DIGITAL/Grupo1_Lab7_2/Grupo1_Lab7_2.srcs/sim_1/new/FF_JK_TB.vhd
Note: Procesando tic tac.. clock='1'
Time: 0 ps  Iteration: 1  Process: /FF_JK_TB/testing_unit/main_process  File: C:/Users/HP G4/Desktop/LABORATORIOS DIGITAL/Grupo1_Lab7_2/Grupo1_Lab7_2.srcs/sources_1/new/FF_JK_D.vhd
Note:     J='U'
Time: 0 ps  Iteration: 1  Process: /FF_JK_TB/testing_unit/main_process  File: C:/Users/HP G4/Desktop/LABORATORIOS DIGITAL/Grupo1_Lab7_2/Grupo1_Lab7_2.srcs/sources_1/new/FF_JK_D.vhd
Note:     K='U'
Time: 0 ps  Iteration: 1  Process: /FF_JK_TB/testing_unit/main_process  File: C:/Users/HP G4/Desktop/LABORATORIOS DIGITAL/Grupo1_Lab7_2/Grupo1_Lab7_2.srcs/sources_1/new/FF_JK_D.vhd
Note:     internalQ='U'
Time: 0 ps  Iteration: 1  Process: /FF_JK_TB/testing_unit/main_process  File: C:/Users/HP G4/Desktop/LABORATORIOS DIGITAL/Grupo1_Lab7_2/Grupo1_Lab7_2.srcs/sources_1/new/FF_JK_D.vhd
Note: Tic tac.. testClock='1'
Time: 5 ns  Iteration: 0  Process: /FF_JK_TB/generate_100Mhzs_clock  File: C:/Users/HP G4/Desktop/LABORATORIOS DIGITAL/Grupo1_Lab7_2/Grupo1_Lab7_2.srcs/sim_1/new/FF_JK_TB.vhd
Note:     internalQ='U'
Time: 5 ns  Iteration: 1  Process: /FF_JK_TB/testing_unit/main_process  File: C:/Users/HP G4/Desktop/LABORATORIOS DIGITAL/Grupo1_Lab7_2/Grupo1_Lab7_2.srcs/sources_1/new/FF_JK_D.vhd
Note: Tic tac.. testClock='0'
Time: 10 ns  Iteration: 0  Process: /FF_JK_TB/generate_100Mhzs_clock  File: C:/Users/HP G4/Desktop/LABORATORIOS DIGITAL/Grupo1_Lab7_2/Grupo1_Lab7_2.srcs/sim_1/new/FF_JK_TB.vhd
Note: Procesando tic tac.. clock='1'
Time: 10 ns  Iteration: 1  Process: /FF_JK_TB/testing_unit/main_process  File: C:/Users/HP G4/Desktop/LABORATORIOS DIGITAL/Grupo1_Lab7_2/Grupo1_Lab7_2.srcs/sources_1/new/FF_JK_D.vhd
Note:     J='U'
Time: 10 ns  Iteration: 1  Process: /FF_JK_TB/testing_unit/main_process  File: C:/Users/HP G4/Desktop/LABORATORIOS DIGITAL/Grupo1_Lab7_2/Grupo1_Lab7_2.srcs/sources_1/new/FF_JK_D.vhd
Note:     K='U'
Time: 10 ns  Iteration: 1  Process: /FF_JK_TB/testing_unit/main_process  File: C:/Users/HP G4/Desktop/LABORATORIOS DIGITAL/Grupo1_Lab7_2/Grupo1_Lab7_2.srcs/sources_1/new/FF_JK_D.vhd
Note:     internalQ='U'
Time: 10 ns  Iteration: 1  Process: /FF_JK_TB/testing_unit/main_process  File: C:/Users/HP G4/Desktop/LABORATORIOS DIGITAL/Grupo1_Lab7_2/Grupo1_Lab7_2.srcs/sources_1/new/FF_JK_D.vhd
Note: Tic tac.. testClock='1'
Time: 15 ns  Iteration: 0  Process: /FF_JK_TB/generate_100Mhzs_clock  File: C:/Users/HP G4/Desktop/LABORATORIOS DIGITAL/Grupo1_Lab7_2/Grupo1_Lab7_2.srcs/sim_1/new/FF_JK_TB.vhd
Note:     internalQ='U'
Time: 15 ns  Iteration: 1  Process: /FF_JK_TB/testing_unit/main_process  File: C:/Users/HP G4/Desktop/LABORATORIOS DIGITAL/Grupo1_Lab7_2/Grupo1_Lab7_2.srcs/sources_1/new/FF_JK_D.vhd
Note: Tic tac.. testClock='0'
Time: 20 ns  Iteration: 0  Process: /FF_JK_TB/generate_100Mhzs_clock  File: C:/Users/HP G4/Desktop/LABORATORIOS DIGITAL/Grupo1_Lab7_2/Grupo1_Lab7_2.srcs/sim_1/new/FF_JK_TB.vhd
Note: Procesando tic tac.. clock='1'
Time: 20 ns  Iteration: 1  Process: /FF_JK_TB/testing_unit/main_process  File: C:/Users/HP G4/Desktop/LABORATORIOS DIGITAL/Grupo1_Lab7_2/Grupo1_Lab7_2.srcs/sources_1/new/FF_JK_D.vhd
Note:     J='0'
Time: 20 ns  Iteration: 1  Process: /FF_JK_TB/testing_unit/main_process  File: C:/Users/HP G4/Desktop/LABORATORIOS DIGITAL/Grupo1_Lab7_2/Grupo1_Lab7_2.srcs/sources_1/new/FF_JK_D.vhd
Note:     K='0'
Time: 20 ns  Iteration: 1  Process: /FF_JK_TB/testing_unit/main_process  File: C:/Users/HP G4/Desktop/LABORATORIOS DIGITAL/Grupo1_Lab7_2/Grupo1_Lab7_2.srcs/sources_1/new/FF_JK_D.vhd
Note:     internalQ='U'
Time: 20 ns  Iteration: 1  Process: /FF_JK_TB/testing_unit/main_process  File: C:/Users/HP G4/Desktop/LABORATORIOS DIGITAL/Grupo1_Lab7_2/Grupo1_Lab7_2.srcs/sources_1/new/FF_JK_D.vhd
Note: Tic tac.. testClock='1'
Time: 25 ns  Iteration: 0  Process: /FF_JK_TB/generate_100Mhzs_clock  File: C:/Users/HP G4/Desktop/LABORATORIOS DIGITAL/Grupo1_Lab7_2/Grupo1_Lab7_2.srcs/sim_1/new/FF_JK_TB.vhd
Note:     internalQ='U'
Time: 25 ns  Iteration: 1  Process: /FF_JK_TB/testing_unit/main_process  File: C:/Users/HP G4/Desktop/LABORATORIOS DIGITAL/Grupo1_Lab7_2/Grupo1_Lab7_2.srcs/sources_1/new/FF_JK_D.vhd
Note: Tic tac.. testClock='0'
Time: 30 ns  Iteration: 0  Process: /FF_JK_TB/generate_100Mhzs_clock  File: C:/Users/HP G4/Desktop/LABORATORIOS DIGITAL/Grupo1_Lab7_2/Grupo1_Lab7_2.srcs/sim_1/new/FF_JK_TB.vhd
Note: Procesando tic tac.. clock='1'
Time: 30 ns  Iteration: 1  Process: /FF_JK_TB/testing_unit/main_process  File: C:/Users/HP G4/Desktop/LABORATORIOS DIGITAL/Grupo1_Lab7_2/Grupo1_Lab7_2.srcs/sources_1/new/FF_JK_D.vhd
Note:     J='0'
Time: 30 ns  Iteration: 1  Process: /FF_JK_TB/testing_unit/main_process  File: C:/Users/HP G4/Desktop/LABORATORIOS DIGITAL/Grupo1_Lab7_2/Grupo1_Lab7_2.srcs/sources_1/new/FF_JK_D.vhd
Note:     K='1'
Time: 30 ns  Iteration: 1  Process: /FF_JK_TB/testing_unit/main_process  File: C:/Users/HP G4/Desktop/LABORATORIOS DIGITAL/Grupo1_Lab7_2/Grupo1_Lab7_2.srcs/sources_1/new/FF_JK_D.vhd
Note:     internalQ='U'
Time: 30 ns  Iteration: 1  Process: /FF_JK_TB/testing_unit/main_process  File: C:/Users/HP G4/Desktop/LABORATORIOS DIGITAL/Grupo1_Lab7_2/Grupo1_Lab7_2.srcs/sources_1/new/FF_JK_D.vhd
Note: Tic tac.. testClock='1'
Time: 35 ns  Iteration: 0  Process: /FF_JK_TB/generate_100Mhzs_clock  File: C:/Users/HP G4/Desktop/LABORATORIOS DIGITAL/Grupo1_Lab7_2/Grupo1_Lab7_2.srcs/sim_1/new/FF_JK_TB.vhd
Note:     internalQ='0'
Time: 35 ns  Iteration: 1  Process: /FF_JK_TB/testing_unit/main_process  File: C:/Users/HP G4/Desktop/LABORATORIOS DIGITAL/Grupo1_Lab7_2/Grupo1_Lab7_2.srcs/sources_1/new/FF_JK_D.vhd
Note: Tic tac.. testClock='0'
Time: 40 ns  Iteration: 0  Process: /FF_JK_TB/generate_100Mhzs_clock  File: C:/Users/HP G4/Desktop/LABORATORIOS DIGITAL/Grupo1_Lab7_2/Grupo1_Lab7_2.srcs/sim_1/new/FF_JK_TB.vhd
Note: Procesando tic tac.. clock='1'
Time: 40 ns  Iteration: 1  Process: /FF_JK_TB/testing_unit/main_process  File: C:/Users/HP G4/Desktop/LABORATORIOS DIGITAL/Grupo1_Lab7_2/Grupo1_Lab7_2.srcs/sources_1/new/FF_JK_D.vhd
Note:     J='1'
Time: 40 ns  Iteration: 1  Process: /FF_JK_TB/testing_unit/main_process  File: C:/Users/HP G4/Desktop/LABORATORIOS DIGITAL/Grupo1_Lab7_2/Grupo1_Lab7_2.srcs/sources_1/new/FF_JK_D.vhd
Note:     K='0'
Time: 40 ns  Iteration: 1  Process: /FF_JK_TB/testing_unit/main_process  File: C:/Users/HP G4/Desktop/LABORATORIOS DIGITAL/Grupo1_Lab7_2/Grupo1_Lab7_2.srcs/sources_1/new/FF_JK_D.vhd
Note:     internalQ='0'
Time: 40 ns  Iteration: 1  Process: /FF_JK_TB/testing_unit/main_process  File: C:/Users/HP G4/Desktop/LABORATORIOS DIGITAL/Grupo1_Lab7_2/Grupo1_Lab7_2.srcs/sources_1/new/FF_JK_D.vhd
Note: Tic tac.. testClock='1'
Time: 45 ns  Iteration: 0  Process: /FF_JK_TB/generate_100Mhzs_clock  File: C:/Users/HP G4/Desktop/LABORATORIOS DIGITAL/Grupo1_Lab7_2/Grupo1_Lab7_2.srcs/sim_1/new/FF_JK_TB.vhd
Note:     internalQ='1'
Time: 45 ns  Iteration: 1  Process: /FF_JK_TB/testing_unit/main_process  File: C:/Users/HP G4/Desktop/LABORATORIOS DIGITAL/Grupo1_Lab7_2/Grupo1_Lab7_2.srcs/sources_1/new/FF_JK_D.vhd
Note: Tic tac.. testClock='0'
Time: 50 ns  Iteration: 0  Process: /FF_JK_TB/generate_100Mhzs_clock  File: C:/Users/HP G4/Desktop/LABORATORIOS DIGITAL/Grupo1_Lab7_2/Grupo1_Lab7_2.srcs/sim_1/new/FF_JK_TB.vhd
Note: Procesando tic tac.. clock='1'
Time: 50 ns  Iteration: 1  Process: /FF_JK_TB/testing_unit/main_process  File: C:/Users/HP G4/Desktop/LABORATORIOS DIGITAL/Grupo1_Lab7_2/Grupo1_Lab7_2.srcs/sources_1/new/FF_JK_D.vhd
Note:     J='1'
Time: 50 ns  Iteration: 1  Process: /FF_JK_TB/testing_unit/main_process  File: C:/Users/HP G4/Desktop/LABORATORIOS DIGITAL/Grupo1_Lab7_2/Grupo1_Lab7_2.srcs/sources_1/new/FF_JK_D.vhd
Note:     K='1'
Time: 50 ns  Iteration: 1  Process: /FF_JK_TB/testing_unit/main_process  File: C:/Users/HP G4/Desktop/LABORATORIOS DIGITAL/Grupo1_Lab7_2/Grupo1_Lab7_2.srcs/sources_1/new/FF_JK_D.vhd
Note:     internalQ='1'
Time: 50 ns  Iteration: 1  Process: /FF_JK_TB/testing_unit/main_process  File: C:/Users/HP G4/Desktop/LABORATORIOS DIGITAL/Grupo1_Lab7_2/Grupo1_Lab7_2.srcs/sources_1/new/FF_JK_D.vhd
Note: Tic tac.. testClock='1'
Time: 55 ns  Iteration: 0  Process: /FF_JK_TB/generate_100Mhzs_clock  File: C:/Users/HP G4/Desktop/LABORATORIOS DIGITAL/Grupo1_Lab7_2/Grupo1_Lab7_2.srcs/sim_1/new/FF_JK_TB.vhd
Note:     internalQ='0'
Time: 55 ns  Iteration: 1  Process: /FF_JK_TB/testing_unit/main_process  File: C:/Users/HP G4/Desktop/LABORATORIOS DIGITAL/Grupo1_Lab7_2/Grupo1_Lab7_2.srcs/sources_1/new/FF_JK_D.vhd
Note: Tic tac.. testClock='0'
Time: 60 ns  Iteration: 0  Process: /FF_JK_TB/generate_100Mhzs_clock  File: C:/Users/HP G4/Desktop/LABORATORIOS DIGITAL/Grupo1_Lab7_2/Grupo1_Lab7_2.srcs/sim_1/new/FF_JK_TB.vhd
Note: Procesando tic tac.. clock='1'
Time: 60 ns  Iteration: 1  Process: /FF_JK_TB/testing_unit/main_process  File: C:/Users/HP G4/Desktop/LABORATORIOS DIGITAL/Grupo1_Lab7_2/Grupo1_Lab7_2.srcs/sources_1/new/FF_JK_D.vhd
Note:     J='1'
Time: 60 ns  Iteration: 1  Process: /FF_JK_TB/testing_unit/main_process  File: C:/Users/HP G4/Desktop/LABORATORIOS DIGITAL/Grupo1_Lab7_2/Grupo1_Lab7_2.srcs/sources_1/new/FF_JK_D.vhd
Note:     K='1'
Time: 60 ns  Iteration: 1  Process: /FF_JK_TB/testing_unit/main_process  File: C:/Users/HP G4/Desktop/LABORATORIOS DIGITAL/Grupo1_Lab7_2/Grupo1_Lab7_2.srcs/sources_1/new/FF_JK_D.vhd
Note:     internalQ='0'
Time: 60 ns  Iteration: 1  Process: /FF_JK_TB/testing_unit/main_process  File: C:/Users/HP G4/Desktop/LABORATORIOS DIGITAL/Grupo1_Lab7_2/Grupo1_Lab7_2.srcs/sources_1/new/FF_JK_D.vhd
Note: Tic tac.. testClock='1'
Time: 65 ns  Iteration: 0  Process: /FF_JK_TB/generate_100Mhzs_clock  File: C:/Users/HP G4/Desktop/LABORATORIOS DIGITAL/Grupo1_Lab7_2/Grupo1_Lab7_2.srcs/sim_1/new/FF_JK_TB.vhd
Note:     internalQ='1'
Time: 65 ns  Iteration: 1  Process: /FF_JK_TB/testing_unit/main_process  File: C:/Users/HP G4/Desktop/LABORATORIOS DIGITAL/Grupo1_Lab7_2/Grupo1_Lab7_2.srcs/sources_1/new/FF_JK_D.vhd
Note: Tic tac.. testClock='0'
Time: 70 ns  Iteration: 0  Process: /FF_JK_TB/generate_100Mhzs_clock  File: C:/Users/HP G4/Desktop/LABORATORIOS DIGITAL/Grupo1_Lab7_2/Grupo1_Lab7_2.srcs/sim_1/new/FF_JK_TB.vhd
Note: Procesando tic tac.. clock='1'
Time: 70 ns  Iteration: 1  Process: /FF_JK_TB/testing_unit/main_process  File: C:/Users/HP G4/Desktop/LABORATORIOS DIGITAL/Grupo1_Lab7_2/Grupo1_Lab7_2.srcs/sources_1/new/FF_JK_D.vhd
Note:     J='1'
Time: 70 ns  Iteration: 1  Process: /FF_JK_TB/testing_unit/main_process  File: C:/Users/HP G4/Desktop/LABORATORIOS DIGITAL/Grupo1_Lab7_2/Grupo1_Lab7_2.srcs/sources_1/new/FF_JK_D.vhd
Note:     K='1'
Time: 70 ns  Iteration: 1  Process: /FF_JK_TB/testing_unit/main_process  File: C:/Users/HP G4/Desktop/LABORATORIOS DIGITAL/Grupo1_Lab7_2/Grupo1_Lab7_2.srcs/sources_1/new/FF_JK_D.vhd
Note:     internalQ='1'
Time: 70 ns  Iteration: 1  Process: /FF_JK_TB/testing_unit/main_process  File: C:/Users/HP G4/Desktop/LABORATORIOS DIGITAL/Grupo1_Lab7_2/Grupo1_Lab7_2.srcs/sources_1/new/FF_JK_D.vhd
Note: Tic tac.. testClock='1'
Time: 75 ns  Iteration: 0  Process: /FF_JK_TB/generate_100Mhzs_clock  File: C:/Users/HP G4/Desktop/LABORATORIOS DIGITAL/Grupo1_Lab7_2/Grupo1_Lab7_2.srcs/sim_1/new/FF_JK_TB.vhd
Note:     internalQ='0'
Time: 75 ns  Iteration: 1  Process: /FF_JK_TB/testing_unit/main_process  File: C:/Users/HP G4/Desktop/LABORATORIOS DIGITAL/Grupo1_Lab7_2/Grupo1_Lab7_2.srcs/sources_1/new/FF_JK_D.vhd
Note: Tic tac.. testClock='0'
Time: 80 ns  Iteration: 0  Process: /FF_JK_TB/generate_100Mhzs_clock  File: C:/Users/HP G4/Desktop/LABORATORIOS DIGITAL/Grupo1_Lab7_2/Grupo1_Lab7_2.srcs/sim_1/new/FF_JK_TB.vhd
Note: Procesando tic tac.. clock='1'
Time: 80 ns  Iteration: 1  Process: /FF_JK_TB/testing_unit/main_process  File: C:/Users/HP G4/Desktop/LABORATORIOS DIGITAL/Grupo1_Lab7_2/Grupo1_Lab7_2.srcs/sources_1/new/FF_JK_D.vhd
Note:     J='1'
Time: 80 ns  Iteration: 1  Process: /FF_JK_TB/testing_unit/main_process  File: C:/Users/HP G4/Desktop/LABORATORIOS DIGITAL/Grupo1_Lab7_2/Grupo1_Lab7_2.srcs/sources_1/new/FF_JK_D.vhd
Note:     K='1'
Time: 80 ns  Iteration: 1  Process: /FF_JK_TB/testing_unit/main_process  File: C:/Users/HP G4/Desktop/LABORATORIOS DIGITAL/Grupo1_Lab7_2/Grupo1_Lab7_2.srcs/sources_1/new/FF_JK_D.vhd
Note:     internalQ='0'
Time: 80 ns  Iteration: 1  Process: /FF_JK_TB/testing_unit/main_process  File: C:/Users/HP G4/Desktop/LABORATORIOS DIGITAL/Grupo1_Lab7_2/Grupo1_Lab7_2.srcs/sources_1/new/FF_JK_D.vhd
Note: Tic tac.. testClock='1'
Time: 85 ns  Iteration: 0  Process: /FF_JK_TB/generate_100Mhzs_clock  File: C:/Users/HP G4/Desktop/LABORATORIOS DIGITAL/Grupo1_Lab7_2/Grupo1_Lab7_2.srcs/sim_1/new/FF_JK_TB.vhd
Note:     internalQ='1'
Time: 85 ns  Iteration: 1  Process: /FF_JK_TB/testing_unit/main_process  File: C:/Users/HP G4/Desktop/LABORATORIOS DIGITAL/Grupo1_Lab7_2/Grupo1_Lab7_2.srcs/sources_1/new/FF_JK_D.vhd
Note: Tic tac.. testClock='0'
Time: 90 ns  Iteration: 0  Process: /FF_JK_TB/generate_100Mhzs_clock  File: C:/Users/HP G4/Desktop/LABORATORIOS DIGITAL/Grupo1_Lab7_2/Grupo1_Lab7_2.srcs/sim_1/new/FF_JK_TB.vhd
Note: Procesando tic tac.. clock='1'
Time: 90 ns  Iteration: 1  Process: /FF_JK_TB/testing_unit/main_process  File: C:/Users/HP G4/Desktop/LABORATORIOS DIGITAL/Grupo1_Lab7_2/Grupo1_Lab7_2.srcs/sources_1/new/FF_JK_D.vhd
Note:     J='1'
Time: 90 ns  Iteration: 1  Process: /FF_JK_TB/testing_unit/main_process  File: C:/Users/HP G4/Desktop/LABORATORIOS DIGITAL/Grupo1_Lab7_2/Grupo1_Lab7_2.srcs/sources_1/new/FF_JK_D.vhd
Note:     K='1'
Time: 90 ns  Iteration: 1  Process: /FF_JK_TB/testing_unit/main_process  File: C:/Users/HP G4/Desktop/LABORATORIOS DIGITAL/Grupo1_Lab7_2/Grupo1_Lab7_2.srcs/sources_1/new/FF_JK_D.vhd
Note:     internalQ='1'
Time: 90 ns  Iteration: 1  Process: /FF_JK_TB/testing_unit/main_process  File: C:/Users/HP G4/Desktop/LABORATORIOS DIGITAL/Grupo1_Lab7_2/Grupo1_Lab7_2.srcs/sources_1/new/FF_JK_D.vhd
Note: Tic tac.. testClock='1'
Time: 95 ns  Iteration: 0  Process: /FF_JK_TB/generate_100Mhzs_clock  File: C:/Users/HP G4/Desktop/LABORATORIOS DIGITAL/Grupo1_Lab7_2/Grupo1_Lab7_2.srcs/sim_1/new/FF_JK_TB.vhd
Note:     internalQ='0'
Time: 95 ns  Iteration: 1  Process: /FF_JK_TB/testing_unit/main_process  File: C:/Users/HP G4/Desktop/LABORATORIOS DIGITAL/Grupo1_Lab7_2/Grupo1_Lab7_2.srcs/sources_1/new/FF_JK_D.vhd
Note: Tic tac.. testClock='0'
Time: 100 ns  Iteration: 0  Process: /FF_JK_TB/generate_100Mhzs_clock  File: C:/Users/HP G4/Desktop/LABORATORIOS DIGITAL/Grupo1_Lab7_2/Grupo1_Lab7_2.srcs/sim_1/new/FF_JK_TB.vhd
Note: Procesando tic tac.. clock='1'
Time: 100 ns  Iteration: 1  Process: /FF_JK_TB/testing_unit/main_process  File: C:/Users/HP G4/Desktop/LABORATORIOS DIGITAL/Grupo1_Lab7_2/Grupo1_Lab7_2.srcs/sources_1/new/FF_JK_D.vhd
Note:     J='0'
Time: 100 ns  Iteration: 1  Process: /FF_JK_TB/testing_unit/main_process  File: C:/Users/HP G4/Desktop/LABORATORIOS DIGITAL/Grupo1_Lab7_2/Grupo1_Lab7_2.srcs/sources_1/new/FF_JK_D.vhd
Note:     K='0'
Time: 100 ns  Iteration: 1  Process: /FF_JK_TB/testing_unit/main_process  File: C:/Users/HP G4/Desktop/LABORATORIOS DIGITAL/Grupo1_Lab7_2/Grupo1_Lab7_2.srcs/sources_1/new/FF_JK_D.vhd
Note:     internalQ='0'
Time: 100 ns  Iteration: 1  Process: /FF_JK_TB/testing_unit/main_process  File: C:/Users/HP G4/Desktop/LABORATORIOS DIGITAL/Grupo1_Lab7_2/Grupo1_Lab7_2.srcs/sources_1/new/FF_JK_D.vhd
Note: Tic tac.. testClock='1'
Time: 105 ns  Iteration: 0  Process: /FF_JK_TB/generate_100Mhzs_clock  File: C:/Users/HP G4/Desktop/LABORATORIOS DIGITAL/Grupo1_Lab7_2/Grupo1_Lab7_2.srcs/sim_1/new/FF_JK_TB.vhd
Note:     internalQ='0'
Time: 105 ns  Iteration: 1  Process: /FF_JK_TB/testing_unit/main_process  File: C:/Users/HP G4/Desktop/LABORATORIOS DIGITAL/Grupo1_Lab7_2/Grupo1_Lab7_2.srcs/sources_1/new/FF_JK_D.vhd
Note: Tic tac.. testClock='0'
Time: 110 ns  Iteration: 0  Process: /FF_JK_TB/generate_100Mhzs_clock  File: C:/Users/HP G4/Desktop/LABORATORIOS DIGITAL/Grupo1_Lab7_2/Grupo1_Lab7_2.srcs/sim_1/new/FF_JK_TB.vhd
Note: Procesando tic tac.. clock='1'
Time: 110 ns  Iteration: 1  Process: /FF_JK_TB/testing_unit/main_process  File: C:/Users/HP G4/Desktop/LABORATORIOS DIGITAL/Grupo1_Lab7_2/Grupo1_Lab7_2.srcs/sources_1/new/FF_JK_D.vhd
Note:     J='0'
Time: 110 ns  Iteration: 1  Process: /FF_JK_TB/testing_unit/main_process  File: C:/Users/HP G4/Desktop/LABORATORIOS DIGITAL/Grupo1_Lab7_2/Grupo1_Lab7_2.srcs/sources_1/new/FF_JK_D.vhd
Note:     K='1'
Time: 110 ns  Iteration: 1  Process: /FF_JK_TB/testing_unit/main_process  File: C:/Users/HP G4/Desktop/LABORATORIOS DIGITAL/Grupo1_Lab7_2/Grupo1_Lab7_2.srcs/sources_1/new/FF_JK_D.vhd
Note:     internalQ='0'
Time: 110 ns  Iteration: 1  Process: /FF_JK_TB/testing_unit/main_process  File: C:/Users/HP G4/Desktop/LABORATORIOS DIGITAL/Grupo1_Lab7_2/Grupo1_Lab7_2.srcs/sources_1/new/FF_JK_D.vhd
Note: Tic tac.. testClock='1'
Time: 115 ns  Iteration: 0  Process: /FF_JK_TB/generate_100Mhzs_clock  File: C:/Users/HP G4/Desktop/LABORATORIOS DIGITAL/Grupo1_Lab7_2/Grupo1_Lab7_2.srcs/sim_1/new/FF_JK_TB.vhd
Note:     internalQ='0'
Time: 115 ns  Iteration: 1  Process: /FF_JK_TB/testing_unit/main_process  File: C:/Users/HP G4/Desktop/LABORATORIOS DIGITAL/Grupo1_Lab7_2/Grupo1_Lab7_2.srcs/sources_1/new/FF_JK_D.vhd
Note: Tic tac.. testClock='0'
Time: 120 ns  Iteration: 0  Process: /FF_JK_TB/generate_100Mhzs_clock  File: C:/Users/HP G4/Desktop/LABORATORIOS DIGITAL/Grupo1_Lab7_2/Grupo1_Lab7_2.srcs/sim_1/new/FF_JK_TB.vhd
Note: Procesando tic tac.. clock='1'
Time: 120 ns  Iteration: 1  Process: /FF_JK_TB/testing_unit/main_process  File: C:/Users/HP G4/Desktop/LABORATORIOS DIGITAL/Grupo1_Lab7_2/Grupo1_Lab7_2.srcs/sources_1/new/FF_JK_D.vhd
Note:     J='1'
Time: 120 ns  Iteration: 1  Process: /FF_JK_TB/testing_unit/main_process  File: C:/Users/HP G4/Desktop/LABORATORIOS DIGITAL/Grupo1_Lab7_2/Grupo1_Lab7_2.srcs/sources_1/new/FF_JK_D.vhd
Note:     K='0'
Time: 120 ns  Iteration: 1  Process: /FF_JK_TB/testing_unit/main_process  File: C:/Users/HP G4/Desktop/LABORATORIOS DIGITAL/Grupo1_Lab7_2/Grupo1_Lab7_2.srcs/sources_1/new/FF_JK_D.vhd
Note:     internalQ='0'
Time: 120 ns  Iteration: 1  Process: /FF_JK_TB/testing_unit/main_process  File: C:/Users/HP G4/Desktop/LABORATORIOS DIGITAL/Grupo1_Lab7_2/Grupo1_Lab7_2.srcs/sources_1/new/FF_JK_D.vhd
Note: Tic tac.. testClock='1'
Time: 125 ns  Iteration: 0  Process: /FF_JK_TB/generate_100Mhzs_clock  File: C:/Users/HP G4/Desktop/LABORATORIOS DIGITAL/Grupo1_Lab7_2/Grupo1_Lab7_2.srcs/sim_1/new/FF_JK_TB.vhd
Note:     internalQ='1'
Time: 125 ns  Iteration: 1  Process: /FF_JK_TB/testing_unit/main_process  File: C:/Users/HP G4/Desktop/LABORATORIOS DIGITAL/Grupo1_Lab7_2/Grupo1_Lab7_2.srcs/sources_1/new/FF_JK_D.vhd
Note: Tic tac.. testClock='0'
Time: 130 ns  Iteration: 0  Process: /FF_JK_TB/generate_100Mhzs_clock  File: C:/Users/HP G4/Desktop/LABORATORIOS DIGITAL/Grupo1_Lab7_2/Grupo1_Lab7_2.srcs/sim_1/new/FF_JK_TB.vhd
Note: Procesando tic tac.. clock='1'
Time: 130 ns  Iteration: 1  Process: /FF_JK_TB/testing_unit/main_process  File: C:/Users/HP G4/Desktop/LABORATORIOS DIGITAL/Grupo1_Lab7_2/Grupo1_Lab7_2.srcs/sources_1/new/FF_JK_D.vhd
Note:     J='1'
Time: 130 ns  Iteration: 1  Process: /FF_JK_TB/testing_unit/main_process  File: C:/Users/HP G4/Desktop/LABORATORIOS DIGITAL/Grupo1_Lab7_2/Grupo1_Lab7_2.srcs/sources_1/new/FF_JK_D.vhd
Note:     K='1'
Time: 130 ns  Iteration: 1  Process: /FF_JK_TB/testing_unit/main_process  File: C:/Users/HP G4/Desktop/LABORATORIOS DIGITAL/Grupo1_Lab7_2/Grupo1_Lab7_2.srcs/sources_1/new/FF_JK_D.vhd
Note:     internalQ='1'
Time: 130 ns  Iteration: 1  Process: /FF_JK_TB/testing_unit/main_process  File: C:/Users/HP G4/Desktop/LABORATORIOS DIGITAL/Grupo1_Lab7_2/Grupo1_Lab7_2.srcs/sources_1/new/FF_JK_D.vhd
Note: Tic tac.. testClock='1'
Time: 135 ns  Iteration: 0  Process: /FF_JK_TB/generate_100Mhzs_clock  File: C:/Users/HP G4/Desktop/LABORATORIOS DIGITAL/Grupo1_Lab7_2/Grupo1_Lab7_2.srcs/sim_1/new/FF_JK_TB.vhd
Note:     internalQ='0'
Time: 135 ns  Iteration: 1  Process: /FF_JK_TB/testing_unit/main_process  File: C:/Users/HP G4/Desktop/LABORATORIOS DIGITAL/Grupo1_Lab7_2/Grupo1_Lab7_2.srcs/sources_1/new/FF_JK_D.vhd
Note: Tic tac.. testClock='0'
Time: 140 ns  Iteration: 0  Process: /FF_JK_TB/generate_100Mhzs_clock  File: C:/Users/HP G4/Desktop/LABORATORIOS DIGITAL/Grupo1_Lab7_2/Grupo1_Lab7_2.srcs/sim_1/new/FF_JK_TB.vhd
Note: Procesando tic tac.. clock='1'
Time: 140 ns  Iteration: 1  Process: /FF_JK_TB/testing_unit/main_process  File: C:/Users/HP G4/Desktop/LABORATORIOS DIGITAL/Grupo1_Lab7_2/Grupo1_Lab7_2.srcs/sources_1/new/FF_JK_D.vhd
Note:     J='1'
Time: 140 ns  Iteration: 1  Process: /FF_JK_TB/testing_unit/main_process  File: C:/Users/HP G4/Desktop/LABORATORIOS DIGITAL/Grupo1_Lab7_2/Grupo1_Lab7_2.srcs/sources_1/new/FF_JK_D.vhd
Note:     K='1'
Time: 140 ns  Iteration: 1  Process: /FF_JK_TB/testing_unit/main_process  File: C:/Users/HP G4/Desktop/LABORATORIOS DIGITAL/Grupo1_Lab7_2/Grupo1_Lab7_2.srcs/sources_1/new/FF_JK_D.vhd
Note:     internalQ='0'
Time: 140 ns  Iteration: 1  Process: /FF_JK_TB/testing_unit/main_process  File: C:/Users/HP G4/Desktop/LABORATORIOS DIGITAL/Grupo1_Lab7_2/Grupo1_Lab7_2.srcs/sources_1/new/FF_JK_D.vhd
Note: Tic tac.. testClock='1'
Time: 145 ns  Iteration: 0  Process: /FF_JK_TB/generate_100Mhzs_clock  File: C:/Users/HP G4/Desktop/LABORATORIOS DIGITAL/Grupo1_Lab7_2/Grupo1_Lab7_2.srcs/sim_1/new/FF_JK_TB.vhd
Note:     internalQ='1'
Time: 145 ns  Iteration: 1  Process: /FF_JK_TB/testing_unit/main_process  File: C:/Users/HP G4/Desktop/LABORATORIOS DIGITAL/Grupo1_Lab7_2/Grupo1_Lab7_2.srcs/sources_1/new/FF_JK_D.vhd
Note: Tic tac.. testClock='0'
Time: 150 ns  Iteration: 0  Process: /FF_JK_TB/generate_100Mhzs_clock  File: C:/Users/HP G4/Desktop/LABORATORIOS DIGITAL/Grupo1_Lab7_2/Grupo1_Lab7_2.srcs/sim_1/new/FF_JK_TB.vhd
Note: Procesando tic tac.. clock='1'
Time: 150 ns  Iteration: 1  Process: /FF_JK_TB/testing_unit/main_process  File: C:/Users/HP G4/Desktop/LABORATORIOS DIGITAL/Grupo1_Lab7_2/Grupo1_Lab7_2.srcs/sources_1/new/FF_JK_D.vhd
Note:     J='1'
Time: 150 ns  Iteration: 1  Process: /FF_JK_TB/testing_unit/main_process  File: C:/Users/HP G4/Desktop/LABORATORIOS DIGITAL/Grupo1_Lab7_2/Grupo1_Lab7_2.srcs/sources_1/new/FF_JK_D.vhd
Note:     K='1'
Time: 150 ns  Iteration: 1  Process: /FF_JK_TB/testing_unit/main_process  File: C:/Users/HP G4/Desktop/LABORATORIOS DIGITAL/Grupo1_Lab7_2/Grupo1_Lab7_2.srcs/sources_1/new/FF_JK_D.vhd
Note:     internalQ='1'
Time: 150 ns  Iteration: 1  Process: /FF_JK_TB/testing_unit/main_process  File: C:/Users/HP G4/Desktop/LABORATORIOS DIGITAL/Grupo1_Lab7_2/Grupo1_Lab7_2.srcs/sources_1/new/FF_JK_D.vhd
Note: Tic tac.. testClock='1'
Time: 155 ns  Iteration: 0  Process: /FF_JK_TB/generate_100Mhzs_clock  File: C:/Users/HP G4/Desktop/LABORATORIOS DIGITAL/Grupo1_Lab7_2/Grupo1_Lab7_2.srcs/sim_1/new/FF_JK_TB.vhd
Note:     internalQ='0'
Time: 155 ns  Iteration: 1  Process: /FF_JK_TB/testing_unit/main_process  File: C:/Users/HP G4/Desktop/LABORATORIOS DIGITAL/Grupo1_Lab7_2/Grupo1_Lab7_2.srcs/sources_1/new/FF_JK_D.vhd
Note: Tic tac.. testClock='0'
Time: 160 ns  Iteration: 0  Process: /FF_JK_TB/generate_100Mhzs_clock  File: C:/Users/HP G4/Desktop/LABORATORIOS DIGITAL/Grupo1_Lab7_2/Grupo1_Lab7_2.srcs/sim_1/new/FF_JK_TB.vhd
Note: Procesando tic tac.. clock='1'
Time: 160 ns  Iteration: 1  Process: /FF_JK_TB/testing_unit/main_process  File: C:/Users/HP G4/Desktop/LABORATORIOS DIGITAL/Grupo1_Lab7_2/Grupo1_Lab7_2.srcs/sources_1/new/FF_JK_D.vhd
Note:     J='1'
Time: 160 ns  Iteration: 1  Process: /FF_JK_TB/testing_unit/main_process  File: C:/Users/HP G4/Desktop/LABORATORIOS DIGITAL/Grupo1_Lab7_2/Grupo1_Lab7_2.srcs/sources_1/new/FF_JK_D.vhd
Note:     K='1'
Time: 160 ns  Iteration: 1  Process: /FF_JK_TB/testing_unit/main_process  File: C:/Users/HP G4/Desktop/LABORATORIOS DIGITAL/Grupo1_Lab7_2/Grupo1_Lab7_2.srcs/sources_1/new/FF_JK_D.vhd
Note:     internalQ='0'
Time: 160 ns  Iteration: 1  Process: /FF_JK_TB/testing_unit/main_process  File: C:/Users/HP G4/Desktop/LABORATORIOS DIGITAL/Grupo1_Lab7_2/Grupo1_Lab7_2.srcs/sources_1/new/FF_JK_D.vhd
Note: Tic tac.. testClock='1'
Time: 165 ns  Iteration: 0  Process: /FF_JK_TB/generate_100Mhzs_clock  File: C:/Users/HP G4/Desktop/LABORATORIOS DIGITAL/Grupo1_Lab7_2/Grupo1_Lab7_2.srcs/sim_1/new/FF_JK_TB.vhd
Note:     internalQ='1'
Time: 165 ns  Iteration: 1  Process: /FF_JK_TB/testing_unit/main_process  File: C:/Users/HP G4/Desktop/LABORATORIOS DIGITAL/Grupo1_Lab7_2/Grupo1_Lab7_2.srcs/sources_1/new/FF_JK_D.vhd
Note: Tic tac.. testClock='0'
Time: 170 ns  Iteration: 0  Process: /FF_JK_TB/generate_100Mhzs_clock  File: C:/Users/HP G4/Desktop/LABORATORIOS DIGITAL/Grupo1_Lab7_2/Grupo1_Lab7_2.srcs/sim_1/new/FF_JK_TB.vhd
Note: Procesando tic tac.. clock='1'
Time: 170 ns  Iteration: 1  Process: /FF_JK_TB/testing_unit/main_process  File: C:/Users/HP G4/Desktop/LABORATORIOS DIGITAL/Grupo1_Lab7_2/Grupo1_Lab7_2.srcs/sources_1/new/FF_JK_D.vhd
Note:     J='1'
Time: 170 ns  Iteration: 1  Process: /FF_JK_TB/testing_unit/main_process  File: C:/Users/HP G4/Desktop/LABORATORIOS DIGITAL/Grupo1_Lab7_2/Grupo1_Lab7_2.srcs/sources_1/new/FF_JK_D.vhd
Note:     K='1'
Time: 170 ns  Iteration: 1  Process: /FF_JK_TB/testing_unit/main_process  File: C:/Users/HP G4/Desktop/LABORATORIOS DIGITAL/Grupo1_Lab7_2/Grupo1_Lab7_2.srcs/sources_1/new/FF_JK_D.vhd
Note:     internalQ='1'
Time: 170 ns  Iteration: 1  Process: /FF_JK_TB/testing_unit/main_process  File: C:/Users/HP G4/Desktop/LABORATORIOS DIGITAL/Grupo1_Lab7_2/Grupo1_Lab7_2.srcs/sources_1/new/FF_JK_D.vhd
Note: Tic tac.. testClock='1'
Time: 175 ns  Iteration: 0  Process: /FF_JK_TB/generate_100Mhzs_clock  File: C:/Users/HP G4/Desktop/LABORATORIOS DIGITAL/Grupo1_Lab7_2/Grupo1_Lab7_2.srcs/sim_1/new/FF_JK_TB.vhd
Note:     internalQ='0'
Time: 175 ns  Iteration: 1  Process: /FF_JK_TB/testing_unit/main_process  File: C:/Users/HP G4/Desktop/LABORATORIOS DIGITAL/Grupo1_Lab7_2/Grupo1_Lab7_2.srcs/sources_1/new/FF_JK_D.vhd
Note: Tic tac.. testClock='0'
Time: 180 ns  Iteration: 0  Process: /FF_JK_TB/generate_100Mhzs_clock  File: C:/Users/HP G4/Desktop/LABORATORIOS DIGITAL/Grupo1_Lab7_2/Grupo1_Lab7_2.srcs/sim_1/new/FF_JK_TB.vhd
Note: Procesando tic tac.. clock='1'
Time: 180 ns  Iteration: 1  Process: /FF_JK_TB/testing_unit/main_process  File: C:/Users/HP G4/Desktop/LABORATORIOS DIGITAL/Grupo1_Lab7_2/Grupo1_Lab7_2.srcs/sources_1/new/FF_JK_D.vhd
Note:     J='0'
Time: 180 ns  Iteration: 1  Process: /FF_JK_TB/testing_unit/main_process  File: C:/Users/HP G4/Desktop/LABORATORIOS DIGITAL/Grupo1_Lab7_2/Grupo1_Lab7_2.srcs/sources_1/new/FF_JK_D.vhd
Note:     K='0'
Time: 180 ns  Iteration: 1  Process: /FF_JK_TB/testing_unit/main_process  File: C:/Users/HP G4/Desktop/LABORATORIOS DIGITAL/Grupo1_Lab7_2/Grupo1_Lab7_2.srcs/sources_1/new/FF_JK_D.vhd
Note:     internalQ='0'
Time: 180 ns  Iteration: 1  Process: /FF_JK_TB/testing_unit/main_process  File: C:/Users/HP G4/Desktop/LABORATORIOS DIGITAL/Grupo1_Lab7_2/Grupo1_Lab7_2.srcs/sources_1/new/FF_JK_D.vhd
Note: Tic tac.. testClock='1'
Time: 185 ns  Iteration: 0  Process: /FF_JK_TB/generate_100Mhzs_clock  File: C:/Users/HP G4/Desktop/LABORATORIOS DIGITAL/Grupo1_Lab7_2/Grupo1_Lab7_2.srcs/sim_1/new/FF_JK_TB.vhd
Note:     internalQ='0'
Time: 185 ns  Iteration: 1  Process: /FF_JK_TB/testing_unit/main_process  File: C:/Users/HP G4/Desktop/LABORATORIOS DIGITAL/Grupo1_Lab7_2/Grupo1_Lab7_2.srcs/sources_1/new/FF_JK_D.vhd
Note: Tic tac.. testClock='0'
Time: 190 ns  Iteration: 0  Process: /FF_JK_TB/generate_100Mhzs_clock  File: C:/Users/HP G4/Desktop/LABORATORIOS DIGITAL/Grupo1_Lab7_2/Grupo1_Lab7_2.srcs/sim_1/new/FF_JK_TB.vhd
Note: Procesando tic tac.. clock='1'
Time: 190 ns  Iteration: 1  Process: /FF_JK_TB/testing_unit/main_process  File: C:/Users/HP G4/Desktop/LABORATORIOS DIGITAL/Grupo1_Lab7_2/Grupo1_Lab7_2.srcs/sources_1/new/FF_JK_D.vhd
Note:     J='0'
Time: 190 ns  Iteration: 1  Process: /FF_JK_TB/testing_unit/main_process  File: C:/Users/HP G4/Desktop/LABORATORIOS DIGITAL/Grupo1_Lab7_2/Grupo1_Lab7_2.srcs/sources_1/new/FF_JK_D.vhd
Note:     K='1'
Time: 190 ns  Iteration: 1  Process: /FF_JK_TB/testing_unit/main_process  File: C:/Users/HP G4/Desktop/LABORATORIOS DIGITAL/Grupo1_Lab7_2/Grupo1_Lab7_2.srcs/sources_1/new/FF_JK_D.vhd
Note:     internalQ='0'
Time: 190 ns  Iteration: 1  Process: /FF_JK_TB/testing_unit/main_process  File: C:/Users/HP G4/Desktop/LABORATORIOS DIGITAL/Grupo1_Lab7_2/Grupo1_Lab7_2.srcs/sources_1/new/FF_JK_D.vhd
Note: Tic tac.. testClock='1'
Time: 195 ns  Iteration: 0  Process: /FF_JK_TB/generate_100Mhzs_clock  File: C:/Users/HP G4/Desktop/LABORATORIOS DIGITAL/Grupo1_Lab7_2/Grupo1_Lab7_2.srcs/sim_1/new/FF_JK_TB.vhd
Note:     internalQ='0'
Time: 195 ns  Iteration: 1  Process: /FF_JK_TB/testing_unit/main_process  File: C:/Users/HP G4/Desktop/LABORATORIOS DIGITAL/Grupo1_Lab7_2/Grupo1_Lab7_2.srcs/sources_1/new/FF_JK_D.vhd
Note: Tic tac.. testClock='0'
Time: 200 ns  Iteration: 0  Process: /FF_JK_TB/generate_100Mhzs_clock  File: C:/Users/HP G4/Desktop/LABORATORIOS DIGITAL/Grupo1_Lab7_2/Grupo1_Lab7_2.srcs/sim_1/new/FF_JK_TB.vhd
Note: Procesando tic tac.. clock='1'
Time: 200 ns  Iteration: 1  Process: /FF_JK_TB/testing_unit/main_process  File: C:/Users/HP G4/Desktop/LABORATORIOS DIGITAL/Grupo1_Lab7_2/Grupo1_Lab7_2.srcs/sources_1/new/FF_JK_D.vhd
Note:     J='1'
Time: 200 ns  Iteration: 1  Process: /FF_JK_TB/testing_unit/main_process  File: C:/Users/HP G4/Desktop/LABORATORIOS DIGITAL/Grupo1_Lab7_2/Grupo1_Lab7_2.srcs/sources_1/new/FF_JK_D.vhd
Note:     K='0'
Time: 200 ns  Iteration: 1  Process: /FF_JK_TB/testing_unit/main_process  File: C:/Users/HP G4/Desktop/LABORATORIOS DIGITAL/Grupo1_Lab7_2/Grupo1_Lab7_2.srcs/sources_1/new/FF_JK_D.vhd
Note:     internalQ='0'
Time: 200 ns  Iteration: 1  Process: /FF_JK_TB/testing_unit/main_process  File: C:/Users/HP G4/Desktop/LABORATORIOS DIGITAL/Grupo1_Lab7_2/Grupo1_Lab7_2.srcs/sources_1/new/FF_JK_D.vhd
Note: Tic tac.. testClock='1'
Time: 205 ns  Iteration: 0  Process: /FF_JK_TB/generate_100Mhzs_clock  File: C:/Users/HP G4/Desktop/LABORATORIOS DIGITAL/Grupo1_Lab7_2/Grupo1_Lab7_2.srcs/sim_1/new/FF_JK_TB.vhd
Note:     internalQ='1'
Time: 205 ns  Iteration: 1  Process: /FF_JK_TB/testing_unit/main_process  File: C:/Users/HP G4/Desktop/LABORATORIOS DIGITAL/Grupo1_Lab7_2/Grupo1_Lab7_2.srcs/sources_1/new/FF_JK_D.vhd
Note: Tic tac.. testClock='0'
Time: 210 ns  Iteration: 0  Process: /FF_JK_TB/generate_100Mhzs_clock  File: C:/Users/HP G4/Desktop/LABORATORIOS DIGITAL/Grupo1_Lab7_2/Grupo1_Lab7_2.srcs/sim_1/new/FF_JK_TB.vhd
Note: Procesando tic tac.. clock='1'
Time: 210 ns  Iteration: 1  Process: /FF_JK_TB/testing_unit/main_process  File: C:/Users/HP G4/Desktop/LABORATORIOS DIGITAL/Grupo1_Lab7_2/Grupo1_Lab7_2.srcs/sources_1/new/FF_JK_D.vhd
Note:     J='1'
Time: 210 ns  Iteration: 1  Process: /FF_JK_TB/testing_unit/main_process  File: C:/Users/HP G4/Desktop/LABORATORIOS DIGITAL/Grupo1_Lab7_2/Grupo1_Lab7_2.srcs/sources_1/new/FF_JK_D.vhd
Note:     K='1'
Time: 210 ns  Iteration: 1  Process: /FF_JK_TB/testing_unit/main_process  File: C:/Users/HP G4/Desktop/LABORATORIOS DIGITAL/Grupo1_Lab7_2/Grupo1_Lab7_2.srcs/sources_1/new/FF_JK_D.vhd
Note:     internalQ='1'
Time: 210 ns  Iteration: 1  Process: /FF_JK_TB/testing_unit/main_process  File: C:/Users/HP G4/Desktop/LABORATORIOS DIGITAL/Grupo1_Lab7_2/Grupo1_Lab7_2.srcs/sources_1/new/FF_JK_D.vhd
Note: Tic tac.. testClock='1'
Time: 215 ns  Iteration: 0  Process: /FF_JK_TB/generate_100Mhzs_clock  File: C:/Users/HP G4/Desktop/LABORATORIOS DIGITAL/Grupo1_Lab7_2/Grupo1_Lab7_2.srcs/sim_1/new/FF_JK_TB.vhd
Note:     internalQ='0'
Time: 215 ns  Iteration: 1  Process: /FF_JK_TB/testing_unit/main_process  File: C:/Users/HP G4/Desktop/LABORATORIOS DIGITAL/Grupo1_Lab7_2/Grupo1_Lab7_2.srcs/sources_1/new/FF_JK_D.vhd
Note: Tic tac.. testClock='0'
Time: 220 ns  Iteration: 0  Process: /FF_JK_TB/generate_100Mhzs_clock  File: C:/Users/HP G4/Desktop/LABORATORIOS DIGITAL/Grupo1_Lab7_2/Grupo1_Lab7_2.srcs/sim_1/new/FF_JK_TB.vhd
Note: Procesando tic tac.. clock='1'
Time: 220 ns  Iteration: 1  Process: /FF_JK_TB/testing_unit/main_process  File: C:/Users/HP G4/Desktop/LABORATORIOS DIGITAL/Grupo1_Lab7_2/Grupo1_Lab7_2.srcs/sources_1/new/FF_JK_D.vhd
Note:     J='1'
Time: 220 ns  Iteration: 1  Process: /FF_JK_TB/testing_unit/main_process  File: C:/Users/HP G4/Desktop/LABORATORIOS DIGITAL/Grupo1_Lab7_2/Grupo1_Lab7_2.srcs/sources_1/new/FF_JK_D.vhd
Note:     K='1'
Time: 220 ns  Iteration: 1  Process: /FF_JK_TB/testing_unit/main_process  File: C:/Users/HP G4/Desktop/LABORATORIOS DIGITAL/Grupo1_Lab7_2/Grupo1_Lab7_2.srcs/sources_1/new/FF_JK_D.vhd
Note:     internalQ='0'
Time: 220 ns  Iteration: 1  Process: /FF_JK_TB/testing_unit/main_process  File: C:/Users/HP G4/Desktop/LABORATORIOS DIGITAL/Grupo1_Lab7_2/Grupo1_Lab7_2.srcs/sources_1/new/FF_JK_D.vhd
Note: Tic tac.. testClock='1'
Time: 225 ns  Iteration: 0  Process: /FF_JK_TB/generate_100Mhzs_clock  File: C:/Users/HP G4/Desktop/LABORATORIOS DIGITAL/Grupo1_Lab7_2/Grupo1_Lab7_2.srcs/sim_1/new/FF_JK_TB.vhd
Note:     internalQ='1'
Time: 225 ns  Iteration: 1  Process: /FF_JK_TB/testing_unit/main_process  File: C:/Users/HP G4/Desktop/LABORATORIOS DIGITAL/Grupo1_Lab7_2/Grupo1_Lab7_2.srcs/sources_1/new/FF_JK_D.vhd
Note: Tic tac.. testClock='0'
Time: 230 ns  Iteration: 0  Process: /FF_JK_TB/generate_100Mhzs_clock  File: C:/Users/HP G4/Desktop/LABORATORIOS DIGITAL/Grupo1_Lab7_2/Grupo1_Lab7_2.srcs/sim_1/new/FF_JK_TB.vhd
Note: Procesando tic tac.. clock='1'
Time: 230 ns  Iteration: 1  Process: /FF_JK_TB/testing_unit/main_process  File: C:/Users/HP G4/Desktop/LABORATORIOS DIGITAL/Grupo1_Lab7_2/Grupo1_Lab7_2.srcs/sources_1/new/FF_JK_D.vhd
Note:     J='1'
Time: 230 ns  Iteration: 1  Process: /FF_JK_TB/testing_unit/main_process  File: C:/Users/HP G4/Desktop/LABORATORIOS DIGITAL/Grupo1_Lab7_2/Grupo1_Lab7_2.srcs/sources_1/new/FF_JK_D.vhd
Note:     K='1'
Time: 230 ns  Iteration: 1  Process: /FF_JK_TB/testing_unit/main_process  File: C:/Users/HP G4/Desktop/LABORATORIOS DIGITAL/Grupo1_Lab7_2/Grupo1_Lab7_2.srcs/sources_1/new/FF_JK_D.vhd
Note:     internalQ='1'
Time: 230 ns  Iteration: 1  Process: /FF_JK_TB/testing_unit/main_process  File: C:/Users/HP G4/Desktop/LABORATORIOS DIGITAL/Grupo1_Lab7_2/Grupo1_Lab7_2.srcs/sources_1/new/FF_JK_D.vhd
Note: Tic tac.. testClock='1'
Time: 235 ns  Iteration: 0  Process: /FF_JK_TB/generate_100Mhzs_clock  File: C:/Users/HP G4/Desktop/LABORATORIOS DIGITAL/Grupo1_Lab7_2/Grupo1_Lab7_2.srcs/sim_1/new/FF_JK_TB.vhd
Note:     internalQ='0'
Time: 235 ns  Iteration: 1  Process: /FF_JK_TB/testing_unit/main_process  File: C:/Users/HP G4/Desktop/LABORATORIOS DIGITAL/Grupo1_Lab7_2/Grupo1_Lab7_2.srcs/sources_1/new/FF_JK_D.vhd
Note: Tic tac.. testClock='0'
Time: 240 ns  Iteration: 0  Process: /FF_JK_TB/generate_100Mhzs_clock  File: C:/Users/HP G4/Desktop/LABORATORIOS DIGITAL/Grupo1_Lab7_2/Grupo1_Lab7_2.srcs/sim_1/new/FF_JK_TB.vhd
Note: Procesando tic tac.. clock='1'
Time: 240 ns  Iteration: 1  Process: /FF_JK_TB/testing_unit/main_process  File: C:/Users/HP G4/Desktop/LABORATORIOS DIGITAL/Grupo1_Lab7_2/Grupo1_Lab7_2.srcs/sources_1/new/FF_JK_D.vhd
Note:     J='1'
Time: 240 ns  Iteration: 1  Process: /FF_JK_TB/testing_unit/main_process  File: C:/Users/HP G4/Desktop/LABORATORIOS DIGITAL/Grupo1_Lab7_2/Grupo1_Lab7_2.srcs/sources_1/new/FF_JK_D.vhd
Note:     K='1'
Time: 240 ns  Iteration: 1  Process: /FF_JK_TB/testing_unit/main_process  File: C:/Users/HP G4/Desktop/LABORATORIOS DIGITAL/Grupo1_Lab7_2/Grupo1_Lab7_2.srcs/sources_1/new/FF_JK_D.vhd
Note:     internalQ='0'
Time: 240 ns  Iteration: 1  Process: /FF_JK_TB/testing_unit/main_process  File: C:/Users/HP G4/Desktop/LABORATORIOS DIGITAL/Grupo1_Lab7_2/Grupo1_Lab7_2.srcs/sources_1/new/FF_JK_D.vhd
Note: Tic tac.. testClock='1'
Time: 245 ns  Iteration: 0  Process: /FF_JK_TB/generate_100Mhzs_clock  File: C:/Users/HP G4/Desktop/LABORATORIOS DIGITAL/Grupo1_Lab7_2/Grupo1_Lab7_2.srcs/sim_1/new/FF_JK_TB.vhd
Note:     internalQ='1'
Time: 245 ns  Iteration: 1  Process: /FF_JK_TB/testing_unit/main_process  File: C:/Users/HP G4/Desktop/LABORATORIOS DIGITAL/Grupo1_Lab7_2/Grupo1_Lab7_2.srcs/sources_1/new/FF_JK_D.vhd
Note: Tic tac.. testClock='0'
Time: 250 ns  Iteration: 0  Process: /FF_JK_TB/generate_100Mhzs_clock  File: C:/Users/HP G4/Desktop/LABORATORIOS DIGITAL/Grupo1_Lab7_2/Grupo1_Lab7_2.srcs/sim_1/new/FF_JK_TB.vhd
Note: Procesando tic tac.. clock='1'
Time: 250 ns  Iteration: 1  Process: /FF_JK_TB/testing_unit/main_process  File: C:/Users/HP G4/Desktop/LABORATORIOS DIGITAL/Grupo1_Lab7_2/Grupo1_Lab7_2.srcs/sources_1/new/FF_JK_D.vhd
Note:     J='1'
Time: 250 ns  Iteration: 1  Process: /FF_JK_TB/testing_unit/main_process  File: C:/Users/HP G4/Desktop/LABORATORIOS DIGITAL/Grupo1_Lab7_2/Grupo1_Lab7_2.srcs/sources_1/new/FF_JK_D.vhd
Note:     K='1'
Time: 250 ns  Iteration: 1  Process: /FF_JK_TB/testing_unit/main_process  File: C:/Users/HP G4/Desktop/LABORATORIOS DIGITAL/Grupo1_Lab7_2/Grupo1_Lab7_2.srcs/sources_1/new/FF_JK_D.vhd
Note:     internalQ='1'
Time: 250 ns  Iteration: 1  Process: /FF_JK_TB/testing_unit/main_process  File: C:/Users/HP G4/Desktop/LABORATORIOS DIGITAL/Grupo1_Lab7_2/Grupo1_Lab7_2.srcs/sources_1/new/FF_JK_D.vhd
Note: Tic tac.. testClock='1'
Time: 255 ns  Iteration: 0  Process: /FF_JK_TB/generate_100Mhzs_clock  File: C:/Users/HP G4/Desktop/LABORATORIOS DIGITAL/Grupo1_Lab7_2/Grupo1_Lab7_2.srcs/sim_1/new/FF_JK_TB.vhd
Note:     internalQ='0'
Time: 255 ns  Iteration: 1  Process: /FF_JK_TB/testing_unit/main_process  File: C:/Users/HP G4/Desktop/LABORATORIOS DIGITAL/Grupo1_Lab7_2/Grupo1_Lab7_2.srcs/sources_1/new/FF_JK_D.vhd
Note: Tic tac.. testClock='0'
Time: 260 ns  Iteration: 0  Process: /FF_JK_TB/generate_100Mhzs_clock  File: C:/Users/HP G4/Desktop/LABORATORIOS DIGITAL/Grupo1_Lab7_2/Grupo1_Lab7_2.srcs/sim_1/new/FF_JK_TB.vhd
Note: Procesando tic tac.. clock='1'
Time: 260 ns  Iteration: 1  Process: /FF_JK_TB/testing_unit/main_process  File: C:/Users/HP G4/Desktop/LABORATORIOS DIGITAL/Grupo1_Lab7_2/Grupo1_Lab7_2.srcs/sources_1/new/FF_JK_D.vhd
Note:     J='1'
Time: 260 ns  Iteration: 1  Process: /FF_JK_TB/testing_unit/main_process  File: C:/Users/HP G4/Desktop/LABORATORIOS DIGITAL/Grupo1_Lab7_2/Grupo1_Lab7_2.srcs/sources_1/new/FF_JK_D.vhd
Note:     K='1'
Time: 260 ns  Iteration: 1  Process: /FF_JK_TB/testing_unit/main_process  File: C:/Users/HP G4/Desktop/LABORATORIOS DIGITAL/Grupo1_Lab7_2/Grupo1_Lab7_2.srcs/sources_1/new/FF_JK_D.vhd
Note:     internalQ='0'
Time: 260 ns  Iteration: 1  Process: /FF_JK_TB/testing_unit/main_process  File: C:/Users/HP G4/Desktop/LABORATORIOS DIGITAL/Grupo1_Lab7_2/Grupo1_Lab7_2.srcs/sources_1/new/FF_JK_D.vhd
Note: Tic tac.. testClock='1'
Time: 265 ns  Iteration: 0  Process: /FF_JK_TB/generate_100Mhzs_clock  File: C:/Users/HP G4/Desktop/LABORATORIOS DIGITAL/Grupo1_Lab7_2/Grupo1_Lab7_2.srcs/sim_1/new/FF_JK_TB.vhd
Note:     internalQ='1'
Time: 265 ns  Iteration: 1  Process: /FF_JK_TB/testing_unit/main_process  File: C:/Users/HP G4/Desktop/LABORATORIOS DIGITAL/Grupo1_Lab7_2/Grupo1_Lab7_2.srcs/sources_1/new/FF_JK_D.vhd
Note: Tic tac.. testClock='0'
Time: 270 ns  Iteration: 0  Process: /FF_JK_TB/generate_100Mhzs_clock  File: C:/Users/HP G4/Desktop/LABORATORIOS DIGITAL/Grupo1_Lab7_2/Grupo1_Lab7_2.srcs/sim_1/new/FF_JK_TB.vhd
Note: Procesando tic tac.. clock='1'
Time: 270 ns  Iteration: 1  Process: /FF_JK_TB/testing_unit/main_process  File: C:/Users/HP G4/Desktop/LABORATORIOS DIGITAL/Grupo1_Lab7_2/Grupo1_Lab7_2.srcs/sources_1/new/FF_JK_D.vhd
Note:     J='1'
Time: 270 ns  Iteration: 1  Process: /FF_JK_TB/testing_unit/main_process  File: C:/Users/HP G4/Desktop/LABORATORIOS DIGITAL/Grupo1_Lab7_2/Grupo1_Lab7_2.srcs/sources_1/new/FF_JK_D.vhd
Note:     K='1'
Time: 270 ns  Iteration: 1  Process: /FF_JK_TB/testing_unit/main_process  File: C:/Users/HP G4/Desktop/LABORATORIOS DIGITAL/Grupo1_Lab7_2/Grupo1_Lab7_2.srcs/sources_1/new/FF_JK_D.vhd
Note:     internalQ='1'
Time: 270 ns  Iteration: 1  Process: /FF_JK_TB/testing_unit/main_process  File: C:/Users/HP G4/Desktop/LABORATORIOS DIGITAL/Grupo1_Lab7_2/Grupo1_Lab7_2.srcs/sources_1/new/FF_JK_D.vhd
Note: Tic tac.. testClock='1'
Time: 275 ns  Iteration: 0  Process: /FF_JK_TB/generate_100Mhzs_clock  File: C:/Users/HP G4/Desktop/LABORATORIOS DIGITAL/Grupo1_Lab7_2/Grupo1_Lab7_2.srcs/sim_1/new/FF_JK_TB.vhd
Note:     internalQ='0'
Time: 275 ns  Iteration: 1  Process: /FF_JK_TB/testing_unit/main_process  File: C:/Users/HP G4/Desktop/LABORATORIOS DIGITAL/Grupo1_Lab7_2/Grupo1_Lab7_2.srcs/sources_1/new/FF_JK_D.vhd
Note: Tic tac.. testClock='0'
Time: 280 ns  Iteration: 0  Process: /FF_JK_TB/generate_100Mhzs_clock  File: C:/Users/HP G4/Desktop/LABORATORIOS DIGITAL/Grupo1_Lab7_2/Grupo1_Lab7_2.srcs/sim_1/new/FF_JK_TB.vhd
Note: Procesando tic tac.. clock='1'
Time: 280 ns  Iteration: 1  Process: /FF_JK_TB/testing_unit/main_process  File: C:/Users/HP G4/Desktop/LABORATORIOS DIGITAL/Grupo1_Lab7_2/Grupo1_Lab7_2.srcs/sources_1/new/FF_JK_D.vhd
Note:     J='1'
Time: 280 ns  Iteration: 1  Process: /FF_JK_TB/testing_unit/main_process  File: C:/Users/HP G4/Desktop/LABORATORIOS DIGITAL/Grupo1_Lab7_2/Grupo1_Lab7_2.srcs/sources_1/new/FF_JK_D.vhd
Note:     K='1'
Time: 280 ns  Iteration: 1  Process: /FF_JK_TB/testing_unit/main_process  File: C:/Users/HP G4/Desktop/LABORATORIOS DIGITAL/Grupo1_Lab7_2/Grupo1_Lab7_2.srcs/sources_1/new/FF_JK_D.vhd
Note:     internalQ='0'
Time: 280 ns  Iteration: 1  Process: /FF_JK_TB/testing_unit/main_process  File: C:/Users/HP G4/Desktop/LABORATORIOS DIGITAL/Grupo1_Lab7_2/Grupo1_Lab7_2.srcs/sources_1/new/FF_JK_D.vhd
Note: Tic tac.. testClock='1'
Time: 285 ns  Iteration: 0  Process: /FF_JK_TB/generate_100Mhzs_clock  File: C:/Users/HP G4/Desktop/LABORATORIOS DIGITAL/Grupo1_Lab7_2/Grupo1_Lab7_2.srcs/sim_1/new/FF_JK_TB.vhd
Note:     internalQ='1'
Time: 285 ns  Iteration: 1  Process: /FF_JK_TB/testing_unit/main_process  File: C:/Users/HP G4/Desktop/LABORATORIOS DIGITAL/Grupo1_Lab7_2/Grupo1_Lab7_2.srcs/sources_1/new/FF_JK_D.vhd
Note: Tic tac.. testClock='0'
Time: 290 ns  Iteration: 0  Process: /FF_JK_TB/generate_100Mhzs_clock  File: C:/Users/HP G4/Desktop/LABORATORIOS DIGITAL/Grupo1_Lab7_2/Grupo1_Lab7_2.srcs/sim_1/new/FF_JK_TB.vhd
Note: Procesando tic tac.. clock='1'
Time: 290 ns  Iteration: 1  Process: /FF_JK_TB/testing_unit/main_process  File: C:/Users/HP G4/Desktop/LABORATORIOS DIGITAL/Grupo1_Lab7_2/Grupo1_Lab7_2.srcs/sources_1/new/FF_JK_D.vhd
Note:     J='1'
Time: 290 ns  Iteration: 1  Process: /FF_JK_TB/testing_unit/main_process  File: C:/Users/HP G4/Desktop/LABORATORIOS DIGITAL/Grupo1_Lab7_2/Grupo1_Lab7_2.srcs/sources_1/new/FF_JK_D.vhd
Note:     K='1'
Time: 290 ns  Iteration: 1  Process: /FF_JK_TB/testing_unit/main_process  File: C:/Users/HP G4/Desktop/LABORATORIOS DIGITAL/Grupo1_Lab7_2/Grupo1_Lab7_2.srcs/sources_1/new/FF_JK_D.vhd
Note:     internalQ='1'
Time: 290 ns  Iteration: 1  Process: /FF_JK_TB/testing_unit/main_process  File: C:/Users/HP G4/Desktop/LABORATORIOS DIGITAL/Grupo1_Lab7_2/Grupo1_Lab7_2.srcs/sources_1/new/FF_JK_D.vhd
Note: Tic tac.. testClock='1'
Time: 295 ns  Iteration: 0  Process: /FF_JK_TB/generate_100Mhzs_clock  File: C:/Users/HP G4/Desktop/LABORATORIOS DIGITAL/Grupo1_Lab7_2/Grupo1_Lab7_2.srcs/sim_1/new/FF_JK_TB.vhd
Note:     internalQ='0'
Time: 295 ns  Iteration: 1  Process: /FF_JK_TB/testing_unit/main_process  File: C:/Users/HP G4/Desktop/LABORATORIOS DIGITAL/Grupo1_Lab7_2/Grupo1_Lab7_2.srcs/sources_1/new/FF_JK_D.vhd
Note: Tic tac.. testClock='0'
Time: 300 ns  Iteration: 0  Process: /FF_JK_TB/generate_100Mhzs_clock  File: C:/Users/HP G4/Desktop/LABORATORIOS DIGITAL/Grupo1_Lab7_2/Grupo1_Lab7_2.srcs/sim_1/new/FF_JK_TB.vhd
Note: Procesando tic tac.. clock='1'
Time: 300 ns  Iteration: 1  Process: /FF_JK_TB/testing_unit/main_process  File: C:/Users/HP G4/Desktop/LABORATORIOS DIGITAL/Grupo1_Lab7_2/Grupo1_Lab7_2.srcs/sources_1/new/FF_JK_D.vhd
Note:     J='1'
Time: 300 ns  Iteration: 1  Process: /FF_JK_TB/testing_unit/main_process  File: C:/Users/HP G4/Desktop/LABORATORIOS DIGITAL/Grupo1_Lab7_2/Grupo1_Lab7_2.srcs/sources_1/new/FF_JK_D.vhd
Note:     K='1'
Time: 300 ns  Iteration: 1  Process: /FF_JK_TB/testing_unit/main_process  File: C:/Users/HP G4/Desktop/LABORATORIOS DIGITAL/Grupo1_Lab7_2/Grupo1_Lab7_2.srcs/sources_1/new/FF_JK_D.vhd
Note:     internalQ='0'
Time: 300 ns  Iteration: 1  Process: /FF_JK_TB/testing_unit/main_process  File: C:/Users/HP G4/Desktop/LABORATORIOS DIGITAL/Grupo1_Lab7_2/Grupo1_Lab7_2.srcs/sources_1/new/FF_JK_D.vhd
Note: Tic tac.. testClock='1'
Time: 305 ns  Iteration: 0  Process: /FF_JK_TB/generate_100Mhzs_clock  File: C:/Users/HP G4/Desktop/LABORATORIOS DIGITAL/Grupo1_Lab7_2/Grupo1_Lab7_2.srcs/sim_1/new/FF_JK_TB.vhd
Note:     internalQ='1'
Time: 305 ns  Iteration: 1  Process: /FF_JK_TB/testing_unit/main_process  File: C:/Users/HP G4/Desktop/LABORATORIOS DIGITAL/Grupo1_Lab7_2/Grupo1_Lab7_2.srcs/sources_1/new/FF_JK_D.vhd
Note: Tic tac.. testClock='0'
Time: 310 ns  Iteration: 0  Process: /FF_JK_TB/generate_100Mhzs_clock  File: C:/Users/HP G4/Desktop/LABORATORIOS DIGITAL/Grupo1_Lab7_2/Grupo1_Lab7_2.srcs/sim_1/new/FF_JK_TB.vhd
Note: Procesando tic tac.. clock='1'
Time: 310 ns  Iteration: 1  Process: /FF_JK_TB/testing_unit/main_process  File: C:/Users/HP G4/Desktop/LABORATORIOS DIGITAL/Grupo1_Lab7_2/Grupo1_Lab7_2.srcs/sources_1/new/FF_JK_D.vhd
Note:     J='1'
Time: 310 ns  Iteration: 1  Process: /FF_JK_TB/testing_unit/main_process  File: C:/Users/HP G4/Desktop/LABORATORIOS DIGITAL/Grupo1_Lab7_2/Grupo1_Lab7_2.srcs/sources_1/new/FF_JK_D.vhd
Note:     K='1'
Time: 310 ns  Iteration: 1  Process: /FF_JK_TB/testing_unit/main_process  File: C:/Users/HP G4/Desktop/LABORATORIOS DIGITAL/Grupo1_Lab7_2/Grupo1_Lab7_2.srcs/sources_1/new/FF_JK_D.vhd
Note:     internalQ='1'
Time: 310 ns  Iteration: 1  Process: /FF_JK_TB/testing_unit/main_process  File: C:/Users/HP G4/Desktop/LABORATORIOS DIGITAL/Grupo1_Lab7_2/Grupo1_Lab7_2.srcs/sources_1/new/FF_JK_D.vhd
Note: Tic tac.. testClock='1'
Time: 315 ns  Iteration: 0  Process: /FF_JK_TB/generate_100Mhzs_clock  File: C:/Users/HP G4/Desktop/LABORATORIOS DIGITAL/Grupo1_Lab7_2/Grupo1_Lab7_2.srcs/sim_1/new/FF_JK_TB.vhd
Note:     internalQ='0'
Time: 315 ns  Iteration: 1  Process: /FF_JK_TB/testing_unit/main_process  File: C:/Users/HP G4/Desktop/LABORATORIOS DIGITAL/Grupo1_Lab7_2/Grupo1_Lab7_2.srcs/sources_1/new/FF_JK_D.vhd
Note: Tic tac.. testClock='0'
Time: 320 ns  Iteration: 0  Process: /FF_JK_TB/generate_100Mhzs_clock  File: C:/Users/HP G4/Desktop/LABORATORIOS DIGITAL/Grupo1_Lab7_2/Grupo1_Lab7_2.srcs/sim_1/new/FF_JK_TB.vhd
Note: Procesando tic tac.. clock='1'
Time: 320 ns  Iteration: 1  Process: /FF_JK_TB/testing_unit/main_process  File: C:/Users/HP G4/Desktop/LABORATORIOS DIGITAL/Grupo1_Lab7_2/Grupo1_Lab7_2.srcs/sources_1/new/FF_JK_D.vhd
Note:     J='1'
Time: 320 ns  Iteration: 1  Process: /FF_JK_TB/testing_unit/main_process  File: C:/Users/HP G4/Desktop/LABORATORIOS DIGITAL/Grupo1_Lab7_2/Grupo1_Lab7_2.srcs/sources_1/new/FF_JK_D.vhd
Note:     K='1'
Time: 320 ns  Iteration: 1  Process: /FF_JK_TB/testing_unit/main_process  File: C:/Users/HP G4/Desktop/LABORATORIOS DIGITAL/Grupo1_Lab7_2/Grupo1_Lab7_2.srcs/sources_1/new/FF_JK_D.vhd
Note:     internalQ='0'
Time: 320 ns  Iteration: 1  Process: /FF_JK_TB/testing_unit/main_process  File: C:/Users/HP G4/Desktop/LABORATORIOS DIGITAL/Grupo1_Lab7_2/Grupo1_Lab7_2.srcs/sources_1/new/FF_JK_D.vhd
Note: Tic tac.. testClock='1'
Time: 325 ns  Iteration: 0  Process: /FF_JK_TB/generate_100Mhzs_clock  File: C:/Users/HP G4/Desktop/LABORATORIOS DIGITAL/Grupo1_Lab7_2/Grupo1_Lab7_2.srcs/sim_1/new/FF_JK_TB.vhd
Note:     internalQ='1'
Time: 325 ns  Iteration: 1  Process: /FF_JK_TB/testing_unit/main_process  File: C:/Users/HP G4/Desktop/LABORATORIOS DIGITAL/Grupo1_Lab7_2/Grupo1_Lab7_2.srcs/sources_1/new/FF_JK_D.vhd
Note: Tic tac.. testClock='0'
Time: 330 ns  Iteration: 0  Process: /FF_JK_TB/generate_100Mhzs_clock  File: C:/Users/HP G4/Desktop/LABORATORIOS DIGITAL/Grupo1_Lab7_2/Grupo1_Lab7_2.srcs/sim_1/new/FF_JK_TB.vhd
Note: Procesando tic tac.. clock='1'
Time: 330 ns  Iteration: 1  Process: /FF_JK_TB/testing_unit/main_process  File: C:/Users/HP G4/Desktop/LABORATORIOS DIGITAL/Grupo1_Lab7_2/Grupo1_Lab7_2.srcs/sources_1/new/FF_JK_D.vhd
Note:     J='1'
Time: 330 ns  Iteration: 1  Process: /FF_JK_TB/testing_unit/main_process  File: C:/Users/HP G4/Desktop/LABORATORIOS DIGITAL/Grupo1_Lab7_2/Grupo1_Lab7_2.srcs/sources_1/new/FF_JK_D.vhd
Note:     K='1'
Time: 330 ns  Iteration: 1  Process: /FF_JK_TB/testing_unit/main_process  File: C:/Users/HP G4/Desktop/LABORATORIOS DIGITAL/Grupo1_Lab7_2/Grupo1_Lab7_2.srcs/sources_1/new/FF_JK_D.vhd
Note:     internalQ='1'
Time: 330 ns  Iteration: 1  Process: /FF_JK_TB/testing_unit/main_process  File: C:/Users/HP G4/Desktop/LABORATORIOS DIGITAL/Grupo1_Lab7_2/Grupo1_Lab7_2.srcs/sources_1/new/FF_JK_D.vhd
Note: Tic tac.. testClock='1'
Time: 335 ns  Iteration: 0  Process: /FF_JK_TB/generate_100Mhzs_clock  File: C:/Users/HP G4/Desktop/LABORATORIOS DIGITAL/Grupo1_Lab7_2/Grupo1_Lab7_2.srcs/sim_1/new/FF_JK_TB.vhd
Note:     internalQ='0'
Time: 335 ns  Iteration: 1  Process: /FF_JK_TB/testing_unit/main_process  File: C:/Users/HP G4/Desktop/LABORATORIOS DIGITAL/Grupo1_Lab7_2/Grupo1_Lab7_2.srcs/sources_1/new/FF_JK_D.vhd
Note: Tic tac.. testClock='0'
Time: 340 ns  Iteration: 0  Process: /FF_JK_TB/generate_100Mhzs_clock  File: C:/Users/HP G4/Desktop/LABORATORIOS DIGITAL/Grupo1_Lab7_2/Grupo1_Lab7_2.srcs/sim_1/new/FF_JK_TB.vhd
Note: Procesando tic tac.. clock='1'
Time: 340 ns  Iteration: 1  Process: /FF_JK_TB/testing_unit/main_process  File: C:/Users/HP G4/Desktop/LABORATORIOS DIGITAL/Grupo1_Lab7_2/Grupo1_Lab7_2.srcs/sources_1/new/FF_JK_D.vhd
Note:     J='1'
Time: 340 ns  Iteration: 1  Process: /FF_JK_TB/testing_unit/main_process  File: C:/Users/HP G4/Desktop/LABORATORIOS DIGITAL/Grupo1_Lab7_2/Grupo1_Lab7_2.srcs/sources_1/new/FF_JK_D.vhd
Note:     K='1'
Time: 340 ns  Iteration: 1  Process: /FF_JK_TB/testing_unit/main_process  File: C:/Users/HP G4/Desktop/LABORATORIOS DIGITAL/Grupo1_Lab7_2/Grupo1_Lab7_2.srcs/sources_1/new/FF_JK_D.vhd
Note:     internalQ='0'
Time: 340 ns  Iteration: 1  Process: /FF_JK_TB/testing_unit/main_process  File: C:/Users/HP G4/Desktop/LABORATORIOS DIGITAL/Grupo1_Lab7_2/Grupo1_Lab7_2.srcs/sources_1/new/FF_JK_D.vhd
Note: Tic tac.. testClock='1'
Time: 345 ns  Iteration: 0  Process: /FF_JK_TB/generate_100Mhzs_clock  File: C:/Users/HP G4/Desktop/LABORATORIOS DIGITAL/Grupo1_Lab7_2/Grupo1_Lab7_2.srcs/sim_1/new/FF_JK_TB.vhd
Note:     internalQ='1'
Time: 345 ns  Iteration: 1  Process: /FF_JK_TB/testing_unit/main_process  File: C:/Users/HP G4/Desktop/LABORATORIOS DIGITAL/Grupo1_Lab7_2/Grupo1_Lab7_2.srcs/sources_1/new/FF_JK_D.vhd
Note: Tic tac.. testClock='0'
Time: 350 ns  Iteration: 0  Process: /FF_JK_TB/generate_100Mhzs_clock  File: C:/Users/HP G4/Desktop/LABORATORIOS DIGITAL/Grupo1_Lab7_2/Grupo1_Lab7_2.srcs/sim_1/new/FF_JK_TB.vhd
Note: Procesando tic tac.. clock='1'
Time: 350 ns  Iteration: 1  Process: /FF_JK_TB/testing_unit/main_process  File: C:/Users/HP G4/Desktop/LABORATORIOS DIGITAL/Grupo1_Lab7_2/Grupo1_Lab7_2.srcs/sources_1/new/FF_JK_D.vhd
Note:     J='1'
Time: 350 ns  Iteration: 1  Process: /FF_JK_TB/testing_unit/main_process  File: C:/Users/HP G4/Desktop/LABORATORIOS DIGITAL/Grupo1_Lab7_2/Grupo1_Lab7_2.srcs/sources_1/new/FF_JK_D.vhd
Note:     K='1'
Time: 350 ns  Iteration: 1  Process: /FF_JK_TB/testing_unit/main_process  File: C:/Users/HP G4/Desktop/LABORATORIOS DIGITAL/Grupo1_Lab7_2/Grupo1_Lab7_2.srcs/sources_1/new/FF_JK_D.vhd
Note:     internalQ='1'
Time: 350 ns  Iteration: 1  Process: /FF_JK_TB/testing_unit/main_process  File: C:/Users/HP G4/Desktop/LABORATORIOS DIGITAL/Grupo1_Lab7_2/Grupo1_Lab7_2.srcs/sources_1/new/FF_JK_D.vhd
Note: Tic tac.. testClock='1'
Time: 355 ns  Iteration: 0  Process: /FF_JK_TB/generate_100Mhzs_clock  File: C:/Users/HP G4/Desktop/LABORATORIOS DIGITAL/Grupo1_Lab7_2/Grupo1_Lab7_2.srcs/sim_1/new/FF_JK_TB.vhd
Note:     internalQ='0'
Time: 355 ns  Iteration: 1  Process: /FF_JK_TB/testing_unit/main_process  File: C:/Users/HP G4/Desktop/LABORATORIOS DIGITAL/Grupo1_Lab7_2/Grupo1_Lab7_2.srcs/sources_1/new/FF_JK_D.vhd
Note: Tic tac.. testClock='0'
Time: 360 ns  Iteration: 0  Process: /FF_JK_TB/generate_100Mhzs_clock  File: C:/Users/HP G4/Desktop/LABORATORIOS DIGITAL/Grupo1_Lab7_2/Grupo1_Lab7_2.srcs/sim_1/new/FF_JK_TB.vhd
Note: Procesando tic tac.. clock='1'
Time: 360 ns  Iteration: 1  Process: /FF_JK_TB/testing_unit/main_process  File: C:/Users/HP G4/Desktop/LABORATORIOS DIGITAL/Grupo1_Lab7_2/Grupo1_Lab7_2.srcs/sources_1/new/FF_JK_D.vhd
Note:     J='1'
Time: 360 ns  Iteration: 1  Process: /FF_JK_TB/testing_unit/main_process  File: C:/Users/HP G4/Desktop/LABORATORIOS DIGITAL/Grupo1_Lab7_2/Grupo1_Lab7_2.srcs/sources_1/new/FF_JK_D.vhd
Note:     K='1'
Time: 360 ns  Iteration: 1  Process: /FF_JK_TB/testing_unit/main_process  File: C:/Users/HP G4/Desktop/LABORATORIOS DIGITAL/Grupo1_Lab7_2/Grupo1_Lab7_2.srcs/sources_1/new/FF_JK_D.vhd
Note:     internalQ='0'
Time: 360 ns  Iteration: 1  Process: /FF_JK_TB/testing_unit/main_process  File: C:/Users/HP G4/Desktop/LABORATORIOS DIGITAL/Grupo1_Lab7_2/Grupo1_Lab7_2.srcs/sources_1/new/FF_JK_D.vhd
Note: Tic tac.. testClock='1'
Time: 365 ns  Iteration: 0  Process: /FF_JK_TB/generate_100Mhzs_clock  File: C:/Users/HP G4/Desktop/LABORATORIOS DIGITAL/Grupo1_Lab7_2/Grupo1_Lab7_2.srcs/sim_1/new/FF_JK_TB.vhd
Note:     internalQ='1'
Time: 365 ns  Iteration: 1  Process: /FF_JK_TB/testing_unit/main_process  File: C:/Users/HP G4/Desktop/LABORATORIOS DIGITAL/Grupo1_Lab7_2/Grupo1_Lab7_2.srcs/sources_1/new/FF_JK_D.vhd
Note: Tic tac.. testClock='0'
Time: 370 ns  Iteration: 0  Process: /FF_JK_TB/generate_100Mhzs_clock  File: C:/Users/HP G4/Desktop/LABORATORIOS DIGITAL/Grupo1_Lab7_2/Grupo1_Lab7_2.srcs/sim_1/new/FF_JK_TB.vhd
Note: Procesando tic tac.. clock='1'
Time: 370 ns  Iteration: 1  Process: /FF_JK_TB/testing_unit/main_process  File: C:/Users/HP G4/Desktop/LABORATORIOS DIGITAL/Grupo1_Lab7_2/Grupo1_Lab7_2.srcs/sources_1/new/FF_JK_D.vhd
Note:     J='1'
Time: 370 ns  Iteration: 1  Process: /FF_JK_TB/testing_unit/main_process  File: C:/Users/HP G4/Desktop/LABORATORIOS DIGITAL/Grupo1_Lab7_2/Grupo1_Lab7_2.srcs/sources_1/new/FF_JK_D.vhd
Note:     K='1'
Time: 370 ns  Iteration: 1  Process: /FF_JK_TB/testing_unit/main_process  File: C:/Users/HP G4/Desktop/LABORATORIOS DIGITAL/Grupo1_Lab7_2/Grupo1_Lab7_2.srcs/sources_1/new/FF_JK_D.vhd
Note:     internalQ='1'
Time: 370 ns  Iteration: 1  Process: /FF_JK_TB/testing_unit/main_process  File: C:/Users/HP G4/Desktop/LABORATORIOS DIGITAL/Grupo1_Lab7_2/Grupo1_Lab7_2.srcs/sources_1/new/FF_JK_D.vhd
Note: Tic tac.. testClock='1'
Time: 375 ns  Iteration: 0  Process: /FF_JK_TB/generate_100Mhzs_clock  File: C:/Users/HP G4/Desktop/LABORATORIOS DIGITAL/Grupo1_Lab7_2/Grupo1_Lab7_2.srcs/sim_1/new/FF_JK_TB.vhd
Note:     internalQ='0'
Time: 375 ns  Iteration: 1  Process: /FF_JK_TB/testing_unit/main_process  File: C:/Users/HP G4/Desktop/LABORATORIOS DIGITAL/Grupo1_Lab7_2/Grupo1_Lab7_2.srcs/sources_1/new/FF_JK_D.vhd
Note: Tic tac.. testClock='0'
Time: 380 ns  Iteration: 0  Process: /FF_JK_TB/generate_100Mhzs_clock  File: C:/Users/HP G4/Desktop/LABORATORIOS DIGITAL/Grupo1_Lab7_2/Grupo1_Lab7_2.srcs/sim_1/new/FF_JK_TB.vhd
Note: Procesando tic tac.. clock='1'
Time: 380 ns  Iteration: 1  Process: /FF_JK_TB/testing_unit/main_process  File: C:/Users/HP G4/Desktop/LABORATORIOS DIGITAL/Grupo1_Lab7_2/Grupo1_Lab7_2.srcs/sources_1/new/FF_JK_D.vhd
Note:     J='1'
Time: 380 ns  Iteration: 1  Process: /FF_JK_TB/testing_unit/main_process  File: C:/Users/HP G4/Desktop/LABORATORIOS DIGITAL/Grupo1_Lab7_2/Grupo1_Lab7_2.srcs/sources_1/new/FF_JK_D.vhd
Note:     K='1'
Time: 380 ns  Iteration: 1  Process: /FF_JK_TB/testing_unit/main_process  File: C:/Users/HP G4/Desktop/LABORATORIOS DIGITAL/Grupo1_Lab7_2/Grupo1_Lab7_2.srcs/sources_1/new/FF_JK_D.vhd
Note:     internalQ='0'
Time: 380 ns  Iteration: 1  Process: /FF_JK_TB/testing_unit/main_process  File: C:/Users/HP G4/Desktop/LABORATORIOS DIGITAL/Grupo1_Lab7_2/Grupo1_Lab7_2.srcs/sources_1/new/FF_JK_D.vhd
Note: Tic tac.. testClock='1'
Time: 385 ns  Iteration: 0  Process: /FF_JK_TB/generate_100Mhzs_clock  File: C:/Users/HP G4/Desktop/LABORATORIOS DIGITAL/Grupo1_Lab7_2/Grupo1_Lab7_2.srcs/sim_1/new/FF_JK_TB.vhd
Note:     internalQ='1'
Time: 385 ns  Iteration: 1  Process: /FF_JK_TB/testing_unit/main_process  File: C:/Users/HP G4/Desktop/LABORATORIOS DIGITAL/Grupo1_Lab7_2/Grupo1_Lab7_2.srcs/sources_1/new/FF_JK_D.vhd
Note: Tic tac.. testClock='0'
Time: 390 ns  Iteration: 0  Process: /FF_JK_TB/generate_100Mhzs_clock  File: C:/Users/HP G4/Desktop/LABORATORIOS DIGITAL/Grupo1_Lab7_2/Grupo1_Lab7_2.srcs/sim_1/new/FF_JK_TB.vhd
Note: Procesando tic tac.. clock='1'
Time: 390 ns  Iteration: 1  Process: /FF_JK_TB/testing_unit/main_process  File: C:/Users/HP G4/Desktop/LABORATORIOS DIGITAL/Grupo1_Lab7_2/Grupo1_Lab7_2.srcs/sources_1/new/FF_JK_D.vhd
Note:     J='1'
Time: 390 ns  Iteration: 1  Process: /FF_JK_TB/testing_unit/main_process  File: C:/Users/HP G4/Desktop/LABORATORIOS DIGITAL/Grupo1_Lab7_2/Grupo1_Lab7_2.srcs/sources_1/new/FF_JK_D.vhd
Note:     K='1'
Time: 390 ns  Iteration: 1  Process: /FF_JK_TB/testing_unit/main_process  File: C:/Users/HP G4/Desktop/LABORATORIOS DIGITAL/Grupo1_Lab7_2/Grupo1_Lab7_2.srcs/sources_1/new/FF_JK_D.vhd
Note:     internalQ='1'
Time: 390 ns  Iteration: 1  Process: /FF_JK_TB/testing_unit/main_process  File: C:/Users/HP G4/Desktop/LABORATORIOS DIGITAL/Grupo1_Lab7_2/Grupo1_Lab7_2.srcs/sources_1/new/FF_JK_D.vhd
Note: Tic tac.. testClock='1'
Time: 395 ns  Iteration: 0  Process: /FF_JK_TB/generate_100Mhzs_clock  File: C:/Users/HP G4/Desktop/LABORATORIOS DIGITAL/Grupo1_Lab7_2/Grupo1_Lab7_2.srcs/sim_1/new/FF_JK_TB.vhd
Note:     internalQ='0'
Time: 395 ns  Iteration: 1  Process: /FF_JK_TB/testing_unit/main_process  File: C:/Users/HP G4/Desktop/LABORATORIOS DIGITAL/Grupo1_Lab7_2/Grupo1_Lab7_2.srcs/sources_1/new/FF_JK_D.vhd
Note: Tic tac.. testClock='0'
Time: 400 ns  Iteration: 0  Process: /FF_JK_TB/generate_100Mhzs_clock  File: C:/Users/HP G4/Desktop/LABORATORIOS DIGITAL/Grupo1_Lab7_2/Grupo1_Lab7_2.srcs/sim_1/new/FF_JK_TB.vhd
Note: Procesando tic tac.. clock='1'
Time: 400 ns  Iteration: 1  Process: /FF_JK_TB/testing_unit/main_process  File: C:/Users/HP G4/Desktop/LABORATORIOS DIGITAL/Grupo1_Lab7_2/Grupo1_Lab7_2.srcs/sources_1/new/FF_JK_D.vhd
Note:     J='1'
Time: 400 ns  Iteration: 1  Process: /FF_JK_TB/testing_unit/main_process  File: C:/Users/HP G4/Desktop/LABORATORIOS DIGITAL/Grupo1_Lab7_2/Grupo1_Lab7_2.srcs/sources_1/new/FF_JK_D.vhd
Note:     K='1'
Time: 400 ns  Iteration: 1  Process: /FF_JK_TB/testing_unit/main_process  File: C:/Users/HP G4/Desktop/LABORATORIOS DIGITAL/Grupo1_Lab7_2/Grupo1_Lab7_2.srcs/sources_1/new/FF_JK_D.vhd
Note:     internalQ='0'
Time: 400 ns  Iteration: 1  Process: /FF_JK_TB/testing_unit/main_process  File: C:/Users/HP G4/Desktop/LABORATORIOS DIGITAL/Grupo1_Lab7_2/Grupo1_Lab7_2.srcs/sources_1/new/FF_JK_D.vhd
xsim: Time (s): cpu = 00:00:13 ; elapsed = 00:00:05 . Memory (MB): peak = 788.074 ; gain = 20.500
INFO: [USF-XSim-96] XSim completed. Design snapshot 'FF_JK_TB_behav' loaded.
INFO: [USF-XSim-97] XSim simulation ran for 1000ns
launch_simulation: Time (s): cpu = 00:00:18 ; elapsed = 00:00:10 . Memory (MB): peak = 788.074 ; gain = 26.777
close_sim
INFO: [Simtcl 6-16] Simulation closed
exit
INFO: [Common 17-206] Exiting Vivado at Fri Oct 21 17:13:06 2022...
