Vivado Simulator 2018.3
Time resolution is 1 ps
Note:     internalQ='U'
Time: 0 ps  Iteration: 0  Process: /FF_JK_TB/testing_unit/main_process  File: C:/Users/HP G4/Desktop/LABORATORIOS DIGITAL/Grupo1_Lab7_2/Grupo1_Lab7_2.srcs/sources_1/new/FF_JK_D.vhd
Note: Tic tac.. testClock='0'
Time: 0 ps  Iteration: 0  Process: /FF_JK_TB/generate_100Mhzs_clock  File: C:/Users/HP G4/Desktop/LABORATORIOS DIGITAL/Grupo1_Lab7_2/Grupo1_Lab7_2.srcs/sim_1/new/FF_JK_TB.vhd
Note: Procesando tic tac.. clock='1'
Time: 0 ps  Iteration: 1  Process: /FF_JK_TB/testing_unit/main_process  File: C:/Users/HP G4/Desktop/LABORATORIOS DIGITAL/Grupo1_Lab7_2/Grupo1_Lab7_2.srcs/sources_1/new/FF_JK_D.vhd
Note:     J='U'
Time: 0 ps  Iteration: 1  Process: /FF_JK_TB/testing_unit/main_process  File: C:/Users/HP G4/Desktop/LABORATORIOS DIGITAL/Grupo1_Lab7_2/Grupo1_Lab7_2.srcs/sources_1/new/FF_JK_D.vhd
Note:     K='U'
Time: 0 ps  Iteration: 1  Process: /FF_JK_TB/testing_unit/main_process  File: C:/Users/HP G4/Desktop/LABORATORIOS DIGITAL/Grupo1_Lab7_2/Grupo1_Lab7_2.srcs/sources_1/new/FF_JK_D.vhd
Note:     internalQ='U'
Time: 0 ps  Iteration: 1  Process: /FF_JK_TB/testing_unit/main_process  File: C:/Users/HP G4/Desktop/LABORATORIOS DIGITAL/Grupo1_Lab7_2/Grupo1_Lab7_2.srcs/sources_1/new/FF_JK_D.vhd
Note: Tic tac.. testClock='1'
Time: 5 ns  Iteration: 0  Process: /FF_JK_TB/generate_100Mhzs_clock  File: C:/Users/HP G4/Desktop/LABORATORIOS DIGITAL/Grupo1_Lab7_2/Grupo1_Lab7_2.srcs/sim_1/new/FF_JK_TB.vhd
Note:     internalQ='U'
Time: 5 ns  Iteration: 1  Process: /FF_JK_TB/testing_unit/main_process  File: C:/Users/HP G4/Desktop/LABORATORIOS DIGITAL/Grupo1_Lab7_2/Grupo1_Lab7_2.srcs/sources_1/new/FF_JK_D.vhd
Note: Tic tac.. testClock='0'
Time: 10 ns  Iteration: 0  Process: /FF_JK_TB/generate_100Mhzs_clock  File: C:/Users/HP G4/Desktop/LABORATORIOS DIGITAL/Grupo1_Lab7_2/Grupo1_Lab7_2.srcs/sim_1/new/FF_JK_TB.vhd
Note: Procesando tic tac.. clock='1'
Time: 10 ns  Iteration: 1  Process: /FF_JK_TB/testing_unit/main_process  File: C:/Users/HP G4/Desktop/LABORATORIOS DIGITAL/Grupo1_Lab7_2/Grupo1_Lab7_2.srcs/sources_1/new/FF_JK_D.vhd
Note:     J='U'
Time: 10 ns  Iteration: 1  Process: /FF_JK_TB/testing_unit/main_process  File: C:/Users/HP G4/Desktop/LABORATORIOS DIGITAL/Grupo1_Lab7_2/Grupo1_Lab7_2.srcs/sources_1/new/FF_JK_D.vhd
Note:     K='U'
Time: 10 ns  Iteration: 1  Process: /FF_JK_TB/testing_unit/main_process  File: C:/Users/HP G4/Desktop/LABORATORIOS DIGITAL/Grupo1_Lab7_2/Grupo1_Lab7_2.srcs/sources_1/new/FF_JK_D.vhd
Note:     internalQ='U'
Time: 10 ns  Iteration: 1  Process: /FF_JK_TB/testing_unit/main_process  File: C:/Users/HP G4/Desktop/LABORATORIOS DIGITAL/Grupo1_Lab7_2/Grupo1_Lab7_2.srcs/sources_1/new/FF_JK_D.vhd
Note: Tic tac.. testClock='1'
Time: 15 ns  Iteration: 0  Process: /FF_JK_TB/generate_100Mhzs_clock  File: C:/Users/HP G4/Desktop/LABORATORIOS DIGITAL/Grupo1_Lab7_2/Grupo1_Lab7_2.srcs/sim_1/new/FF_JK_TB.vhd
Note:     internalQ='U'
Time: 15 ns  Iteration: 1  Process: /FF_JK_TB/testing_unit/main_process  File: C:/Users/HP G4/Desktop/LABORATORIOS DIGITAL/Grupo1_Lab7_2/Grupo1_Lab7_2.srcs/sources_1/new/FF_JK_D.vhd
Note: Tic tac.. testClock='0'
Time: 20 ns  Iteration: 0  Process: /FF_JK_TB/generate_100Mhzs_clock  File: C:/Users/HP G4/Desktop/LABORATORIOS DIGITAL/Grupo1_Lab7_2/Grupo1_Lab7_2.srcs/sim_1/new/FF_JK_TB.vhd
Note: Procesando tic tac.. clock='1'
Time: 20 ns  Iteration: 1  Process: /FF_JK_TB/testing_unit/main_process  File: C:/Users/HP G4/Desktop/LABORATORIOS DIGITAL/Grupo1_Lab7_2/Grupo1_Lab7_2.srcs/sources_1/new/FF_JK_D.vhd
Note:     J='0'
Time: 20 ns  Iteration: 1  Process: /FF_JK_TB/testing_unit/main_process  File: C:/Users/HP G4/Desktop/LABORATORIOS DIGITAL/Grupo1_Lab7_2/Grupo1_Lab7_2.srcs/sources_1/new/FF_JK_D.vhd
Note:     K='0'
Time: 20 ns  Iteration: 1  Process: /FF_JK_TB/testing_unit/main_process  File: C:/Users/HP G4/Desktop/LABORATORIOS DIGITAL/Grupo1_Lab7_2/Grupo1_Lab7_2.srcs/sources_1/new/FF_JK_D.vhd
Note:     internalQ='U'
Time: 20 ns  Iteration: 1  Process: /FF_JK_TB/testing_unit/main_process  File: C:/Users/HP G4/Desktop/LABORATORIOS DIGITAL/Grupo1_Lab7_2/Grupo1_Lab7_2.srcs/sources_1/new/FF_JK_D.vhd
Note: Tic tac.. testClock='1'
Time: 25 ns  Iteration: 0  Process: /FF_JK_TB/generate_100Mhzs_clock  File: C:/Users/HP G4/Desktop/LABORATORIOS DIGITAL/Grupo1_Lab7_2/Grupo1_Lab7_2.srcs/sim_1/new/FF_JK_TB.vhd
Note:     internalQ='U'
Time: 25 ns  Iteration: 1  Process: /FF_JK_TB/testing_unit/main_process  File: C:/Users/HP G4/Desktop/LABORATORIOS DIGITAL/Grupo1_Lab7_2/Grupo1_Lab7_2.srcs/sources_1/new/FF_JK_D.vhd
Note: Tic tac.. testClock='0'
Time: 30 ns  Iteration: 0  Process: /FF_JK_TB/generate_100Mhzs_clock  File: C:/Users/HP G4/Desktop/LABORATORIOS DIGITAL/Grupo1_Lab7_2/Grupo1_Lab7_2.srcs/sim_1/new/FF_JK_TB.vhd
Note: Procesando tic tac.. clock='1'
Time: 30 ns  Iteration: 1  Process: /FF_JK_TB/testing_unit/main_process  File: C:/Users/HP G4/Desktop/LABORATORIOS DIGITAL/Grupo1_Lab7_2/Grupo1_Lab7_2.srcs/sources_1/new/FF_JK_D.vhd
Note:     J='0'
Time: 30 ns  Iteration: 1  Process: /FF_JK_TB/testing_unit/main_process  File: C:/Users/HP G4/Desktop/LABORATORIOS DIGITAL/Grupo1_Lab7_2/Grupo1_Lab7_2.srcs/sources_1/new/FF_JK_D.vhd
Note:     K='1'
Time: 30 ns  Iteration: 1  Process: /FF_JK_TB/testing_unit/main_process  File: C:/Users/HP G4/Desktop/LABORATORIOS DIGITAL/Grupo1_Lab7_2/Grupo1_Lab7_2.srcs/sources_1/new/FF_JK_D.vhd
Note:     internalQ='U'
Time: 30 ns  Iteration: 1  Process: /FF_JK_TB/testing_unit/main_process  File: C:/Users/HP G4/Desktop/LABORATORIOS DIGITAL/Grupo1_Lab7_2/Grupo1_Lab7_2.srcs/sources_1/new/FF_JK_D.vhd
Note: Tic tac.. testClock='1'
Time: 35 ns  Iteration: 0  Process: /FF_JK_TB/generate_100Mhzs_clock  File: C:/Users/HP G4/Desktop/LABORATORIOS DIGITAL/Grupo1_Lab7_2/Grupo1_Lab7_2.srcs/sim_1/new/FF_JK_TB.vhd
Note:     internalQ='0'
Time: 35 ns  Iteration: 1  Process: /FF_JK_TB/testing_unit/main_process  File: C:/Users/HP G4/Desktop/LABORATORIOS DIGITAL/Grupo1_Lab7_2/Grupo1_Lab7_2.srcs/sources_1/new/FF_JK_D.vhd
Note: Tic tac.. testClock='0'
Time: 40 ns  Iteration: 0  Process: /FF_JK_TB/generate_100Mhzs_clock  File: C:/Users/HP G4/Desktop/LABORATORIOS DIGITAL/Grupo1_Lab7_2/Grupo1_Lab7_2.srcs/sim_1/new/FF_JK_TB.vhd
Note: Procesando tic tac.. clock='1'
Time: 40 ns  Iteration: 1  Process: /FF_JK_TB/testing_unit/main_process  File: C:/Users/HP G4/Desktop/LABORATORIOS DIGITAL/Grupo1_Lab7_2/Grupo1_Lab7_2.srcs/sources_1/new/FF_JK_D.vhd
Note:     J='1'
Time: 40 ns  Iteration: 1  Process: /FF_JK_TB/testing_unit/main_process  File: C:/Users/HP G4/Desktop/LABORATORIOS DIGITAL/Grupo1_Lab7_2/Grupo1_Lab7_2.srcs/sources_1/new/FF_JK_D.vhd
Note:     K='0'
Time: 40 ns  Iteration: 1  Process: /FF_JK_TB/testing_unit/main_process  File: C:/Users/HP G4/Desktop/LABORATORIOS DIGITAL/Grupo1_Lab7_2/Grupo1_Lab7_2.srcs/sources_1/new/FF_JK_D.vhd
Note:     internalQ='0'
Time: 40 ns  Iteration: 1  Process: /FF_JK_TB/testing_unit/main_process  File: C:/Users/HP G4/Desktop/LABORATORIOS DIGITAL/Grupo1_Lab7_2/Grupo1_Lab7_2.srcs/sources_1/new/FF_JK_D.vhd
Note: Tic tac.. testClock='1'
Time: 45 ns  Iteration: 0  Process: /FF_JK_TB/generate_100Mhzs_clock  File: C:/Users/HP G4/Desktop/LABORATORIOS DIGITAL/Grupo1_Lab7_2/Grupo1_Lab7_2.srcs/sim_1/new/FF_JK_TB.vhd
Note:     internalQ='1'
Time: 45 ns  Iteration: 1  Process: /FF_JK_TB/testing_unit/main_process  File: C:/Users/HP G4/Desktop/LABORATORIOS DIGITAL/Grupo1_Lab7_2/Grupo1_Lab7_2.srcs/sources_1/new/FF_JK_D.vhd
Note: Tic tac.. testClock='0'
Time: 50 ns  Iteration: 0  Process: /FF_JK_TB/generate_100Mhzs_clock  File: C:/Users/HP G4/Desktop/LABORATORIOS DIGITAL/Grupo1_Lab7_2/Grupo1_Lab7_2.srcs/sim_1/new/FF_JK_TB.vhd
Note: Procesando tic tac.. clock='1'
Time: 50 ns  Iteration: 1  Process: /FF_JK_TB/testing_unit/main_process  File: C:/Users/HP G4/Desktop/LABORATORIOS DIGITAL/Grupo1_Lab7_2/Grupo1_Lab7_2.srcs/sources_1/new/FF_JK_D.vhd
Note:     J='1'
Time: 50 ns  Iteration: 1  Process: /FF_JK_TB/testing_unit/main_process  File: C:/Users/HP G4/Desktop/LABORATORIOS DIGITAL/Grupo1_Lab7_2/Grupo1_Lab7_2.srcs/sources_1/new/FF_JK_D.vhd
Note:     K='1'
Time: 50 ns  Iteration: 1  Process: /FF_JK_TB/testing_unit/main_process  File: C:/Users/HP G4/Desktop/LABORATORIOS DIGITAL/Grupo1_Lab7_2/Grupo1_Lab7_2.srcs/sources_1/new/FF_JK_D.vhd
Note:     internalQ='1'
Time: 50 ns  Iteration: 1  Process: /FF_JK_TB/testing_unit/main_process  File: C:/Users/HP G4/Desktop/LABORATORIOS DIGITAL/Grupo1_Lab7_2/Grupo1_Lab7_2.srcs/sources_1/new/FF_JK_D.vhd
Note: Tic tac.. testClock='1'
Time: 55 ns  Iteration: 0  Process: /FF_JK_TB/generate_100Mhzs_clock  File: C:/Users/HP G4/Desktop/LABORATORIOS DIGITAL/Grupo1_Lab7_2/Grupo1_Lab7_2.srcs/sim_1/new/FF_JK_TB.vhd
Note:     internalQ='0'
Time: 55 ns  Iteration: 1  Process: /FF_JK_TB/testing_unit/main_process  File: C:/Users/HP G4/Desktop/LABORATORIOS DIGITAL/Grupo1_Lab7_2/Grupo1_Lab7_2.srcs/sources_1/new/FF_JK_D.vhd
Note: Tic tac.. testClock='0'
Time: 60 ns  Iteration: 0  Process: /FF_JK_TB/generate_100Mhzs_clock  File: C:/Users/HP G4/Desktop/LABORATORIOS DIGITAL/Grupo1_Lab7_2/Grupo1_Lab7_2.srcs/sim_1/new/FF_JK_TB.vhd
Note: Procesando tic tac.. clock='1'
Time: 60 ns  Iteration: 1  Process: /FF_JK_TB/testing_unit/main_process  File: C:/Users/HP G4/Desktop/LABORATORIOS DIGITAL/Grupo1_Lab7_2/Grupo1_Lab7_2.srcs/sources_1/new/FF_JK_D.vhd
Note:     J='1'
Time: 60 ns  Iteration: 1  Process: /FF_JK_TB/testing_unit/main_process  File: C:/Users/HP G4/Desktop/LABORATORIOS DIGITAL/Grupo1_Lab7_2/Grupo1_Lab7_2.srcs/sources_1/new/FF_JK_D.vhd
Note:     K='1'
Time: 60 ns  Iteration: 1  Process: /FF_JK_TB/testing_unit/main_process  File: C:/Users/HP G4/Desktop/LABORATORIOS DIGITAL/Grupo1_Lab7_2/Grupo1_Lab7_2.srcs/sources_1/new/FF_JK_D.vhd
Note:     internalQ='0'
Time: 60 ns  Iteration: 1  Process: /FF_JK_TB/testing_unit/main_process  File: C:/Users/HP G4/Desktop/LABORATORIOS DIGITAL/Grupo1_Lab7_2/Grupo1_Lab7_2.srcs/sources_1/new/FF_JK_D.vhd
Note: Tic tac.. testClock='1'
Time: 65 ns  Iteration: 0  Process: /FF_JK_TB/generate_100Mhzs_clock  File: C:/Users/HP G4/Desktop/LABORATORIOS DIGITAL/Grupo1_Lab7_2/Grupo1_Lab7_2.srcs/sim_1/new/FF_JK_TB.vhd
Note:     internalQ='1'
Time: 65 ns  Iteration: 1  Process: /FF_JK_TB/testing_unit/main_process  File: C:/Users/HP G4/Desktop/LABORATORIOS DIGITAL/Grupo1_Lab7_2/Grupo1_Lab7_2.srcs/sources_1/new/FF_JK_D.vhd
Note: Tic tac.. testClock='0'
Time: 70 ns  Iteration: 0  Process: /FF_JK_TB/generate_100Mhzs_clock  File: C:/Users/HP G4/Desktop/LABORATORIOS DIGITAL/Grupo1_Lab7_2/Grupo1_Lab7_2.srcs/sim_1/new/FF_JK_TB.vhd
Note: Procesando tic tac.. clock='1'
Time: 70 ns  Iteration: 1  Process: /FF_JK_TB/testing_unit/main_process  File: C:/Users/HP G4/Desktop/LABORATORIOS DIGITAL/Grupo1_Lab7_2/Grupo1_Lab7_2.srcs/sources_1/new/FF_JK_D.vhd
Note:     J='1'
Time: 70 ns  Iteration: 1  Process: /FF_JK_TB/testing_unit/main_process  File: C:/Users/HP G4/Desktop/LABORATORIOS DIGITAL/Grupo1_Lab7_2/Grupo1_Lab7_2.srcs/sources_1/new/FF_JK_D.vhd
Note:     K='1'
Time: 70 ns  Iteration: 1  Process: /FF_JK_TB/testing_unit/main_process  File: C:/Users/HP G4/Desktop/LABORATORIOS DIGITAL/Grupo1_Lab7_2/Grupo1_Lab7_2.srcs/sources_1/new/FF_JK_D.vhd
Note:     internalQ='1'
Time: 70 ns  Iteration: 1  Process: /FF_JK_TB/testing_unit/main_process  File: C:/Users/HP G4/Desktop/LABORATORIOS DIGITAL/Grupo1_Lab7_2/Grupo1_Lab7_2.srcs/sources_1/new/FF_JK_D.vhd
Note: Tic tac.. testClock='1'
Time: 75 ns  Iteration: 0  Process: /FF_JK_TB/generate_100Mhzs_clock  File: C:/Users/HP G4/Desktop/LABORATORIOS DIGITAL/Grupo1_Lab7_2/Grupo1_Lab7_2.srcs/sim_1/new/FF_JK_TB.vhd
Note:     internalQ='0'
Time: 75 ns  Iteration: 1  Process: /FF_JK_TB/testing_unit/main_process  File: C:/Users/HP G4/Desktop/LABORATORIOS DIGITAL/Grupo1_Lab7_2/Grupo1_Lab7_2.srcs/sources_1/new/FF_JK_D.vhd
Note: Tic tac.. testClock='0'
Time: 80 ns  Iteration: 0  Process: /FF_JK_TB/generate_100Mhzs_clock  File: C:/Users/HP G4/Desktop/LABORATORIOS DIGITAL/Grupo1_Lab7_2/Grupo1_Lab7_2.srcs/sim_1/new/FF_JK_TB.vhd
Note: Procesando tic tac.. clock='1'
Time: 80 ns  Iteration: 1  Process: /FF_JK_TB/testing_unit/main_process  File: C:/Users/HP G4/Desktop/LABORATORIOS DIGITAL/Grupo1_Lab7_2/Grupo1_Lab7_2.srcs/sources_1/new/FF_JK_D.vhd
Note:     J='1'
Time: 80 ns  Iteration: 1  Process: /FF_JK_TB/testing_unit/main_process  File: C:/Users/HP G4/Desktop/LABORATORIOS DIGITAL/Grupo1_Lab7_2/Grupo1_Lab7_2.srcs/sources_1/new/FF_JK_D.vhd
Note:     K='1'
Time: 80 ns  Iteration: 1  Process: /FF_JK_TB/testing_unit/main_process  File: C:/Users/HP G4/Desktop/LABORATORIOS DIGITAL/Grupo1_Lab7_2/Grupo1_Lab7_2.srcs/sources_1/new/FF_JK_D.vhd
Note:     internalQ='0'
Time: 80 ns  Iteration: 1  Process: /FF_JK_TB/testing_unit/main_process  File: C:/Users/HP G4/Desktop/LABORATORIOS DIGITAL/Grupo1_Lab7_2/Grupo1_Lab7_2.srcs/sources_1/new/FF_JK_D.vhd
Note: Tic tac.. testClock='1'
Time: 85 ns  Iteration: 0  Process: /FF_JK_TB/generate_100Mhzs_clock  File: C:/Users/HP G4/Desktop/LABORATORIOS DIGITAL/Grupo1_Lab7_2/Grupo1_Lab7_2.srcs/sim_1/new/FF_JK_TB.vhd
Note:     internalQ='1'
Time: 85 ns  Iteration: 1  Process: /FF_JK_TB/testing_unit/main_process  File: C:/Users/HP G4/Desktop/LABORATORIOS DIGITAL/Grupo1_Lab7_2/Grupo1_Lab7_2.srcs/sources_1/new/FF_JK_D.vhd
Note: Tic tac.. testClock='0'
Time: 90 ns  Iteration: 0  Process: /FF_JK_TB/generate_100Mhzs_clock  File: C:/Users/HP G4/Desktop/LABORATORIOS DIGITAL/Grupo1_Lab7_2/Grupo1_Lab7_2.srcs/sim_1/new/FF_JK_TB.vhd
Note: Procesando tic tac.. clock='1'
Time: 90 ns  Iteration: 1  Process: /FF_JK_TB/testing_unit/main_process  File: C:/Users/HP G4/Desktop/LABORATORIOS DIGITAL/Grupo1_Lab7_2/Grupo1_Lab7_2.srcs/sources_1/new/FF_JK_D.vhd
Note:     J='1'
Time: 90 ns  Iteration: 1  Process: /FF_JK_TB/testing_unit/main_process  File: C:/Users/HP G4/Desktop/LABORATORIOS DIGITAL/Grupo1_Lab7_2/Grupo1_Lab7_2.srcs/sources_1/new/FF_JK_D.vhd
Note:     K='1'
Time: 90 ns  Iteration: 1  Process: /FF_JK_TB/testing_unit/main_process  File: C:/Users/HP G4/Desktop/LABORATORIOS DIGITAL/Grupo1_Lab7_2/Grupo1_Lab7_2.srcs/sources_1/new/FF_JK_D.vhd
Note:     internalQ='1'
Time: 90 ns  Iteration: 1  Process: /FF_JK_TB/testing_unit/main_process  File: C:/Users/HP G4/Desktop/LABORATORIOS DIGITAL/Grupo1_Lab7_2/Grupo1_Lab7_2.srcs/sources_1/new/FF_JK_D.vhd
Note: Tic tac.. testClock='1'
Time: 95 ns  Iteration: 0  Process: /FF_JK_TB/generate_100Mhzs_clock  File: C:/Users/HP G4/Desktop/LABORATORIOS DIGITAL/Grupo1_Lab7_2/Grupo1_Lab7_2.srcs/sim_1/new/FF_JK_TB.vhd
Note:     internalQ='0'
Time: 95 ns  Iteration: 1  Process: /FF_JK_TB/testing_unit/main_process  File: C:/Users/HP G4/Desktop/LABORATORIOS DIGITAL/Grupo1_Lab7_2/Grupo1_Lab7_2.srcs/sources_1/new/FF_JK_D.vhd
Note: Tic tac.. testClock='0'
Time: 100 ns  Iteration: 0  Process: /FF_JK_TB/generate_100Mhzs_clock  File: C:/Users/HP G4/Desktop/LABORATORIOS DIGITAL/Grupo1_Lab7_2/Grupo1_Lab7_2.srcs/sim_1/new/FF_JK_TB.vhd
Note: Procesando tic tac.. clock='1'
Time: 100 ns  Iteration: 1  Process: /FF_JK_TB/testing_unit/main_process  File: C:/Users/HP G4/Desktop/LABORATORIOS DIGITAL/Grupo1_Lab7_2/Grupo1_Lab7_2.srcs/sources_1/new/FF_JK_D.vhd
Note:     J='0'
Time: 100 ns  Iteration: 1  Process: /FF_JK_TB/testing_unit/main_process  File: C:/Users/HP G4/Desktop/LABORATORIOS DIGITAL/Grupo1_Lab7_2/Grupo1_Lab7_2.srcs/sources_1/new/FF_JK_D.vhd
Note:     K='0'
Time: 100 ns  Iteration: 1  Process: /FF_JK_TB/testing_unit/main_process  File: C:/Users/HP G4/Desktop/LABORATORIOS DIGITAL/Grupo1_Lab7_2/Grupo1_Lab7_2.srcs/sources_1/new/FF_JK_D.vhd
Note:     internalQ='0'
Time: 100 ns  Iteration: 1  Process: /FF_JK_TB/testing_unit/main_process  File: C:/Users/HP G4/Desktop/LABORATORIOS DIGITAL/Grupo1_Lab7_2/Grupo1_Lab7_2.srcs/sources_1/new/FF_JK_D.vhd
Note: Tic tac.. testClock='1'
Time: 105 ns  Iteration: 0  Process: /FF_JK_TB/generate_100Mhzs_clock  File: C:/Users/HP G4/Desktop/LABORATORIOS DIGITAL/Grupo1_Lab7_2/Grupo1_Lab7_2.srcs/sim_1/new/FF_JK_TB.vhd
Note:     internalQ='0'
Time: 105 ns  Iteration: 1  Process: /FF_JK_TB/testing_unit/main_process  File: C:/Users/HP G4/Desktop/LABORATORIOS DIGITAL/Grupo1_Lab7_2/Grupo1_Lab7_2.srcs/sources_1/new/FF_JK_D.vhd
Note: Tic tac.. testClock='0'
Time: 110 ns  Iteration: 0  Process: /FF_JK_TB/generate_100Mhzs_clock  File: C:/Users/HP G4/Desktop/LABORATORIOS DIGITAL/Grupo1_Lab7_2/Grupo1_Lab7_2.srcs/sim_1/new/FF_JK_TB.vhd
Note: Procesando tic tac.. clock='1'
Time: 110 ns  Iteration: 1  Process: /FF_JK_TB/testing_unit/main_process  File: C:/Users/HP G4/Desktop/LABORATORIOS DIGITAL/Grupo1_Lab7_2/Grupo1_Lab7_2.srcs/sources_1/new/FF_JK_D.vhd
Note:     J='0'
Time: 110 ns  Iteration: 1  Process: /FF_JK_TB/testing_unit/main_process  File: C:/Users/HP G4/Desktop/LABORATORIOS DIGITAL/Grupo1_Lab7_2/Grupo1_Lab7_2.srcs/sources_1/new/FF_JK_D.vhd
Note:     K='1'
Time: 110 ns  Iteration: 1  Process: /FF_JK_TB/testing_unit/main_process  File: C:/Users/HP G4/Desktop/LABORATORIOS DIGITAL/Grupo1_Lab7_2/Grupo1_Lab7_2.srcs/sources_1/new/FF_JK_D.vhd
Note:     internalQ='0'
Time: 110 ns  Iteration: 1  Process: /FF_JK_TB/testing_unit/main_process  File: C:/Users/HP G4/Desktop/LABORATORIOS DIGITAL/Grupo1_Lab7_2/Grupo1_Lab7_2.srcs/sources_1/new/FF_JK_D.vhd
Note: Tic tac.. testClock='1'
Time: 115 ns  Iteration: 0  Process: /FF_JK_TB/generate_100Mhzs_clock  File: C:/Users/HP G4/Desktop/LABORATORIOS DIGITAL/Grupo1_Lab7_2/Grupo1_Lab7_2.srcs/sim_1/new/FF_JK_TB.vhd
Note:     internalQ='0'
Time: 115 ns  Iteration: 1  Process: /FF_JK_TB/testing_unit/main_process  File: C:/Users/HP G4/Desktop/LABORATORIOS DIGITAL/Grupo1_Lab7_2/Grupo1_Lab7_2.srcs/sources_1/new/FF_JK_D.vhd
Note: Tic tac.. testClock='0'
Time: 120 ns  Iteration: 0  Process: /FF_JK_TB/generate_100Mhzs_clock  File: C:/Users/HP G4/Desktop/LABORATORIOS DIGITAL/Grupo1_Lab7_2/Grupo1_Lab7_2.srcs/sim_1/new/FF_JK_TB.vhd
Note: Procesando tic tac.. clock='1'
Time: 120 ns  Iteration: 1  Process: /FF_JK_TB/testing_unit/main_process  File: C:/Users/HP G4/Desktop/LABORATORIOS DIGITAL/Grupo1_Lab7_2/Grupo1_Lab7_2.srcs/sources_1/new/FF_JK_D.vhd
Note:     J='1'
Time: 120 ns  Iteration: 1  Process: /FF_JK_TB/testing_unit/main_process  File: C:/Users/HP G4/Desktop/LABORATORIOS DIGITAL/Grupo1_Lab7_2/Grupo1_Lab7_2.srcs/sources_1/new/FF_JK_D.vhd
Note:     K='0'
Time: 120 ns  Iteration: 1  Process: /FF_JK_TB/testing_unit/main_process  File: C:/Users/HP G4/Desktop/LABORATORIOS DIGITAL/Grupo1_Lab7_2/Grupo1_Lab7_2.srcs/sources_1/new/FF_JK_D.vhd
Note:     internalQ='0'
Time: 120 ns  Iteration: 1  Process: /FF_JK_TB/testing_unit/main_process  File: C:/Users/HP G4/Desktop/LABORATORIOS DIGITAL/Grupo1_Lab7_2/Grupo1_Lab7_2.srcs/sources_1/new/FF_JK_D.vhd
Note: Tic tac.. testClock='1'
Time: 125 ns  Iteration: 0  Process: /FF_JK_TB/generate_100Mhzs_clock  File: C:/Users/HP G4/Desktop/LABORATORIOS DIGITAL/Grupo1_Lab7_2/Grupo1_Lab7_2.srcs/sim_1/new/FF_JK_TB.vhd
Note:     internalQ='1'
Time: 125 ns  Iteration: 1  Process: /FF_JK_TB/testing_unit/main_process  File: C:/Users/HP G4/Desktop/LABORATORIOS DIGITAL/Grupo1_Lab7_2/Grupo1_Lab7_2.srcs/sources_1/new/FF_JK_D.vhd
Note: Tic tac.. testClock='0'
Time: 130 ns  Iteration: 0  Process: /FF_JK_TB/generate_100Mhzs_clock  File: C:/Users/HP G4/Desktop/LABORATORIOS DIGITAL/Grupo1_Lab7_2/Grupo1_Lab7_2.srcs/sim_1/new/FF_JK_TB.vhd
Note: Procesando tic tac.. clock='1'
Time: 130 ns  Iteration: 1  Process: /FF_JK_TB/testing_unit/main_process  File: C:/Users/HP G4/Desktop/LABORATORIOS DIGITAL/Grupo1_Lab7_2/Grupo1_Lab7_2.srcs/sources_1/new/FF_JK_D.vhd
Note:     J='1'
Time: 130 ns  Iteration: 1  Process: /FF_JK_TB/testing_unit/main_process  File: C:/Users/HP G4/Desktop/LABORATORIOS DIGITAL/Grupo1_Lab7_2/Grupo1_Lab7_2.srcs/sources_1/new/FF_JK_D.vhd
Note:     K='1'
Time: 130 ns  Iteration: 1  Process: /FF_JK_TB/testing_unit/main_process  File: C:/Users/HP G4/Desktop/LABORATORIOS DIGITAL/Grupo1_Lab7_2/Grupo1_Lab7_2.srcs/sources_1/new/FF_JK_D.vhd
Note:     internalQ='1'
Time: 130 ns  Iteration: 1  Process: /FF_JK_TB/testing_unit/main_process  File: C:/Users/HP G4/Desktop/LABORATORIOS DIGITAL/Grupo1_Lab7_2/Grupo1_Lab7_2.srcs/sources_1/new/FF_JK_D.vhd
Note: Tic tac.. testClock='1'
Time: 135 ns  Iteration: 0  Process: /FF_JK_TB/generate_100Mhzs_clock  File: C:/Users/HP G4/Desktop/LABORATORIOS DIGITAL/Grupo1_Lab7_2/Grupo1_Lab7_2.srcs/sim_1/new/FF_JK_TB.vhd
Note:     internalQ='0'
Time: 135 ns  Iteration: 1  Process: /FF_JK_TB/testing_unit/main_process  File: C:/Users/HP G4/Desktop/LABORATORIOS DIGITAL/Grupo1_Lab7_2/Grupo1_Lab7_2.srcs/sources_1/new/FF_JK_D.vhd
Note: Tic tac.. testClock='0'
Time: 140 ns  Iteration: 0  Process: /FF_JK_TB/generate_100Mhzs_clock  File: C:/Users/HP G4/Desktop/LABORATORIOS DIGITAL/Grupo1_Lab7_2/Grupo1_Lab7_2.srcs/sim_1/new/FF_JK_TB.vhd
Note: Procesando tic tac.. clock='1'
Time: 140 ns  Iteration: 1  Process: /FF_JK_TB/testing_unit/main_process  File: C:/Users/HP G4/Desktop/LABORATORIOS DIGITAL/Grupo1_Lab7_2/Grupo1_Lab7_2.srcs/sources_1/new/FF_JK_D.vhd
Note:     J='1'
Time: 140 ns  Iteration: 1  Process: /FF_JK_TB/testing_unit/main_process  File: C:/Users/HP G4/Desktop/LABORATORIOS DIGITAL/Grupo1_Lab7_2/Grupo1_Lab7_2.srcs/sources_1/new/FF_JK_D.vhd
Note:     K='1'
Time: 140 ns  Iteration: 1  Process: /FF_JK_TB/testing_unit/main_process  File: C:/Users/HP G4/Desktop/LABORATORIOS DIGITAL/Grupo1_Lab7_2/Grupo1_Lab7_2.srcs/sources_1/new/FF_JK_D.vhd
Note:     internalQ='0'
Time: 140 ns  Iteration: 1  Process: /FF_JK_TB/testing_unit/main_process  File: C:/Users/HP G4/Desktop/LABORATORIOS DIGITAL/Grupo1_Lab7_2/Grupo1_Lab7_2.srcs/sources_1/new/FF_JK_D.vhd
Note: Tic tac.. testClock='1'
Time: 145 ns  Iteration: 0  Process: /FF_JK_TB/generate_100Mhzs_clock  File: C:/Users/HP G4/Desktop/LABORATORIOS DIGITAL/Grupo1_Lab7_2/Grupo1_Lab7_2.srcs/sim_1/new/FF_JK_TB.vhd
Note:     internalQ='1'
Time: 145 ns  Iteration: 1  Process: /FF_JK_TB/testing_unit/main_process  File: C:/Users/HP G4/Desktop/LABORATORIOS DIGITAL/Grupo1_Lab7_2/Grupo1_Lab7_2.srcs/sources_1/new/FF_JK_D.vhd
Note: Tic tac.. testClock='0'
Time: 150 ns  Iteration: 0  Process: /FF_JK_TB/generate_100Mhzs_clock  File: C:/Users/HP G4/Desktop/LABORATORIOS DIGITAL/Grupo1_Lab7_2/Grupo1_Lab7_2.srcs/sim_1/new/FF_JK_TB.vhd
Note: Procesando tic tac.. clock='1'
Time: 150 ns  Iteration: 1  Process: /FF_JK_TB/testing_unit/main_process  File: C:/Users/HP G4/Desktop/LABORATORIOS DIGITAL/Grupo1_Lab7_2/Grupo1_Lab7_2.srcs/sources_1/new/FF_JK_D.vhd
Note:     J='1'
Time: 150 ns  Iteration: 1  Process: /FF_JK_TB/testing_unit/main_process  File: C:/Users/HP G4/Desktop/LABORATORIOS DIGITAL/Grupo1_Lab7_2/Grupo1_Lab7_2.srcs/sources_1/new/FF_JK_D.vhd
Note:     K='1'
Time: 150 ns  Iteration: 1  Process: /FF_JK_TB/testing_unit/main_process  File: C:/Users/HP G4/Desktop/LABORATORIOS DIGITAL/Grupo1_Lab7_2/Grupo1_Lab7_2.srcs/sources_1/new/FF_JK_D.vhd
Note:     internalQ='1'
Time: 150 ns  Iteration: 1  Process: /FF_JK_TB/testing_unit/main_process  File: C:/Users/HP G4/Desktop/LABORATORIOS DIGITAL/Grupo1_Lab7_2/Grupo1_Lab7_2.srcs/sources_1/new/FF_JK_D.vhd
Note: Tic tac.. testClock='1'
Time: 155 ns  Iteration: 0  Process: /FF_JK_TB/generate_100Mhzs_clock  File: C:/Users/HP G4/Desktop/LABORATORIOS DIGITAL/Grupo1_Lab7_2/Grupo1_Lab7_2.srcs/sim_1/new/FF_JK_TB.vhd
Note:     internalQ='0'
Time: 155 ns  Iteration: 1  Process: /FF_JK_TB/testing_unit/main_process  File: C:/Users/HP G4/Desktop/LABORATORIOS DIGITAL/Grupo1_Lab7_2/Grupo1_Lab7_2.srcs/sources_1/new/FF_JK_D.vhd
Note: Tic tac.. testClock='0'
Time: 160 ns  Iteration: 0  Process: /FF_JK_TB/generate_100Mhzs_clock  File: C:/Users/HP G4/Desktop/LABORATORIOS DIGITAL/Grupo1_Lab7_2/Grupo1_Lab7_2.srcs/sim_1/new/FF_JK_TB.vhd
Note: Procesando tic tac.. clock='1'
Time: 160 ns  Iteration: 1  Process: /FF_JK_TB/testing_unit/main_process  File: C:/Users/HP G4/Desktop/LABORATORIOS DIGITAL/Grupo1_Lab7_2/Grupo1_Lab7_2.srcs/sources_1/new/FF_JK_D.vhd
Note:     J='1'
Time: 160 ns  Iteration: 1  Process: /FF_JK_TB/testing_unit/main_process  File: C:/Users/HP G4/Desktop/LABORATORIOS DIGITAL/Grupo1_Lab7_2/Grupo1_Lab7_2.srcs/sources_1/new/FF_JK_D.vhd
Note:     K='1'
Time: 160 ns  Iteration: 1  Process: /FF_JK_TB/testing_unit/main_process  File: C:/Users/HP G4/Desktop/LABORATORIOS DIGITAL/Grupo1_Lab7_2/Grupo1_Lab7_2.srcs/sources_1/new/FF_JK_D.vhd
Note:     internalQ='0'
Time: 160 ns  Iteration: 1  Process: /FF_JK_TB/testing_unit/main_process  File: C:/Users/HP G4/Desktop/LABORATORIOS DIGITAL/Grupo1_Lab7_2/Grupo1_Lab7_2.srcs/sources_1/new/FF_JK_D.vhd
Note: Tic tac.. testClock='1'
Time: 165 ns  Iteration: 0  Process: /FF_JK_TB/generate_100Mhzs_clock  File: C:/Users/HP G4/Desktop/LABORATORIOS DIGITAL/Grupo1_Lab7_2/Grupo1_Lab7_2.srcs/sim_1/new/FF_JK_TB.vhd
Note:     internalQ='1'
Time: 165 ns  Iteration: 1  Process: /FF_JK_TB/testing_unit/main_process  File: C:/Users/HP G4/Desktop/LABORATORIOS DIGITAL/Grupo1_Lab7_2/Grupo1_Lab7_2.srcs/sources_1/new/FF_JK_D.vhd
Note: Tic tac.. testClock='0'
Time: 170 ns  Iteration: 0  Process: /FF_JK_TB/generate_100Mhzs_clock  File: C:/Users/HP G4/Desktop/LABORATORIOS DIGITAL/Grupo1_Lab7_2/Grupo1_Lab7_2.srcs/sim_1/new/FF_JK_TB.vhd
Note: Procesando tic tac.. clock='1'
Time: 170 ns  Iteration: 1  Process: /FF_JK_TB/testing_unit/main_process  File: C:/Users/HP G4/Desktop/LABORATORIOS DIGITAL/Grupo1_Lab7_2/Grupo1_Lab7_2.srcs/sources_1/new/FF_JK_D.vhd
Note:     J='1'
Time: 170 ns  Iteration: 1  Process: /FF_JK_TB/testing_unit/main_process  File: C:/Users/HP G4/Desktop/LABORATORIOS DIGITAL/Grupo1_Lab7_2/Grupo1_Lab7_2.srcs/sources_1/new/FF_JK_D.vhd
Note:     K='1'
Time: 170 ns  Iteration: 1  Process: /FF_JK_TB/testing_unit/main_process  File: C:/Users/HP G4/Desktop/LABORATORIOS DIGITAL/Grupo1_Lab7_2/Grupo1_Lab7_2.srcs/sources_1/new/FF_JK_D.vhd
Note:     internalQ='1'
Time: 170 ns  Iteration: 1  Process: /FF_JK_TB/testing_unit/main_process  File: C:/Users/HP G4/Desktop/LABORATORIOS DIGITAL/Grupo1_Lab7_2/Grupo1_Lab7_2.srcs/sources_1/new/FF_JK_D.vhd
Note: Tic tac.. testClock='1'
Time: 175 ns  Iteration: 0  Process: /FF_JK_TB/generate_100Mhzs_clock  File: C:/Users/HP G4/Desktop/LABORATORIOS DIGITAL/Grupo1_Lab7_2/Grupo1_Lab7_2.srcs/sim_1/new/FF_JK_TB.vhd
Note:     internalQ='0'
Time: 175 ns  Iteration: 1  Process: /FF_JK_TB/testing_unit/main_process  File: C:/Users/HP G4/Desktop/LABORATORIOS DIGITAL/Grupo1_Lab7_2/Grupo1_Lab7_2.srcs/sources_1/new/FF_JK_D.vhd
Note: Tic tac.. testClock='0'
Time: 180 ns  Iteration: 0  Process: /FF_JK_TB/generate_100Mhzs_clock  File: C:/Users/HP G4/Desktop/LABORATORIOS DIGITAL/Grupo1_Lab7_2/Grupo1_Lab7_2.srcs/sim_1/new/FF_JK_TB.vhd
Note: Procesando tic tac.. clock='1'
Time: 180 ns  Iteration: 1  Process: /FF_JK_TB/testing_unit/main_process  File: C:/Users/HP G4/Desktop/LABORATORIOS DIGITAL/Grupo1_Lab7_2/Grupo1_Lab7_2.srcs/sources_1/new/FF_JK_D.vhd
Note:     J='0'
Time: 180 ns  Iteration: 1  Process: /FF_JK_TB/testing_unit/main_process  File: C:/Users/HP G4/Desktop/LABORATORIOS DIGITAL/Grupo1_Lab7_2/Grupo1_Lab7_2.srcs/sources_1/new/FF_JK_D.vhd
Note:     K='0'
Time: 180 ns  Iteration: 1  Process: /FF_JK_TB/testing_unit/main_process  File: C:/Users/HP G4/Desktop/LABORATORIOS DIGITAL/Grupo1_Lab7_2/Grupo1_Lab7_2.srcs/sources_1/new/FF_JK_D.vhd
Note:     internalQ='0'
Time: 180 ns  Iteration: 1  Process: /FF_JK_TB/testing_unit/main_process  File: C:/Users/HP G4/Desktop/LABORATORIOS DIGITAL/Grupo1_Lab7_2/Grupo1_Lab7_2.srcs/sources_1/new/FF_JK_D.vhd
Note: Tic tac.. testClock='1'
Time: 185 ns  Iteration: 0  Process: /FF_JK_TB/generate_100Mhzs_clock  File: C:/Users/HP G4/Desktop/LABORATORIOS DIGITAL/Grupo1_Lab7_2/Grupo1_Lab7_2.srcs/sim_1/new/FF_JK_TB.vhd
Note:     internalQ='0'
Time: 185 ns  Iteration: 1  Process: /FF_JK_TB/testing_unit/main_process  File: C:/Users/HP G4/Desktop/LABORATORIOS DIGITAL/Grupo1_Lab7_2/Grupo1_Lab7_2.srcs/sources_1/new/FF_JK_D.vhd
Note: Tic tac.. testClock='0'
Time: 190 ns  Iteration: 0  Process: /FF_JK_TB/generate_100Mhzs_clock  File: C:/Users/HP G4/Desktop/LABORATORIOS DIGITAL/Grupo1_Lab7_2/Grupo1_Lab7_2.srcs/sim_1/new/FF_JK_TB.vhd
Note: Procesando tic tac.. clock='1'
Time: 190 ns  Iteration: 1  Process: /FF_JK_TB/testing_unit/main_process  File: C:/Users/HP G4/Desktop/LABORATORIOS DIGITAL/Grupo1_Lab7_2/Grupo1_Lab7_2.srcs/sources_1/new/FF_JK_D.vhd
Note:     J='0'
Time: 190 ns  Iteration: 1  Process: /FF_JK_TB/testing_unit/main_process  File: C:/Users/HP G4/Desktop/LABORATORIOS DIGITAL/Grupo1_Lab7_2/Grupo1_Lab7_2.srcs/sources_1/new/FF_JK_D.vhd
Note:     K='1'
Time: 190 ns  Iteration: 1  Process: /FF_JK_TB/testing_unit/main_process  File: C:/Users/HP G4/Desktop/LABORATORIOS DIGITAL/Grupo1_Lab7_2/Grupo1_Lab7_2.srcs/sources_1/new/FF_JK_D.vhd
Note:     internalQ='0'
Time: 190 ns  Iteration: 1  Process: /FF_JK_TB/testing_unit/main_process  File: C:/Users/HP G4/Desktop/LABORATORIOS DIGITAL/Grupo1_Lab7_2/Grupo1_Lab7_2.srcs/sources_1/new/FF_JK_D.vhd
Note: Tic tac.. testClock='1'
Time: 195 ns  Iteration: 0  Process: /FF_JK_TB/generate_100Mhzs_clock  File: C:/Users/HP G4/Desktop/LABORATORIOS DIGITAL/Grupo1_Lab7_2/Grupo1_Lab7_2.srcs/sim_1/new/FF_JK_TB.vhd
Note:     internalQ='0'
Time: 195 ns  Iteration: 1  Process: /FF_JK_TB/testing_unit/main_process  File: C:/Users/HP G4/Desktop/LABORATORIOS DIGITAL/Grupo1_Lab7_2/Grupo1_Lab7_2.srcs/sources_1/new/FF_JK_D.vhd
Note: Tic tac.. testClock='0'
Time: 200 ns  Iteration: 0  Process: /FF_JK_TB/generate_100Mhzs_clock  File: C:/Users/HP G4/Desktop/LABORATORIOS DIGITAL/Grupo1_Lab7_2/Grupo1_Lab7_2.srcs/sim_1/new/FF_JK_TB.vhd
Note: Procesando tic tac.. clock='1'
Time: 200 ns  Iteration: 1  Process: /FF_JK_TB/testing_unit/main_process  File: C:/Users/HP G4/Desktop/LABORATORIOS DIGITAL/Grupo1_Lab7_2/Grupo1_Lab7_2.srcs/sources_1/new/FF_JK_D.vhd
Note:     J='1'
Time: 200 ns  Iteration: 1  Process: /FF_JK_TB/testing_unit/main_process  File: C:/Users/HP G4/Desktop/LABORATORIOS DIGITAL/Grupo1_Lab7_2/Grupo1_Lab7_2.srcs/sources_1/new/FF_JK_D.vhd
Note:     K='0'
Time: 200 ns  Iteration: 1  Process: /FF_JK_TB/testing_unit/main_process  File: C:/Users/HP G4/Desktop/LABORATORIOS DIGITAL/Grupo1_Lab7_2/Grupo1_Lab7_2.srcs/sources_1/new/FF_JK_D.vhd
Note:     internalQ='0'
Time: 200 ns  Iteration: 1  Process: /FF_JK_TB/testing_unit/main_process  File: C:/Users/HP G4/Desktop/LABORATORIOS DIGITAL/Grupo1_Lab7_2/Grupo1_Lab7_2.srcs/sources_1/new/FF_JK_D.vhd
Note: Tic tac.. testClock='1'
Time: 205 ns  Iteration: 0  Process: /FF_JK_TB/generate_100Mhzs_clock  File: C:/Users/HP G4/Desktop/LABORATORIOS DIGITAL/Grupo1_Lab7_2/Grupo1_Lab7_2.srcs/sim_1/new/FF_JK_TB.vhd
Note:     internalQ='1'
Time: 205 ns  Iteration: 1  Process: /FF_JK_TB/testing_unit/main_process  File: C:/Users/HP G4/Desktop/LABORATORIOS DIGITAL/Grupo1_Lab7_2/Grupo1_Lab7_2.srcs/sources_1/new/FF_JK_D.vhd
Note: Tic tac.. testClock='0'
Time: 210 ns  Iteration: 0  Process: /FF_JK_TB/generate_100Mhzs_clock  File: C:/Users/HP G4/Desktop/LABORATORIOS DIGITAL/Grupo1_Lab7_2/Grupo1_Lab7_2.srcs/sim_1/new/FF_JK_TB.vhd
Note: Procesando tic tac.. clock='1'
Time: 210 ns  Iteration: 1  Process: /FF_JK_TB/testing_unit/main_process  File: C:/Users/HP G4/Desktop/LABORATORIOS DIGITAL/Grupo1_Lab7_2/Grupo1_Lab7_2.srcs/sources_1/new/FF_JK_D.vhd
Note:     J='1'
Time: 210 ns  Iteration: 1  Process: /FF_JK_TB/testing_unit/main_process  File: C:/Users/HP G4/Desktop/LABORATORIOS DIGITAL/Grupo1_Lab7_2/Grupo1_Lab7_2.srcs/sources_1/new/FF_JK_D.vhd
Note:     K='1'
Time: 210 ns  Iteration: 1  Process: /FF_JK_TB/testing_unit/main_process  File: C:/Users/HP G4/Desktop/LABORATORIOS DIGITAL/Grupo1_Lab7_2/Grupo1_Lab7_2.srcs/sources_1/new/FF_JK_D.vhd
Note:     internalQ='1'
Time: 210 ns  Iteration: 1  Process: /FF_JK_TB/testing_unit/main_process  File: C:/Users/HP G4/Desktop/LABORATORIOS DIGITAL/Grupo1_Lab7_2/Grupo1_Lab7_2.srcs/sources_1/new/FF_JK_D.vhd
Note: Tic tac.. testClock='1'
Time: 215 ns  Iteration: 0  Process: /FF_JK_TB/generate_100Mhzs_clock  File: C:/Users/HP G4/Desktop/LABORATORIOS DIGITAL/Grupo1_Lab7_2/Grupo1_Lab7_2.srcs/sim_1/new/FF_JK_TB.vhd
Note:     internalQ='0'
Time: 215 ns  Iteration: 1  Process: /FF_JK_TB/testing_unit/main_process  File: C:/Users/HP G4/Desktop/LABORATORIOS DIGITAL/Grupo1_Lab7_2/Grupo1_Lab7_2.srcs/sources_1/new/FF_JK_D.vhd
Note: Tic tac.. testClock='0'
Time: 220 ns  Iteration: 0  Process: /FF_JK_TB/generate_100Mhzs_clock  File: C:/Users/HP G4/Desktop/LABORATORIOS DIGITAL/Grupo1_Lab7_2/Grupo1_Lab7_2.srcs/sim_1/new/FF_JK_TB.vhd
Note: Procesando tic tac.. clock='1'
Time: 220 ns  Iteration: 1  Process: /FF_JK_TB/testing_unit/main_process  File: C:/Users/HP G4/Desktop/LABORATORIOS DIGITAL/Grupo1_Lab7_2/Grupo1_Lab7_2.srcs/sources_1/new/FF_JK_D.vhd
Note:     J='1'
Time: 220 ns  Iteration: 1  Process: /FF_JK_TB/testing_unit/main_process  File: C:/Users/HP G4/Desktop/LABORATORIOS DIGITAL/Grupo1_Lab7_2/Grupo1_Lab7_2.srcs/sources_1/new/FF_JK_D.vhd
Note:     K='1'
Time: 220 ns  Iteration: 1  Process: /FF_JK_TB/testing_unit/main_process  File: C:/Users/HP G4/Desktop/LABORATORIOS DIGITAL/Grupo1_Lab7_2/Grupo1_Lab7_2.srcs/sources_1/new/FF_JK_D.vhd
Note:     internalQ='0'
Time: 220 ns  Iteration: 1  Process: /FF_JK_TB/testing_unit/main_process  File: C:/Users/HP G4/Desktop/LABORATORIOS DIGITAL/Grupo1_Lab7_2/Grupo1_Lab7_2.srcs/sources_1/new/FF_JK_D.vhd
Note: Tic tac.. testClock='1'
Time: 225 ns  Iteration: 0  Process: /FF_JK_TB/generate_100Mhzs_clock  File: C:/Users/HP G4/Desktop/LABORATORIOS DIGITAL/Grupo1_Lab7_2/Grupo1_Lab7_2.srcs/sim_1/new/FF_JK_TB.vhd
Note:     internalQ='1'
Time: 225 ns  Iteration: 1  Process: /FF_JK_TB/testing_unit/main_process  File: C:/Users/HP G4/Desktop/LABORATORIOS DIGITAL/Grupo1_Lab7_2/Grupo1_Lab7_2.srcs/sources_1/new/FF_JK_D.vhd
Note: Tic tac.. testClock='0'
Time: 230 ns  Iteration: 0  Process: /FF_JK_TB/generate_100Mhzs_clock  File: C:/Users/HP G4/Desktop/LABORATORIOS DIGITAL/Grupo1_Lab7_2/Grupo1_Lab7_2.srcs/sim_1/new/FF_JK_TB.vhd
Note: Procesando tic tac.. clock='1'
Time: 230 ns  Iteration: 1  Process: /FF_JK_TB/testing_unit/main_process  File: C:/Users/HP G4/Desktop/LABORATORIOS DIGITAL/Grupo1_Lab7_2/Grupo1_Lab7_2.srcs/sources_1/new/FF_JK_D.vhd
Note:     J='1'
Time: 230 ns  Iteration: 1  Process: /FF_JK_TB/testing_unit/main_process  File: C:/Users/HP G4/Desktop/LABORATORIOS DIGITAL/Grupo1_Lab7_2/Grupo1_Lab7_2.srcs/sources_1/new/FF_JK_D.vhd
Note:     K='1'
Time: 230 ns  Iteration: 1  Process: /FF_JK_TB/testing_unit/main_process  File: C:/Users/HP G4/Desktop/LABORATORIOS DIGITAL/Grupo1_Lab7_2/Grupo1_Lab7_2.srcs/sources_1/new/FF_JK_D.vhd
Note:     internalQ='1'
Time: 230 ns  Iteration: 1  Process: /FF_JK_TB/testing_unit/main_process  File: C:/Users/HP G4/Desktop/LABORATORIOS DIGITAL/Grupo1_Lab7_2/Grupo1_Lab7_2.srcs/sources_1/new/FF_JK_D.vhd
Note: Tic tac.. testClock='1'
Time: 235 ns  Iteration: 0  Process: /FF_JK_TB/generate_100Mhzs_clock  File: C:/Users/HP G4/Desktop/LABORATORIOS DIGITAL/Grupo1_Lab7_2/Grupo1_Lab7_2.srcs/sim_1/new/FF_JK_TB.vhd
Note:     internalQ='0'
Time: 235 ns  Iteration: 1  Process: /FF_JK_TB/testing_unit/main_process  File: C:/Users/HP G4/Desktop/LABORATORIOS DIGITAL/Grupo1_Lab7_2/Grupo1_Lab7_2.srcs/sources_1/new/FF_JK_D.vhd
Note: Tic tac.. testClock='0'
Time: 240 ns  Iteration: 0  Process: /FF_JK_TB/generate_100Mhzs_clock  File: C:/Users/HP G4/Desktop/LABORATORIOS DIGITAL/Grupo1_Lab7_2/Grupo1_Lab7_2.srcs/sim_1/new/FF_JK_TB.vhd
Note: Procesando tic tac.. clock='1'
Time: 240 ns  Iteration: 1  Process: /FF_JK_TB/testing_unit/main_process  File: C:/Users/HP G4/Desktop/LABORATORIOS DIGITAL/Grupo1_Lab7_2/Grupo1_Lab7_2.srcs/sources_1/new/FF_JK_D.vhd
Note:     J='1'
Time: 240 ns  Iteration: 1  Process: /FF_JK_TB/testing_unit/main_process  File: C:/Users/HP G4/Desktop/LABORATORIOS DIGITAL/Grupo1_Lab7_2/Grupo1_Lab7_2.srcs/sources_1/new/FF_JK_D.vhd
Note:     K='1'
Time: 240 ns  Iteration: 1  Process: /FF_JK_TB/testing_unit/main_process  File: C:/Users/HP G4/Desktop/LABORATORIOS DIGITAL/Grupo1_Lab7_2/Grupo1_Lab7_2.srcs/sources_1/new/FF_JK_D.vhd
Note:     internalQ='0'
Time: 240 ns  Iteration: 1  Process: /FF_JK_TB/testing_unit/main_process  File: C:/Users/HP G4/Desktop/LABORATORIOS DIGITAL/Grupo1_Lab7_2/Grupo1_Lab7_2.srcs/sources_1/new/FF_JK_D.vhd
Note: Tic tac.. testClock='1'
Time: 245 ns  Iteration: 0  Process: /FF_JK_TB/generate_100Mhzs_clock  File: C:/Users/HP G4/Desktop/LABORATORIOS DIGITAL/Grupo1_Lab7_2/Grupo1_Lab7_2.srcs/sim_1/new/FF_JK_TB.vhd
Note:     internalQ='1'
Time: 245 ns  Iteration: 1  Process: /FF_JK_TB/testing_unit/main_process  File: C:/Users/HP G4/Desktop/LABORATORIOS DIGITAL/Grupo1_Lab7_2/Grupo1_Lab7_2.srcs/sources_1/new/FF_JK_D.vhd
Note: Tic tac.. testClock='0'
Time: 250 ns  Iteration: 0  Process: /FF_JK_TB/generate_100Mhzs_clock  File: C:/Users/HP G4/Desktop/LABORATORIOS DIGITAL/Grupo1_Lab7_2/Grupo1_Lab7_2.srcs/sim_1/new/FF_JK_TB.vhd
Note: Procesando tic tac.. clock='1'
Time: 250 ns  Iteration: 1  Process: /FF_JK_TB/testing_unit/main_process  File: C:/Users/HP G4/Desktop/LABORATORIOS DIGITAL/Grupo1_Lab7_2/Grupo1_Lab7_2.srcs/sources_1/new/FF_JK_D.vhd
Note:     J='1'
Time: 250 ns  Iteration: 1  Process: /FF_JK_TB/testing_unit/main_process  File: C:/Users/HP G4/Desktop/LABORATORIOS DIGITAL/Grupo1_Lab7_2/Grupo1_Lab7_2.srcs/sources_1/new/FF_JK_D.vhd
Note:     K='1'
Time: 250 ns  Iteration: 1  Process: /FF_JK_TB/testing_unit/main_process  File: C:/Users/HP G4/Desktop/LABORATORIOS DIGITAL/Grupo1_Lab7_2/Grupo1_Lab7_2.srcs/sources_1/new/FF_JK_D.vhd
Note:     internalQ='1'
Time: 250 ns  Iteration: 1  Process: /FF_JK_TB/testing_unit/main_process  File: C:/Users/HP G4/Desktop/LABORATORIOS DIGITAL/Grupo1_Lab7_2/Grupo1_Lab7_2.srcs/sources_1/new/FF_JK_D.vhd
Note: Tic tac.. testClock='1'
Time: 255 ns  Iteration: 0  Process: /FF_JK_TB/generate_100Mhzs_clock  File: C:/Users/HP G4/Desktop/LABORATORIOS DIGITAL/Grupo1_Lab7_2/Grupo1_Lab7_2.srcs/sim_1/new/FF_JK_TB.vhd
Note:     internalQ='0'
Time: 255 ns  Iteration: 1  Process: /FF_JK_TB/testing_unit/main_process  File: C:/Users/HP G4/Desktop/LABORATORIOS DIGITAL/Grupo1_Lab7_2/Grupo1_Lab7_2.srcs/sources_1/new/FF_JK_D.vhd
Note: Tic tac.. testClock='0'
Time: 260 ns  Iteration: 0  Process: /FF_JK_TB/generate_100Mhzs_clock  File: C:/Users/HP G4/Desktop/LABORATORIOS DIGITAL/Grupo1_Lab7_2/Grupo1_Lab7_2.srcs/sim_1/new/FF_JK_TB.vhd
Note: Procesando tic tac.. clock='1'
Time: 260 ns  Iteration: 1  Process: /FF_JK_TB/testing_unit/main_process  File: C:/Users/HP G4/Desktop/LABORATORIOS DIGITAL/Grupo1_Lab7_2/Grupo1_Lab7_2.srcs/sources_1/new/FF_JK_D.vhd
Note:     J='1'
Time: 260 ns  Iteration: 1  Process: /FF_JK_TB/testing_unit/main_process  File: C:/Users/HP G4/Desktop/LABORATORIOS DIGITAL/Grupo1_Lab7_2/Grupo1_Lab7_2.srcs/sources_1/new/FF_JK_D.vhd
Note:     K='1'
Time: 260 ns  Iteration: 1  Process: /FF_JK_TB/testing_unit/main_process  File: C:/Users/HP G4/Desktop/LABORATORIOS DIGITAL/Grupo1_Lab7_2/Grupo1_Lab7_2.srcs/sources_1/new/FF_JK_D.vhd
Note:     internalQ='0'
Time: 260 ns  Iteration: 1  Process: /FF_JK_TB/testing_unit/main_process  File: C:/Users/HP G4/Desktop/LABORATORIOS DIGITAL/Grupo1_Lab7_2/Grupo1_Lab7_2.srcs/sources_1/new/FF_JK_D.vhd
Note: Tic tac.. testClock='1'
Time: 265 ns  Iteration: 0  Process: /FF_JK_TB/generate_100Mhzs_clock  File: C:/Users/HP G4/Desktop/LABORATORIOS DIGITAL/Grupo1_Lab7_2/Grupo1_Lab7_2.srcs/sim_1/new/FF_JK_TB.vhd
Note:     internalQ='1'
Time: 265 ns  Iteration: 1  Process: /FF_JK_TB/testing_unit/main_process  File: C:/Users/HP G4/Desktop/LABORATORIOS DIGITAL/Grupo1_Lab7_2/Grupo1_Lab7_2.srcs/sources_1/new/FF_JK_D.vhd
Note: Tic tac.. testClock='0'
Time: 270 ns  Iteration: 0  Process: /FF_JK_TB/generate_100Mhzs_clock  File: C:/Users/HP G4/Desktop/LABORATORIOS DIGITAL/Grupo1_Lab7_2/Grupo1_Lab7_2.srcs/sim_1/new/FF_JK_TB.vhd
Note: Procesando tic tac.. clock='1'
Time: 270 ns  Iteration: 1  Process: /FF_JK_TB/testing_unit/main_process  File: C:/Users/HP G4/Desktop/LABORATORIOS DIGITAL/Grupo1_Lab7_2/Grupo1_Lab7_2.srcs/sources_1/new/FF_JK_D.vhd
Note:     J='1'
Time: 270 ns  Iteration: 1  Process: /FF_JK_TB/testing_unit/main_process  File: C:/Users/HP G4/Desktop/LABORATORIOS DIGITAL/Grupo1_Lab7_2/Grupo1_Lab7_2.srcs/sources_1/new/FF_JK_D.vhd
Note:     K='1'
Time: 270 ns  Iteration: 1  Process: /FF_JK_TB/testing_unit/main_process  File: C:/Users/HP G4/Desktop/LABORATORIOS DIGITAL/Grupo1_Lab7_2/Grupo1_Lab7_2.srcs/sources_1/new/FF_JK_D.vhd
Note:     internalQ='1'
Time: 270 ns  Iteration: 1  Process: /FF_JK_TB/testing_unit/main_process  File: C:/Users/HP G4/Desktop/LABORATORIOS DIGITAL/Grupo1_Lab7_2/Grupo1_Lab7_2.srcs/sources_1/new/FF_JK_D.vhd
Note: Tic tac.. testClock='1'
Time: 275 ns  Iteration: 0  Process: /FF_JK_TB/generate_100Mhzs_clock  File: C:/Users/HP G4/Desktop/LABORATORIOS DIGITAL/Grupo1_Lab7_2/Grupo1_Lab7_2.srcs/sim_1/new/FF_JK_TB.vhd
Note:     internalQ='0'
Time: 275 ns  Iteration: 1  Process: /FF_JK_TB/testing_unit/main_process  File: C:/Users/HP G4/Desktop/LABORATORIOS DIGITAL/Grupo1_Lab7_2/Grupo1_Lab7_2.srcs/sources_1/new/FF_JK_D.vhd
Note: Tic tac.. testClock='0'
Time: 280 ns  Iteration: 0  Process: /FF_JK_TB/generate_100Mhzs_clock  File: C:/Users/HP G4/Desktop/LABORATORIOS DIGITAL/Grupo1_Lab7_2/Grupo1_Lab7_2.srcs/sim_1/new/FF_JK_TB.vhd
Note: Procesando tic tac.. clock='1'
Time: 280 ns  Iteration: 1  Process: /FF_JK_TB/testing_unit/main_process  File: C:/Users/HP G4/Desktop/LABORATORIOS DIGITAL/Grupo1_Lab7_2/Grupo1_Lab7_2.srcs/sources_1/new/FF_JK_D.vhd
Note:     J='1'
Time: 280 ns  Iteration: 1  Process: /FF_JK_TB/testing_unit/main_process  File: C:/Users/HP G4/Desktop/LABORATORIOS DIGITAL/Grupo1_Lab7_2/Grupo1_Lab7_2.srcs/sources_1/new/FF_JK_D.vhd
Note:     K='1'
Time: 280 ns  Iteration: 1  Process: /FF_JK_TB/testing_unit/main_process  File: C:/Users/HP G4/Desktop/LABORATORIOS DIGITAL/Grupo1_Lab7_2/Grupo1_Lab7_2.srcs/sources_1/new/FF_JK_D.vhd
Note:     internalQ='0'
Time: 280 ns  Iteration: 1  Process: /FF_JK_TB/testing_unit/main_process  File: C:/Users/HP G4/Desktop/LABORATORIOS DIGITAL/Grupo1_Lab7_2/Grupo1_Lab7_2.srcs/sources_1/new/FF_JK_D.vhd
Note: Tic tac.. testClock='1'
Time: 285 ns  Iteration: 0  Process: /FF_JK_TB/generate_100Mhzs_clock  File: C:/Users/HP G4/Desktop/LABORATORIOS DIGITAL/Grupo1_Lab7_2/Grupo1_Lab7_2.srcs/sim_1/new/FF_JK_TB.vhd
Note:     internalQ='1'
Time: 285 ns  Iteration: 1  Process: /FF_JK_TB/testing_unit/main_process  File: C:/Users/HP G4/Desktop/LABORATORIOS DIGITAL/Grupo1_Lab7_2/Grupo1_Lab7_2.srcs/sources_1/new/FF_JK_D.vhd
Note: Tic tac.. testClock='0'
Time: 290 ns  Iteration: 0  Process: /FF_JK_TB/generate_100Mhzs_clock  File: C:/Users/HP G4/Desktop/LABORATORIOS DIGITAL/Grupo1_Lab7_2/Grupo1_Lab7_2.srcs/sim_1/new/FF_JK_TB.vhd
Note: Procesando tic tac.. clock='1'
Time: 290 ns  Iteration: 1  Process: /FF_JK_TB/testing_unit/main_process  File: C:/Users/HP G4/Desktop/LABORATORIOS DIGITAL/Grupo1_Lab7_2/Grupo1_Lab7_2.srcs/sources_1/new/FF_JK_D.vhd
Note:     J='1'
Time: 290 ns  Iteration: 1  Process: /FF_JK_TB/testing_unit/main_process  File: C:/Users/HP G4/Desktop/LABORATORIOS DIGITAL/Grupo1_Lab7_2/Grupo1_Lab7_2.srcs/sources_1/new/FF_JK_D.vhd
Note:     K='1'
Time: 290 ns  Iteration: 1  Process: /FF_JK_TB/testing_unit/main_process  File: C:/Users/HP G4/Desktop/LABORATORIOS DIGITAL/Grupo1_Lab7_2/Grupo1_Lab7_2.srcs/sources_1/new/FF_JK_D.vhd
Note:     internalQ='1'
Time: 290 ns  Iteration: 1  Process: /FF_JK_TB/testing_unit/main_process  File: C:/Users/HP G4/Desktop/LABORATORIOS DIGITAL/Grupo1_Lab7_2/Grupo1_Lab7_2.srcs/sources_1/new/FF_JK_D.vhd
Note: Tic tac.. testClock='1'
Time: 295 ns  Iteration: 0  Process: /FF_JK_TB/generate_100Mhzs_clock  File: C:/Users/HP G4/Desktop/LABORATORIOS DIGITAL/Grupo1_Lab7_2/Grupo1_Lab7_2.srcs/sim_1/new/FF_JK_TB.vhd
Note:     internalQ='0'
Time: 295 ns  Iteration: 1  Process: /FF_JK_TB/testing_unit/main_process  File: C:/Users/HP G4/Desktop/LABORATORIOS DIGITAL/Grupo1_Lab7_2/Grupo1_Lab7_2.srcs/sources_1/new/FF_JK_D.vhd
Note: Tic tac.. testClock='0'
Time: 300 ns  Iteration: 0  Process: /FF_JK_TB/generate_100Mhzs_clock  File: C:/Users/HP G4/Desktop/LABORATORIOS DIGITAL/Grupo1_Lab7_2/Grupo1_Lab7_2.srcs/sim_1/new/FF_JK_TB.vhd
Note: Procesando tic tac.. clock='1'
Time: 300 ns  Iteration: 1  Process: /FF_JK_TB/testing_unit/main_process  File: C:/Users/HP G4/Desktop/LABORATORIOS DIGITAL/Grupo1_Lab7_2/Grupo1_Lab7_2.srcs/sources_1/new/FF_JK_D.vhd
Note:     J='1'
Time: 300 ns  Iteration: 1  Process: /FF_JK_TB/testing_unit/main_process  File: C:/Users/HP G4/Desktop/LABORATORIOS DIGITAL/Grupo1_Lab7_2/Grupo1_Lab7_2.srcs/sources_1/new/FF_JK_D.vhd
Note:     K='1'
Time: 300 ns  Iteration: 1  Process: /FF_JK_TB/testing_unit/main_process  File: C:/Users/HP G4/Desktop/LABORATORIOS DIGITAL/Grupo1_Lab7_2/Grupo1_Lab7_2.srcs/sources_1/new/FF_JK_D.vhd
Note:     internalQ='0'
Time: 300 ns  Iteration: 1  Process: /FF_JK_TB/testing_unit/main_process  File: C:/Users/HP G4/Desktop/LABORATORIOS DIGITAL/Grupo1_Lab7_2/Grupo1_Lab7_2.srcs/sources_1/new/FF_JK_D.vhd
Note: Tic tac.. testClock='1'
Time: 305 ns  Iteration: 0  Process: /FF_JK_TB/generate_100Mhzs_clock  File: C:/Users/HP G4/Desktop/LABORATORIOS DIGITAL/Grupo1_Lab7_2/Grupo1_Lab7_2.srcs/sim_1/new/FF_JK_TB.vhd
Note:     internalQ='1'
Time: 305 ns  Iteration: 1  Process: /FF_JK_TB/testing_unit/main_process  File: C:/Users/HP G4/Desktop/LABORATORIOS DIGITAL/Grupo1_Lab7_2/Grupo1_Lab7_2.srcs/sources_1/new/FF_JK_D.vhd
Note: Tic tac.. testClock='0'
Time: 310 ns  Iteration: 0  Process: /FF_JK_TB/generate_100Mhzs_clock  File: C:/Users/HP G4/Desktop/LABORATORIOS DIGITAL/Grupo1_Lab7_2/Grupo1_Lab7_2.srcs/sim_1/new/FF_JK_TB.vhd
Note: Procesando tic tac.. clock='1'
Time: 310 ns  Iteration: 1  Process: /FF_JK_TB/testing_unit/main_process  File: C:/Users/HP G4/Desktop/LABORATORIOS DIGITAL/Grupo1_Lab7_2/Grupo1_Lab7_2.srcs/sources_1/new/FF_JK_D.vhd
Note:     J='1'
Time: 310 ns  Iteration: 1  Process: /FF_JK_TB/testing_unit/main_process  File: C:/Users/HP G4/Desktop/LABORATORIOS DIGITAL/Grupo1_Lab7_2/Grupo1_Lab7_2.srcs/sources_1/new/FF_JK_D.vhd
Note:     K='1'
Time: 310 ns  Iteration: 1  Process: /FF_JK_TB/testing_unit/main_process  File: C:/Users/HP G4/Desktop/LABORATORIOS DIGITAL/Grupo1_Lab7_2/Grupo1_Lab7_2.srcs/sources_1/new/FF_JK_D.vhd
Note:     internalQ='1'
Time: 310 ns  Iteration: 1  Process: /FF_JK_TB/testing_unit/main_process  File: C:/Users/HP G4/Desktop/LABORATORIOS DIGITAL/Grupo1_Lab7_2/Grupo1_Lab7_2.srcs/sources_1/new/FF_JK_D.vhd
Note: Tic tac.. testClock='1'
Time: 315 ns  Iteration: 0  Process: /FF_JK_TB/generate_100Mhzs_clock  File: C:/Users/HP G4/Desktop/LABORATORIOS DIGITAL/Grupo1_Lab7_2/Grupo1_Lab7_2.srcs/sim_1/new/FF_JK_TB.vhd
Note:     internalQ='0'
Time: 315 ns  Iteration: 1  Process: /FF_JK_TB/testing_unit/main_process  File: C:/Users/HP G4/Desktop/LABORATORIOS DIGITAL/Grupo1_Lab7_2/Grupo1_Lab7_2.srcs/sources_1/new/FF_JK_D.vhd
Note: Tic tac.. testClock='0'
Time: 320 ns  Iteration: 0  Process: /FF_JK_TB/generate_100Mhzs_clock  File: C:/Users/HP G4/Desktop/LABORATORIOS DIGITAL/Grupo1_Lab7_2/Grupo1_Lab7_2.srcs/sim_1/new/FF_JK_TB.vhd
Note: Procesando tic tac.. clock='1'
Time: 320 ns  Iteration: 1  Process: /FF_JK_TB/testing_unit/main_process  File: C:/Users/HP G4/Desktop/LABORATORIOS DIGITAL/Grupo1_Lab7_2/Grupo1_Lab7_2.srcs/sources_1/new/FF_JK_D.vhd
Note:     J='1'
Time: 320 ns  Iteration: 1  Process: /FF_JK_TB/testing_unit/main_process  File: C:/Users/HP G4/Desktop/LABORATORIOS DIGITAL/Grupo1_Lab7_2/Grupo1_Lab7_2.srcs/sources_1/new/FF_JK_D.vhd
Note:     K='1'
Time: 320 ns  Iteration: 1  Process: /FF_JK_TB/testing_unit/main_process  File: C:/Users/HP G4/Desktop/LABORATORIOS DIGITAL/Grupo1_Lab7_2/Grupo1_Lab7_2.srcs/sources_1/new/FF_JK_D.vhd
Note:     internalQ='0'
Time: 320 ns  Iteration: 1  Process: /FF_JK_TB/testing_unit/main_process  File: C:/Users/HP G4/Desktop/LABORATORIOS DIGITAL/Grupo1_Lab7_2/Grupo1_Lab7_2.srcs/sources_1/new/FF_JK_D.vhd
Note: Tic tac.. testClock='1'
Time: 325 ns  Iteration: 0  Process: /FF_JK_TB/generate_100Mhzs_clock  File: C:/Users/HP G4/Desktop/LABORATORIOS DIGITAL/Grupo1_Lab7_2/Grupo1_Lab7_2.srcs/sim_1/new/FF_JK_TB.vhd
Note:     internalQ='1'
Time: 325 ns  Iteration: 1  Process: /FF_JK_TB/testing_unit/main_process  File: C:/Users/HP G4/Desktop/LABORATORIOS DIGITAL/Grupo1_Lab7_2/Grupo1_Lab7_2.srcs/sources_1/new/FF_JK_D.vhd
Note: Tic tac.. testClock='0'
Time: 330 ns  Iteration: 0  Process: /FF_JK_TB/generate_100Mhzs_clock  File: C:/Users/HP G4/Desktop/LABORATORIOS DIGITAL/Grupo1_Lab7_2/Grupo1_Lab7_2.srcs/sim_1/new/FF_JK_TB.vhd
Note: Procesando tic tac.. clock='1'
Time: 330 ns  Iteration: 1  Process: /FF_JK_TB/testing_unit/main_process  File: C:/Users/HP G4/Desktop/LABORATORIOS DIGITAL/Grupo1_Lab7_2/Grupo1_Lab7_2.srcs/sources_1/new/FF_JK_D.vhd
Note:     J='1'
Time: 330 ns  Iteration: 1  Process: /FF_JK_TB/testing_unit/main_process  File: C:/Users/HP G4/Desktop/LABORATORIOS DIGITAL/Grupo1_Lab7_2/Grupo1_Lab7_2.srcs/sources_1/new/FF_JK_D.vhd
Note:     K='1'
Time: 330 ns  Iteration: 1  Process: /FF_JK_TB/testing_unit/main_process  File: C:/Users/HP G4/Desktop/LABORATORIOS DIGITAL/Grupo1_Lab7_2/Grupo1_Lab7_2.srcs/sources_1/new/FF_JK_D.vhd
Note:     internalQ='1'
Time: 330 ns  Iteration: 1  Process: /FF_JK_TB/testing_unit/main_process  File: C:/Users/HP G4/Desktop/LABORATORIOS DIGITAL/Grupo1_Lab7_2/Grupo1_Lab7_2.srcs/sources_1/new/FF_JK_D.vhd
Note: Tic tac.. testClock='1'
Time: 335 ns  Iteration: 0  Process: /FF_JK_TB/generate_100Mhzs_clock  File: C:/Users/HP G4/Desktop/LABORATORIOS DIGITAL/Grupo1_Lab7_2/Grupo1_Lab7_2.srcs/sim_1/new/FF_JK_TB.vhd
Note:     internalQ='0'
Time: 335 ns  Iteration: 1  Process: /FF_JK_TB/testing_unit/main_process  File: C:/Users/HP G4/Desktop/LABORATORIOS DIGITAL/Grupo1_Lab7_2/Grupo1_Lab7_2.srcs/sources_1/new/FF_JK_D.vhd
Note: Tic tac.. testClock='0'
Time: 340 ns  Iteration: 0  Process: /FF_JK_TB/generate_100Mhzs_clock  File: C:/Users/HP G4/Desktop/LABORATORIOS DIGITAL/Grupo1_Lab7_2/Grupo1_Lab7_2.srcs/sim_1/new/FF_JK_TB.vhd
Note: Procesando tic tac.. clock='1'
Time: 340 ns  Iteration: 1  Process: /FF_JK_TB/testing_unit/main_process  File: C:/Users/HP G4/Desktop/LABORATORIOS DIGITAL/Grupo1_Lab7_2/Grupo1_Lab7_2.srcs/sources_1/new/FF_JK_D.vhd
Note:     J='1'
Time: 340 ns  Iteration: 1  Process: /FF_JK_TB/testing_unit/main_process  File: C:/Users/HP G4/Desktop/LABORATORIOS DIGITAL/Grupo1_Lab7_2/Grupo1_Lab7_2.srcs/sources_1/new/FF_JK_D.vhd
Note:     K='1'
Time: 340 ns  Iteration: 1  Process: /FF_JK_TB/testing_unit/main_process  File: C:/Users/HP G4/Desktop/LABORATORIOS DIGITAL/Grupo1_Lab7_2/Grupo1_Lab7_2.srcs/sources_1/new/FF_JK_D.vhd
Note:     internalQ='0'
Time: 340 ns  Iteration: 1  Process: /FF_JK_TB/testing_unit/main_process  File: C:/Users/HP G4/Desktop/LABORATORIOS DIGITAL/Grupo1_Lab7_2/Grupo1_Lab7_2.srcs/sources_1/new/FF_JK_D.vhd
Note: Tic tac.. testClock='1'
Time: 345 ns  Iteration: 0  Process: /FF_JK_TB/generate_100Mhzs_clock  File: C:/Users/HP G4/Desktop/LABORATORIOS DIGITAL/Grupo1_Lab7_2/Grupo1_Lab7_2.srcs/sim_1/new/FF_JK_TB.vhd
Note:     internalQ='1'
Time: 345 ns  Iteration: 1  Process: /FF_JK_TB/testing_unit/main_process  File: C:/Users/HP G4/Desktop/LABORATORIOS DIGITAL/Grupo1_Lab7_2/Grupo1_Lab7_2.srcs/sources_1/new/FF_JK_D.vhd
Note: Tic tac.. testClock='0'
Time: 350 ns  Iteration: 0  Process: /FF_JK_TB/generate_100Mhzs_clock  File: C:/Users/HP G4/Desktop/LABORATORIOS DIGITAL/Grupo1_Lab7_2/Grupo1_Lab7_2.srcs/sim_1/new/FF_JK_TB.vhd
Note: Procesando tic tac.. clock='1'
Time: 350 ns  Iteration: 1  Process: /FF_JK_TB/testing_unit/main_process  File: C:/Users/HP G4/Desktop/LABORATORIOS DIGITAL/Grupo1_Lab7_2/Grupo1_Lab7_2.srcs/sources_1/new/FF_JK_D.vhd
Note:     J='1'
Time: 350 ns  Iteration: 1  Process: /FF_JK_TB/testing_unit/main_process  File: C:/Users/HP G4/Desktop/LABORATORIOS DIGITAL/Grupo1_Lab7_2/Grupo1_Lab7_2.srcs/sources_1/new/FF_JK_D.vhd
Note:     K='1'
Time: 350 ns  Iteration: 1  Process: /FF_JK_TB/testing_unit/main_process  File: C:/Users/HP G4/Desktop/LABORATORIOS DIGITAL/Grupo1_Lab7_2/Grupo1_Lab7_2.srcs/sources_1/new/FF_JK_D.vhd
Note:     internalQ='1'
Time: 350 ns  Iteration: 1  Process: /FF_JK_TB/testing_unit/main_process  File: C:/Users/HP G4/Desktop/LABORATORIOS DIGITAL/Grupo1_Lab7_2/Grupo1_Lab7_2.srcs/sources_1/new/FF_JK_D.vhd
Note: Tic tac.. testClock='1'
Time: 355 ns  Iteration: 0  Process: /FF_JK_TB/generate_100Mhzs_clock  File: C:/Users/HP G4/Desktop/LABORATORIOS DIGITAL/Grupo1_Lab7_2/Grupo1_Lab7_2.srcs/sim_1/new/FF_JK_TB.vhd
Note:     internalQ='0'
Time: 355 ns  Iteration: 1  Process: /FF_JK_TB/testing_unit/main_process  File: C:/Users/HP G4/Desktop/LABORATORIOS DIGITAL/Grupo1_Lab7_2/Grupo1_Lab7_2.srcs/sources_1/new/FF_JK_D.vhd
Note: Tic tac.. testClock='0'
Time: 360 ns  Iteration: 0  Process: /FF_JK_TB/generate_100Mhzs_clock  File: C:/Users/HP G4/Desktop/LABORATORIOS DIGITAL/Grupo1_Lab7_2/Grupo1_Lab7_2.srcs/sim_1/new/FF_JK_TB.vhd
Note: Procesando tic tac.. clock='1'
Time: 360 ns  Iteration: 1  Process: /FF_JK_TB/testing_unit/main_process  File: C:/Users/HP G4/Desktop/LABORATORIOS DIGITAL/Grupo1_Lab7_2/Grupo1_Lab7_2.srcs/sources_1/new/FF_JK_D.vhd
Note:     J='1'
Time: 360 ns  Iteration: 1  Process: /FF_JK_TB/testing_unit/main_process  File: C:/Users/HP G4/Desktop/LABORATORIOS DIGITAL/Grupo1_Lab7_2/Grupo1_Lab7_2.srcs/sources_1/new/FF_JK_D.vhd
Note:     K='1'
Time: 360 ns  Iteration: 1  Process: /FF_JK_TB/testing_unit/main_process  File: C:/Users/HP G4/Desktop/LABORATORIOS DIGITAL/Grupo1_Lab7_2/Grupo1_Lab7_2.srcs/sources_1/new/FF_JK_D.vhd
Note:     internalQ='0'
Time: 360 ns  Iteration: 1  Process: /FF_JK_TB/testing_unit/main_process  File: C:/Users/HP G4/Desktop/LABORATORIOS DIGITAL/Grupo1_Lab7_2/Grupo1_Lab7_2.srcs/sources_1/new/FF_JK_D.vhd
Note: Tic tac.. testClock='1'
Time: 365 ns  Iteration: 0  Process: /FF_JK_TB/generate_100Mhzs_clock  File: C:/Users/HP G4/Desktop/LABORATORIOS DIGITAL/Grupo1_Lab7_2/Grupo1_Lab7_2.srcs/sim_1/new/FF_JK_TB.vhd
Note:     internalQ='1'
Time: 365 ns  Iteration: 1  Process: /FF_JK_TB/testing_unit/main_process  File: C:/Users/HP G4/Desktop/LABORATORIOS DIGITAL/Grupo1_Lab7_2/Grupo1_Lab7_2.srcs/sources_1/new/FF_JK_D.vhd
Note: Tic tac.. testClock='0'
Time: 370 ns  Iteration: 0  Process: /FF_JK_TB/generate_100Mhzs_clock  File: C:/Users/HP G4/Desktop/LABORATORIOS DIGITAL/Grupo1_Lab7_2/Grupo1_Lab7_2.srcs/sim_1/new/FF_JK_TB.vhd
Note: Procesando tic tac.. clock='1'
Time: 370 ns  Iteration: 1  Process: /FF_JK_TB/testing_unit/main_process  File: C:/Users/HP G4/Desktop/LABORATORIOS DIGITAL/Grupo1_Lab7_2/Grupo1_Lab7_2.srcs/sources_1/new/FF_JK_D.vhd
Note:     J='1'
Time: 370 ns  Iteration: 1  Process: /FF_JK_TB/testing_unit/main_process  File: C:/Users/HP G4/Desktop/LABORATORIOS DIGITAL/Grupo1_Lab7_2/Grupo1_Lab7_2.srcs/sources_1/new/FF_JK_D.vhd
Note:     K='1'
Time: 370 ns  Iteration: 1  Process: /FF_JK_TB/testing_unit/main_process  File: C:/Users/HP G4/Desktop/LABORATORIOS DIGITAL/Grupo1_Lab7_2/Grupo1_Lab7_2.srcs/sources_1/new/FF_JK_D.vhd
Note:     internalQ='1'
Time: 370 ns  Iteration: 1  Process: /FF_JK_TB/testing_unit/main_process  File: C:/Users/HP G4/Desktop/LABORATORIOS DIGITAL/Grupo1_Lab7_2/Grupo1_Lab7_2.srcs/sources_1/new/FF_JK_D.vhd
Note: Tic tac.. testClock='1'
Time: 375 ns  Iteration: 0  Process: /FF_JK_TB/generate_100Mhzs_clock  File: C:/Users/HP G4/Desktop/LABORATORIOS DIGITAL/Grupo1_Lab7_2/Grupo1_Lab7_2.srcs/sim_1/new/FF_JK_TB.vhd
Note:     internalQ='0'
Time: 375 ns  Iteration: 1  Process: /FF_JK_TB/testing_unit/main_process  File: C:/Users/HP G4/Desktop/LABORATORIOS DIGITAL/Grupo1_Lab7_2/Grupo1_Lab7_2.srcs/sources_1/new/FF_JK_D.vhd
Note: Tic tac.. testClock='0'
Time: 380 ns  Iteration: 0  Process: /FF_JK_TB/generate_100Mhzs_clock  File: C:/Users/HP G4/Desktop/LABORATORIOS DIGITAL/Grupo1_Lab7_2/Grupo1_Lab7_2.srcs/sim_1/new/FF_JK_TB.vhd
Note: Procesando tic tac.. clock='1'
Time: 380 ns  Iteration: 1  Process: /FF_JK_TB/testing_unit/main_process  File: C:/Users/HP G4/Desktop/LABORATORIOS DIGITAL/Grupo1_Lab7_2/Grupo1_Lab7_2.srcs/sources_1/new/FF_JK_D.vhd
Note:     J='1'
Time: 380 ns  Iteration: 1  Process: /FF_JK_TB/testing_unit/main_process  File: C:/Users/HP G4/Desktop/LABORATORIOS DIGITAL/Grupo1_Lab7_2/Grupo1_Lab7_2.srcs/sources_1/new/FF_JK_D.vhd
Note:     K='1'
Time: 380 ns  Iteration: 1  Process: /FF_JK_TB/testing_unit/main_process  File: C:/Users/HP G4/Desktop/LABORATORIOS DIGITAL/Grupo1_Lab7_2/Grupo1_Lab7_2.srcs/sources_1/new/FF_JK_D.vhd
Note:     internalQ='0'
Time: 380 ns  Iteration: 1  Process: /FF_JK_TB/testing_unit/main_process  File: C:/Users/HP G4/Desktop/LABORATORIOS DIGITAL/Grupo1_Lab7_2/Grupo1_Lab7_2.srcs/sources_1/new/FF_JK_D.vhd
Note: Tic tac.. testClock='1'
Time: 385 ns  Iteration: 0  Process: /FF_JK_TB/generate_100Mhzs_clock  File: C:/Users/HP G4/Desktop/LABORATORIOS DIGITAL/Grupo1_Lab7_2/Grupo1_Lab7_2.srcs/sim_1/new/FF_JK_TB.vhd
Note:     internalQ='1'
Time: 385 ns  Iteration: 1  Process: /FF_JK_TB/testing_unit/main_process  File: C:/Users/HP G4/Desktop/LABORATORIOS DIGITAL/Grupo1_Lab7_2/Grupo1_Lab7_2.srcs/sources_1/new/FF_JK_D.vhd
Note: Tic tac.. testClock='0'
Time: 390 ns  Iteration: 0  Process: /FF_JK_TB/generate_100Mhzs_clock  File: C:/Users/HP G4/Desktop/LABORATORIOS DIGITAL/Grupo1_Lab7_2/Grupo1_Lab7_2.srcs/sim_1/new/FF_JK_TB.vhd
Note: Procesando tic tac.. clock='1'
Time: 390 ns  Iteration: 1  Process: /FF_JK_TB/testing_unit/main_process  File: C:/Users/HP G4/Desktop/LABORATORIOS DIGITAL/Grupo1_Lab7_2/Grupo1_Lab7_2.srcs/sources_1/new/FF_JK_D.vhd
Note:     J='1'
Time: 390 ns  Iteration: 1  Process: /FF_JK_TB/testing_unit/main_process  File: C:/Users/HP G4/Desktop/LABORATORIOS DIGITAL/Grupo1_Lab7_2/Grupo1_Lab7_2.srcs/sources_1/new/FF_JK_D.vhd
Note:     K='1'
Time: 390 ns  Iteration: 1  Process: /FF_JK_TB/testing_unit/main_process  File: C:/Users/HP G4/Desktop/LABORATORIOS DIGITAL/Grupo1_Lab7_2/Grupo1_Lab7_2.srcs/sources_1/new/FF_JK_D.vhd
Note:     internalQ='1'
Time: 390 ns  Iteration: 1  Process: /FF_JK_TB/testing_unit/main_process  File: C:/Users/HP G4/Desktop/LABORATORIOS DIGITAL/Grupo1_Lab7_2/Grupo1_Lab7_2.srcs/sources_1/new/FF_JK_D.vhd
Note: Tic tac.. testClock='1'
Time: 395 ns  Iteration: 0  Process: /FF_JK_TB/generate_100Mhzs_clock  File: C:/Users/HP G4/Desktop/LABORATORIOS DIGITAL/Grupo1_Lab7_2/Grupo1_Lab7_2.srcs/sim_1/new/FF_JK_TB.vhd
Note:     internalQ='0'
Time: 395 ns  Iteration: 1  Process: /FF_JK_TB/testing_unit/main_process  File: C:/Users/HP G4/Desktop/LABORATORIOS DIGITAL/Grupo1_Lab7_2/Grupo1_Lab7_2.srcs/sources_1/new/FF_JK_D.vhd
Note: Tic tac.. testClock='0'
Time: 400 ns  Iteration: 0  Process: /FF_JK_TB/generate_100Mhzs_clock  File: C:/Users/HP G4/Desktop/LABORATORIOS DIGITAL/Grupo1_Lab7_2/Grupo1_Lab7_2.srcs/sim_1/new/FF_JK_TB.vhd
Note: Procesando tic tac.. clock='1'
Time: 400 ns  Iteration: 1  Process: /FF_JK_TB/testing_unit/main_process  File: C:/Users/HP G4/Desktop/LABORATORIOS DIGITAL/Grupo1_Lab7_2/Grupo1_Lab7_2.srcs/sources_1/new/FF_JK_D.vhd
Note:     J='1'
Time: 400 ns  Iteration: 1  Process: /FF_JK_TB/testing_unit/main_process  File: C:/Users/HP G4/Desktop/LABORATORIOS DIGITAL/Grupo1_Lab7_2/Grupo1_Lab7_2.srcs/sources_1/new/FF_JK_D.vhd
Note:     K='1'
Time: 400 ns  Iteration: 1  Process: /FF_JK_TB/testing_unit/main_process  File: C:/Users/HP G4/Desktop/LABORATORIOS DIGITAL/Grupo1_Lab7_2/Grupo1_Lab7_2.srcs/sources_1/new/FF_JK_D.vhd
Note:     internalQ='0'
Time: 400 ns  Iteration: 1  Process: /FF_JK_TB/testing_unit/main_process  File: C:/Users/HP G4/Desktop/LABORATORIOS DIGITAL/Grupo1_Lab7_2/Grupo1_Lab7_2.srcs/sources_1/new/FF_JK_D.vhd
