#-----------------------------------------------------------
# Vivado v2018.3 (64-bit)
# SW Build 2405991 on Thu Dec  6 23:38:27 MST 2018
# IP Build 2404404 on Fri Dec  7 01:43:56 MST 2018
# Start of session at: Tue Nov  1 09:06:33 2022
# Process ID: 7032
# Current directory: C:/Users/HP G4/Desktop/LABORATORIOS DIGITAL/grupo1_Lab6B
# Command line: vivado.exe -gui_launcher_event rodinguilauncherevent6692 C:\Users\HP G4\Desktop\LABORATORIOS DIGITAL\grupo1_Lab6B\grupo1_Lab6B.xpr
# Log file: C:/Users/HP G4/Desktop/LABORATORIOS DIGITAL/grupo1_Lab6B/vivado.log
# Journal file: C:/Users/HP G4/Desktop/LABORATORIOS DIGITAL/grupo1_Lab6B\vivado.jou
#-----------------------------------------------------------
start_gui
open_project {C:/Users/HP G4/Desktop/LABORATORIOS DIGITAL/grupo1_Lab6B/grupo1_Lab6B.xpr}
Scanning sources...
Finished scanning sources
INFO: [IP_Flow 19-234] Refreshing IP repositories
INFO: [IP_Flow 19-1704] No user IP repositories specified
INFO: [IP_Flow 19-2313] Loaded Vivado IP repository 'C:/Xilinx/Vivado/2018.3/data/ip'.
open_project: Time (s): cpu = 00:00:27 ; elapsed = 00:00:14 . Memory (MB): peak = 758.312 ; gain = 156.754
update_compile_order -fileset sources_1
exit
INFO: [Common 17-206] Exiting Vivado at Tue Nov  1 22:14:42 2022...
